<?xml version="1.0" encoding="UTF-8"?>
<testsuites name="Suite de Pruebas" time="10" tests="0" failures="0" errors="7">
   <testsuite name="Suite de Pruebas" tests="0" failures="0" errors="7" time="10" timestamp="2019-02-26 21:14:15" hostname="angel - Angel" id="Test Suites/Suite de Pruebas">
      <properties>
         <property name="deviceName" value=""/>
         <property name="devicePlatform" value=""/>
         <property name="logFolder" value="C:\\Users\\angel\\git\\Qa-Katalon-tests\\Reports\\Suite de Pruebas\\20190226_211357"/>
         <property name="logFiles" value="C:\\Users\\angel\\git\\Qa-Katalon-tests\\Reports\\Suite de Pruebas\\20190226_211357\\execution0.log"/>
         <property name="attachments" value=""/>
         <property name="hostName" value="angel - Angel"/>
         <property name="hostAddress" value="192.168.153.1"/>
         <property name="os" value="Windows 10 64bit"/>
         <property name="katalonVersion" value="5.10.1.1"/>
         <property name="dbServerInfo" value="Microsoft SQL Server 13.00.4206"/>
      </properties>
      <testcase name="Test Cases/Editar datos bancarios" classname="Test Cases/Editar datos bancarios" status="ERROR">
         <error type="ERROR" message="Test Cases/Editar datos bancarios FAILED.
Reason:
org.codehaus.groovy.control.MultipleCompilationErrorsException: startup failed:
General error during class generation: java.lang.NoClassDefFoundError: Unable to load class AutomatedUpdateExample due to missing dependency TestLinkAPIException

java.lang.RuntimeException: java.lang.NoClassDefFoundError: Unable to load class AutomatedUpdateExample due to missing dependency TestLinkAPIException
	at org.codehaus.groovy.control.CompilationUnit.convertUncaughtExceptionToCompilationError(CompilationUnit.java:1089)
	at org.codehaus.groovy.control.CompilationUnit.applyToPrimaryClassNodes(CompilationUnit.java:1067)
	at org.codehaus.groovy.control.CompilationUnit.doPhaseOperation(CompilationUnit.java:591)
	at org.codehaus.groovy.control.CompilationUnit.processPhaseOperations(CompilationUnit.java:569)
	at org.codehaus.groovy.control.CompilationUnit.compile(CompilationUnit.java:546)
	at groovy.lang.GroovyClassLoader.doParseClass(GroovyClassLoader.java:298)
	at groovy.lang.GroovyClassLoader.parseClass(GroovyClassLoader.java:268)
	at com.kms.katalon.core.main.ScriptEngine.getScript(ScriptEngine.java:199)
	at com.kms.katalon.core.main.ScriptEngine.run(ScriptEngine.java:194)
	at com.kms.katalon.core.main.ScriptEngine.runScriptAsRawText(ScriptEngine.java:119)
	at com.kms.katalon.core.main.TestCaseExecutor.runScript(TestCaseExecutor.java:328)
	at com.kms.katalon.core.main.TestCaseExecutor.doExecute(TestCaseExecutor.java:319)
	at com.kms.katalon.core.main.TestCaseExecutor.processExecutionPhase(TestCaseExecutor.java:298)
	at com.kms.katalon.core.main.TestCaseExecutor.accessMainPhase(TestCaseExecutor.java:290)
	at com.kms.katalon.core.main.TestCaseExecutor.execute(TestCaseExecutor.java:224)
	at com.kms.katalon.core.main.TestSuiteExecutor.accessTestCaseMainPhase(TestSuiteExecutor.java:129)
	at com.kms.katalon.core.main.TestSuiteExecutor.accessTestSuiteMainPhase(TestSuiteExecutor.java:112)
	at com.kms.katalon.core.main.TestSuiteExecutor.execute(TestSuiteExecutor.java:81)
	at com.kms.katalon.core.main.TestCaseMain.startTestSuite(TestCaseMain.java:149)
	at com.kms.katalon.core.main.TestCaseMain$startTestSuite$0.call(Unknown Source)
	at org.codehaus.groovy.runtime.callsite.CallSiteArray.defaultCall(CallSiteArray.java:48)
	at org.codehaus.groovy.runtime.callsite.AbstractCallSite.call(AbstractCallSite.java:113)
	at org.codehaus.groovy.runtime.callsite.AbstractCallSite.call(AbstractCallSite.java:141)
	at TempTestSuite1551230042727.run(TempTestSuite1551230042727.groovy:36)
	at groovy.lang.GroovyShell.runScriptOrMainOrTestOrRunnable(GroovyShell.java:263)
	at groovy.lang.GroovyShell.run(GroovyShell.java:518)
	at groovy.lang.GroovyShell.run(GroovyShell.java:507)
	at groovy.ui.GroovyMain.processOnce(GroovyMain.java:653)
	at groovy.ui.GroovyMain.run(GroovyMain.java:384)
	at groovy.ui.GroovyMain.process(GroovyMain.java:370)
	at groovy.ui.GroovyMain.processArgs(GroovyMain.java:129)
	at groovy.ui.GroovyMain.main(GroovyMain.java:109)
	at sun.reflect.NativeMethodAccessorImpl.invoke0(Native Method)
	at sun.reflect.NativeMethodAccessorImpl.invoke(NativeMethodAccessorImpl.java:62)
	at sun.reflect.DelegatingMethodAccessorImpl.invoke(DelegatingMethodAccessorImpl.java:43)
	at java.lang.reflect.Method.invoke(Method.java:498)
	at org.codehaus.groovy.tools.GroovyStarter.rootLoader(GroovyStarter.java:109)
	at org.codehaus.groovy.tools.GroovyStarter.main(GroovyStarter.java:131)
Caused by: java.lang.NoClassDefFoundError: Unable to load class AutomatedUpdateExample due to missing dependency TestLinkAPIException
	at org.codehaus.groovy.vmplugin.v5.Java5.configureClassNode(Java5.java:392)
	at org.codehaus.groovy.ast.ClassNode.lazyClassInit(ClassNode.java:277)
	at org.codehaus.groovy.ast.ClassNode.getUnresolvedSuperClass(ClassNode.java:1006)
	at org.codehaus.groovy.ast.ClassNode.getUnresolvedSuperClass(ClassNode.java:1001)
	at org.codehaus.groovy.ast.ClassNode.getSuperClass(ClassNode.java:995)
	at org.codehaus.groovy.ast.ClassNode.isDerivedFrom(ClassNode.java:938)
	at org.codehaus.groovy.classgen.asm.InvocationWriter.castToNonPrimitiveIfNecessary(InvocationWriter.java:858)
	at org.codehaus.groovy.classgen.asm.OperandStack.doConvertAndCast(OperandStack.java:345)
	at org.codehaus.groovy.classgen.asm.OperandStack.doGroovyCast(OperandStack.java:282)
	at org.codehaus.groovy.classgen.asm.BinaryExpressionHelper.evaluateEqual(BinaryExpressionHelper.java:344)
	at org.codehaus.groovy.classgen.AsmClassGenerator.visitDeclarationExpression(AsmClassGenerator.java:633)
	at org.codehaus.groovy.ast.expr.DeclarationExpression.visit(DeclarationExpression.java:89)
	at org.codehaus.groovy.classgen.asm.StatementWriter.writeExpressionStatement(StatementWriter.java:612)
	at org.codehaus.groovy.classgen.asm.OptimizingStatementWriter.writeExpressionStatement(OptimizingStatementWriter.java:357)
	at org.codehaus.groovy.classgen.AsmClassGenerator.visitExpressionStatement(AsmClassGenerator.java:620)
	at org.codehaus.groovy.ast.stmt.ExpressionStatement.visit(ExpressionStatement.java:42)
	at org.codehaus.groovy.classgen.asm.StatementWriter.writeBlockStatement(StatementWriter.java:84)
	at org.codehaus.groovy.classgen.asm.OptimizingStatementWriter.writeBlockStatement(OptimizingStatementWriter.java:158)
	at org.codehaus.groovy.classgen.AsmClassGenerator.visitBlockStatement(AsmClassGenerator.java:566)
	at org.codehaus.groovy.ast.stmt.BlockStatement.visit(BlockStatement.java:71)
	at org.codehaus.groovy.ast.ClassCodeVisitorSupport.visitClassCodeContainer(ClassCodeVisitorSupport.java:104)
	at org.codehaus.groovy.ast.ClassCodeVisitorSupport.visitConstructorOrMethod(ClassCodeVisitorSupport.java:115)
	at org.codehaus.groovy.classgen.AsmClassGenerator.visitStdMethod(AsmClassGenerator.java:430)
	at org.codehaus.groovy.classgen.AsmClassGenerator.visitConstructorOrMethod(AsmClassGenerator.java:387)
	at org.codehaus.groovy.ast.ClassCodeVisitorSupport.visitMethod(ClassCodeVisitorSupport.java:126)
	at org.codehaus.groovy.classgen.AsmClassGenerator.visitMethod(AsmClassGenerator.java:507)
	at org.codehaus.groovy.ast.ClassNode.visitContents(ClassNode.java:1078)
	at org.codehaus.groovy.ast.ClassCodeVisitorSupport.visitClass(ClassCodeVisitorSupport.java:53)
	at org.codehaus.groovy.classgen.AsmClassGenerator.visitClass(AsmClassGenerator.java:233)
	at org.codehaus.groovy.control.CompilationUnit$16.call(CompilationUnit.java:813)
	at org.codehaus.groovy.control.CompilationUnit.applyToPrimaryClassNodes(CompilationUnit.java:1053)
	... 36 more

1 error

	at com.kms.katalon.core.main.ScriptEngine.getScript(ScriptEngine.java:199)
	at com.kms.katalon.core.main.ScriptEngine.run(ScriptEngine.java:194)
	at com.kms.katalon.core.main.ScriptEngine.runScriptAsRawText(ScriptEngine.java:119)
	at com.kms.katalon.core.main.TestCaseExecutor.runScript(TestCaseExecutor.java:328)
	at com.kms.katalon.core.main.TestCaseExecutor.doExecute(TestCaseExecutor.java:319)
	at com.kms.katalon.core.main.TestCaseExecutor.processExecutionPhase(TestCaseExecutor.java:298)
	at com.kms.katalon.core.main.TestCaseExecutor.accessMainPhase(TestCaseExecutor.java:290)
	at com.kms.katalon.core.main.TestCaseExecutor.execute(TestCaseExecutor.java:224)
	at com.kms.katalon.core.main.TestSuiteExecutor.accessTestCaseMainPhase(TestSuiteExecutor.java:129)
	at com.kms.katalon.core.main.TestSuiteExecutor.accessTestSuiteMainPhase(TestSuiteExecutor.java:112)
	at com.kms.katalon.core.main.TestSuiteExecutor.execute(TestSuiteExecutor.java:81)
	at com.kms.katalon.core.main.TestCaseMain.startTestSuite(TestCaseMain.java:149)
	at com.kms.katalon.core.main.TestCaseMain$startTestSuite$0.call(Unknown Source)
	at TempTestSuite1551230042727.run(TempTestSuite1551230042727.groovy:36)
"/>
         <system-out><![CDATA[2019-02-26 21:14:17 - [TEST_CASE][ERROR] - Test Cases/Editar datos bancarios: Test Cases/Editar datos bancarios FAILED.
Reason:
org.codehaus.groovy.control.MultipleCompilationErrorsException: startup failed:
General error during class generation: java.lang.NoClassDefFoundError: Unable to load class AutomatedUpdateExample due to missing dependency TestLinkAPIException

java.lang.RuntimeException: java.lang.NoClassDefFoundError: Unable to load class AutomatedUpdateExample due to missing dependency TestLinkAPIException
	at org.codehaus.groovy.control.CompilationUnit.convertUncaughtExceptionToCompilationError(CompilationUnit.java:1089)
	at org.codehaus.groovy.control.CompilationUnit.applyToPrimaryClassNodes(CompilationUnit.java:1067)
	at org.codehaus.groovy.control.CompilationUnit.doPhaseOperation(CompilationUnit.java:591)
	at org.codehaus.groovy.control.CompilationUnit.processPhaseOperations(CompilationUnit.java:569)
	at org.codehaus.groovy.control.CompilationUnit.compile(CompilationUnit.java:546)
	at groovy.lang.GroovyClassLoader.doParseClass(GroovyClassLoader.java:298)
	at groovy.lang.GroovyClassLoader.parseClass(GroovyClassLoader.java:268)
	at com.kms.katalon.core.main.ScriptEngine.getScript(ScriptEngine.java:199)
	at com.kms.katalon.core.main.ScriptEngine.run(ScriptEngine.java:194)
	at com.kms.katalon.core.main.ScriptEngine.runScriptAsRawText(ScriptEngine.java:119)
	at com.kms.katalon.core.main.TestCaseExecutor.runScript(TestCaseExecutor.java:328)
	at com.kms.katalon.core.main.TestCaseExecutor.doExecute(TestCaseExecutor.java:319)
	at com.kms.katalon.core.main.TestCaseExecutor.processExecutionPhase(TestCaseExecutor.java:298)
	at com.kms.katalon.core.main.TestCaseExecutor.accessMainPhase(TestCaseExecutor.java:290)
	at com.kms.katalon.core.main.TestCaseExecutor.execute(TestCaseExecutor.java:224)
	at com.kms.katalon.core.main.TestSuiteExecutor.accessTestCaseMainPhase(TestSuiteExecutor.java:129)
	at com.kms.katalon.core.main.TestSuiteExecutor.accessTestSuiteMainPhase(TestSuiteExecutor.java:112)
	at com.kms.katalon.core.main.TestSuiteExecutor.execute(TestSuiteExecutor.java:81)
	at com.kms.katalon.core.main.TestCaseMain.startTestSuite(TestCaseMain.java:149)
	at com.kms.katalon.core.main.TestCaseMain$startTestSuite$0.call(Unknown Source)
	at org.codehaus.groovy.runtime.callsite.CallSiteArray.defaultCall(CallSiteArray.java:48)
	at org.codehaus.groovy.runtime.callsite.AbstractCallSite.call(AbstractCallSite.java:113)
	at org.codehaus.groovy.runtime.callsite.AbstractCallSite.call(AbstractCallSite.java:141)
	at TempTestSuite1551230042727.run(TempTestSuite1551230042727.groovy:36)
	at groovy.lang.GroovyShell.runScriptOrMainOrTestOrRunnable(GroovyShell.java:263)
	at groovy.lang.GroovyShell.run(GroovyShell.java:518)
	at groovy.lang.GroovyShell.run(GroovyShell.java:507)
	at groovy.ui.GroovyMain.processOnce(GroovyMain.java:653)
	at groovy.ui.GroovyMain.run(GroovyMain.java:384)
	at groovy.ui.GroovyMain.process(GroovyMain.java:370)
	at groovy.ui.GroovyMain.processArgs(GroovyMain.java:129)
	at groovy.ui.GroovyMain.main(GroovyMain.java:109)
	at sun.reflect.NativeMethodAccessorImpl.invoke0(Native Method)
	at sun.reflect.NativeMethodAccessorImpl.invoke(NativeMethodAccessorImpl.java:62)
	at sun.reflect.DelegatingMethodAccessorImpl.invoke(DelegatingMethodAccessorImpl.java:43)
	at java.lang.reflect.Method.invoke(Method.java:498)
	at org.codehaus.groovy.tools.GroovyStarter.rootLoader(GroovyStarter.java:109)
	at org.codehaus.groovy.tools.GroovyStarter.main(GroovyStarter.java:131)
Caused by: java.lang.NoClassDefFoundError: Unable to load class AutomatedUpdateExample due to missing dependency TestLinkAPIException
	at org.codehaus.groovy.vmplugin.v5.Java5.configureClassNode(Java5.java:392)
	at org.codehaus.groovy.ast.ClassNode.lazyClassInit(ClassNode.java:277)
	at org.codehaus.groovy.ast.ClassNode.getUnresolvedSuperClass(ClassNode.java:1006)
	at org.codehaus.groovy.ast.ClassNode.getUnresolvedSuperClass(ClassNode.java:1001)
	at org.codehaus.groovy.ast.ClassNode.getSuperClass(ClassNode.java:995)
	at org.codehaus.groovy.ast.ClassNode.isDerivedFrom(ClassNode.java:938)
	at org.codehaus.groovy.classgen.asm.InvocationWriter.castToNonPrimitiveIfNecessary(InvocationWriter.java:858)
	at org.codehaus.groovy.classgen.asm.OperandStack.doConvertAndCast(OperandStack.java:345)
	at org.codehaus.groovy.classgen.asm.OperandStack.doGroovyCast(OperandStack.java:282)
	at org.codehaus.groovy.classgen.asm.BinaryExpressionHelper.evaluateEqual(BinaryExpressionHelper.java:344)
	at org.codehaus.groovy.classgen.AsmClassGenerator.visitDeclarationExpression(AsmClassGenerator.java:633)
	at org.codehaus.groovy.ast.expr.DeclarationExpression.visit(DeclarationExpression.java:89)
	at org.codehaus.groovy.classgen.asm.StatementWriter.writeExpressionStatement(StatementWriter.java:612)
	at org.codehaus.groovy.classgen.asm.OptimizingStatementWriter.writeExpressionStatement(OptimizingStatementWriter.java:357)
	at org.codehaus.groovy.classgen.AsmClassGenerator.visitExpressionStatement(AsmClassGenerator.java:620)
	at org.codehaus.groovy.ast.stmt.ExpressionStatement.visit(ExpressionStatement.java:42)
	at org.codehaus.groovy.classgen.asm.StatementWriter.writeBlockStatement(StatementWriter.java:84)
	at org.codehaus.groovy.classgen.asm.OptimizingStatementWriter.writeBlockStatement(OptimizingStatementWriter.java:158)
	at org.codehaus.groovy.classgen.AsmClassGenerator.visitBlockStatement(AsmClassGenerator.java:566)
	at org.codehaus.groovy.ast.stmt.BlockStatement.visit(BlockStatement.java:71)
	at org.codehaus.groovy.ast.ClassCodeVisitorSupport.visitClassCodeContainer(ClassCodeVisitorSupport.java:104)
	at org.codehaus.groovy.ast.ClassCodeVisitorSupport.visitConstructorOrMethod(ClassCodeVisitorSupport.java:115)
	at org.codehaus.groovy.classgen.AsmClassGenerator.visitStdMethod(AsmClassGenerator.java:430)
	at org.codehaus.groovy.classgen.AsmClassGenerator.visitConstructorOrMethod(AsmClassGenerator.java:387)
	at org.codehaus.groovy.ast.ClassCodeVisitorSupport.visitMethod(ClassCodeVisitorSupport.java:126)
	at org.codehaus.groovy.classgen.AsmClassGenerator.visitMethod(AsmClassGenerator.java:507)
	at org.codehaus.groovy.ast.ClassNode.visitContents(ClassNode.java:1078)
	at org.codehaus.groovy.ast.ClassCodeVisitorSupport.visitClass(ClassCodeVisitorSupport.java:53)
	at org.codehaus.groovy.classgen.AsmClassGenerator.visitClass(AsmClassGenerator.java:233)
	at org.codehaus.groovy.control.CompilationUnit$16.call(CompilationUnit.java:813)
	at org.codehaus.groovy.control.CompilationUnit.applyToPrimaryClassNodes(CompilationUnit.java:1053)
	... 36 more

1 error

	at com.kms.katalon.core.main.ScriptEngine.getScript(ScriptEngine.java:199)
	at com.kms.katalon.core.main.ScriptEngine.run(ScriptEngine.java:194)
	at com.kms.katalon.core.main.ScriptEngine.runScriptAsRawText(ScriptEngine.java:119)
	at com.kms.katalon.core.main.TestCaseExecutor.runScript(TestCaseExecutor.java:328)
	at com.kms.katalon.core.main.TestCaseExecutor.doExecute(TestCaseExecutor.java:319)
	at com.kms.katalon.core.main.TestCaseExecutor.processExecutionPhase(TestCaseExecutor.java:298)
	at com.kms.katalon.core.main.TestCaseExecutor.accessMainPhase(TestCaseExecutor.java:290)
	at com.kms.katalon.core.main.TestCaseExecutor.execute(TestCaseExecutor.java:224)
	at com.kms.katalon.core.main.TestSuiteExecutor.accessTestCaseMainPhase(TestSuiteExecutor.java:129)
	at com.kms.katalon.core.main.TestSuiteExecutor.accessTestSuiteMainPhase(TestSuiteExecutor.java:112)
	at com.kms.katalon.core.main.TestSuiteExecutor.execute(TestSuiteExecutor.java:81)
	at com.kms.katalon.core.main.TestCaseMain.startTestSuite(TestCaseMain.java:149)
	at com.kms.katalon.core.main.TestCaseMain$startTestSuite$0.call(Unknown Source)
	at TempTestSuite1551230042727.run(TempTestSuite1551230042727.groovy:36)]]></system-out>
         <system-err><![CDATA[2019-02-26 21:14:17 - [TEST_CASE][ERROR] - Test Cases/Editar datos bancarios: Test Cases/Editar datos bancarios FAILED.
Reason:
org.codehaus.groovy.control.MultipleCompilationErrorsException: startup failed:
General error during class generation: java.lang.NoClassDefFoundError: Unable to load class AutomatedUpdateExample due to missing dependency TestLinkAPIException

java.lang.RuntimeException: java.lang.NoClassDefFoundError: Unable to load class AutomatedUpdateExample due to missing dependency TestLinkAPIException
	at org.codehaus.groovy.control.CompilationUnit.convertUncaughtExceptionToCompilationError(CompilationUnit.java:1089)
	at org.codehaus.groovy.control.CompilationUnit.applyToPrimaryClassNodes(CompilationUnit.java:1067)
	at org.codehaus.groovy.control.CompilationUnit.doPhaseOperation(CompilationUnit.java:591)
	at org.codehaus.groovy.control.CompilationUnit.processPhaseOperations(CompilationUnit.java:569)
	at org.codehaus.groovy.control.CompilationUnit.compile(CompilationUnit.java:546)
	at groovy.lang.GroovyClassLoader.doParseClass(GroovyClassLoader.java:298)
	at groovy.lang.GroovyClassLoader.parseClass(GroovyClassLoader.java:268)
	at com.kms.katalon.core.main.ScriptEngine.getScript(ScriptEngine.java:199)
	at com.kms.katalon.core.main.ScriptEngine.run(ScriptEngine.java:194)
	at com.kms.katalon.core.main.ScriptEngine.runScriptAsRawText(ScriptEngine.java:119)
	at com.kms.katalon.core.main.TestCaseExecutor.runScript(TestCaseExecutor.java:328)
	at com.kms.katalon.core.main.TestCaseExecutor.doExecute(TestCaseExecutor.java:319)
	at com.kms.katalon.core.main.TestCaseExecutor.processExecutionPhase(TestCaseExecutor.java:298)
	at com.kms.katalon.core.main.TestCaseExecutor.accessMainPhase(TestCaseExecutor.java:290)
	at com.kms.katalon.core.main.TestCaseExecutor.execute(TestCaseExecutor.java:224)
	at com.kms.katalon.core.main.TestSuiteExecutor.accessTestCaseMainPhase(TestSuiteExecutor.java:129)
	at com.kms.katalon.core.main.TestSuiteExecutor.accessTestSuiteMainPhase(TestSuiteExecutor.java:112)
	at com.kms.katalon.core.main.TestSuiteExecutor.execute(TestSuiteExecutor.java:81)
	at com.kms.katalon.core.main.TestCaseMain.startTestSuite(TestCaseMain.java:149)
	at com.kms.katalon.core.main.TestCaseMain$startTestSuite$0.call(Unknown Source)
	at org.codehaus.groovy.runtime.callsite.CallSiteArray.defaultCall(CallSiteArray.java:48)
	at org.codehaus.groovy.runtime.callsite.AbstractCallSite.call(AbstractCallSite.java:113)
	at org.codehaus.groovy.runtime.callsite.AbstractCallSite.call(AbstractCallSite.java:141)
	at TempTestSuite1551230042727.run(TempTestSuite1551230042727.groovy:36)
	at groovy.lang.GroovyShell.runScriptOrMainOrTestOrRunnable(GroovyShell.java:263)
	at groovy.lang.GroovyShell.run(GroovyShell.java:518)
	at groovy.lang.GroovyShell.run(GroovyShell.java:507)
	at groovy.ui.GroovyMain.processOnce(GroovyMain.java:653)
	at groovy.ui.GroovyMain.run(GroovyMain.java:384)
	at groovy.ui.GroovyMain.process(GroovyMain.java:370)
	at groovy.ui.GroovyMain.processArgs(GroovyMain.java:129)
	at groovy.ui.GroovyMain.main(GroovyMain.java:109)
	at sun.reflect.NativeMethodAccessorImpl.invoke0(Native Method)
	at sun.reflect.NativeMethodAccessorImpl.invoke(NativeMethodAccessorImpl.java:62)
	at sun.reflect.DelegatingMethodAccessorImpl.invoke(DelegatingMethodAccessorImpl.java:43)
	at java.lang.reflect.Method.invoke(Method.java:498)
	at org.codehaus.groovy.tools.GroovyStarter.rootLoader(GroovyStarter.java:109)
	at org.codehaus.groovy.tools.GroovyStarter.main(GroovyStarter.java:131)
Caused by: java.lang.NoClassDefFoundError: Unable to load class AutomatedUpdateExample due to missing dependency TestLinkAPIException
	at org.codehaus.groovy.vmplugin.v5.Java5.configureClassNode(Java5.java:392)
	at org.codehaus.groovy.ast.ClassNode.lazyClassInit(ClassNode.java:277)
	at org.codehaus.groovy.ast.ClassNode.getUnresolvedSuperClass(ClassNode.java:1006)
	at org.codehaus.groovy.ast.ClassNode.getUnresolvedSuperClass(ClassNode.java:1001)
	at org.codehaus.groovy.ast.ClassNode.getSuperClass(ClassNode.java:995)
	at org.codehaus.groovy.ast.ClassNode.isDerivedFrom(ClassNode.java:938)
	at org.codehaus.groovy.classgen.asm.InvocationWriter.castToNonPrimitiveIfNecessary(InvocationWriter.java:858)
	at org.codehaus.groovy.classgen.asm.OperandStack.doConvertAndCast(OperandStack.java:345)
	at org.codehaus.groovy.classgen.asm.OperandStack.doGroovyCast(OperandStack.java:282)
	at org.codehaus.groovy.classgen.asm.BinaryExpressionHelper.evaluateEqual(BinaryExpressionHelper.java:344)
	at org.codehaus.groovy.classgen.AsmClassGenerator.visitDeclarationExpression(AsmClassGenerator.java:633)
	at org.codehaus.groovy.ast.expr.DeclarationExpression.visit(DeclarationExpression.java:89)
	at org.codehaus.groovy.classgen.asm.StatementWriter.writeExpressionStatement(StatementWriter.java:612)
	at org.codehaus.groovy.classgen.asm.OptimizingStatementWriter.writeExpressionStatement(OptimizingStatementWriter.java:357)
	at org.codehaus.groovy.classgen.AsmClassGenerator.visitExpressionStatement(AsmClassGenerator.java:620)
	at org.codehaus.groovy.ast.stmt.ExpressionStatement.visit(ExpressionStatement.java:42)
	at org.codehaus.groovy.classgen.asm.StatementWriter.writeBlockStatement(StatementWriter.java:84)
	at org.codehaus.groovy.classgen.asm.OptimizingStatementWriter.writeBlockStatement(OptimizingStatementWriter.java:158)
	at org.codehaus.groovy.classgen.AsmClassGenerator.visitBlockStatement(AsmClassGenerator.java:566)
	at org.codehaus.groovy.ast.stmt.BlockStatement.visit(BlockStatement.java:71)
	at org.codehaus.groovy.ast.ClassCodeVisitorSupport.visitClassCodeContainer(ClassCodeVisitorSupport.java:104)
	at org.codehaus.groovy.ast.ClassCodeVisitorSupport.visitConstructorOrMethod(ClassCodeVisitorSupport.java:115)
	at org.codehaus.groovy.classgen.AsmClassGenerator.visitStdMethod(AsmClassGenerator.java:430)
	at org.codehaus.groovy.classgen.AsmClassGenerator.visitConstructorOrMethod(AsmClassGenerator.java:387)
	at org.codehaus.groovy.ast.ClassCodeVisitorSupport.visitMethod(ClassCodeVisitorSupport.java:126)
	at org.codehaus.groovy.classgen.AsmClassGenerator.visitMethod(AsmClassGenerator.java:507)
	at org.codehaus.groovy.ast.ClassNode.visitContents(ClassNode.java:1078)
	at org.codehaus.groovy.ast.ClassCodeVisitorSupport.visitClass(ClassCodeVisitorSupport.java:53)
	at org.codehaus.groovy.classgen.AsmClassGenerator.visitClass(AsmClassGenerator.java:233)
	at org.codehaus.groovy.control.CompilationUnit$16.call(CompilationUnit.java:813)
	at org.codehaus.groovy.control.CompilationUnit.applyToPrimaryClassNodes(CompilationUnit.java:1053)
	... 36 more

1 error

	at com.kms.katalon.core.main.ScriptEngine.getScript(ScriptEngine.java:199)
	at com.kms.katalon.core.main.ScriptEngine.run(ScriptEngine.java:194)
	at com.kms.katalon.core.main.ScriptEngine.runScriptAsRawText(ScriptEngine.java:119)
	at com.kms.katalon.core.main.TestCaseExecutor.runScript(TestCaseExecutor.java:328)
	at com.kms.katalon.core.main.TestCaseExecutor.doExecute(TestCaseExecutor.java:319)
	at com.kms.katalon.core.main.TestCaseExecutor.processExecutionPhase(TestCaseExecutor.java:298)
	at com.kms.katalon.core.main.TestCaseExecutor.accessMainPhase(TestCaseExecutor.java:290)
	at com.kms.katalon.core.main.TestCaseExecutor.execute(TestCaseExecutor.java:224)
	at com.kms.katalon.core.main.TestSuiteExecutor.accessTestCaseMainPhase(TestSuiteExecutor.java:129)
	at com.kms.katalon.core.main.TestSuiteExecutor.accessTestSuiteMainPhase(TestSuiteExecutor.java:112)
	at com.kms.katalon.core.main.TestSuiteExecutor.execute(TestSuiteExecutor.java:81)
	at com.kms.katalon.core.main.TestCaseMain.startTestSuite(TestCaseMain.java:149)
	at com.kms.katalon.core.main.TestCaseMain$startTestSuite$0.call(Unknown Source)
	at TempTestSuite1551230042727.run(TempTestSuite1551230042727.groovy:36)]]></system-err>
      </testcase>
      <testcase name="Test Cases/Editar datos bancarios" classname="Test Cases/Editar datos bancarios" status="ERROR">
         <error type="ERROR" message="Test Cases/Editar datos bancarios FAILED.
Reason:
org.codehaus.groovy.control.MultipleCompilationErrorsException: startup failed:
General error during class generation: java.lang.NoClassDefFoundError: Unable to load class AutomatedUpdateExample due to missing dependency TestLinkAPIException

java.lang.RuntimeException: java.lang.NoClassDefFoundError: Unable to load class AutomatedUpdateExample due to missing dependency TestLinkAPIException
	at org.codehaus.groovy.control.CompilationUnit.convertUncaughtExceptionToCompilationError(CompilationUnit.java:1089)
	at org.codehaus.groovy.control.CompilationUnit.applyToPrimaryClassNodes(CompilationUnit.java:1067)
	at org.codehaus.groovy.control.CompilationUnit.doPhaseOperation(CompilationUnit.java:591)
	at org.codehaus.groovy.control.CompilationUnit.processPhaseOperations(CompilationUnit.java:569)
	at org.codehaus.groovy.control.CompilationUnit.compile(CompilationUnit.java:546)
	at groovy.lang.GroovyClassLoader.doParseClass(GroovyClassLoader.java:298)
	at groovy.lang.GroovyClassLoader.parseClass(GroovyClassLoader.java:268)
	at com.kms.katalon.core.main.ScriptEngine.getScript(ScriptEngine.java:199)
	at com.kms.katalon.core.main.ScriptEngine.run(ScriptEngine.java:194)
	at com.kms.katalon.core.main.ScriptEngine.runScriptAsRawText(ScriptEngine.java:119)
	at com.kms.katalon.core.main.TestCaseExecutor.runScript(TestCaseExecutor.java:328)
	at com.kms.katalon.core.main.TestCaseExecutor.doExecute(TestCaseExecutor.java:319)
	at com.kms.katalon.core.main.TestCaseExecutor.processExecutionPhase(TestCaseExecutor.java:298)
	at com.kms.katalon.core.main.TestCaseExecutor.accessMainPhase(TestCaseExecutor.java:290)
	at com.kms.katalon.core.main.TestCaseExecutor.execute(TestCaseExecutor.java:224)
	at com.kms.katalon.core.main.TestSuiteExecutor.accessTestCaseMainPhase(TestSuiteExecutor.java:129)
	at com.kms.katalon.core.main.TestSuiteExecutor.accessTestSuiteMainPhase(TestSuiteExecutor.java:112)
	at com.kms.katalon.core.main.TestSuiteExecutor.execute(TestSuiteExecutor.java:81)
	at com.kms.katalon.core.main.TestCaseMain.startTestSuite(TestCaseMain.java:149)
	at com.kms.katalon.core.main.TestCaseMain$startTestSuite$0.call(Unknown Source)
	at org.codehaus.groovy.runtime.callsite.CallSiteArray.defaultCall(CallSiteArray.java:48)
	at org.codehaus.groovy.runtime.callsite.AbstractCallSite.call(AbstractCallSite.java:113)
	at org.codehaus.groovy.runtime.callsite.AbstractCallSite.call(AbstractCallSite.java:141)
	at TempTestSuite1551230042727.run(TempTestSuite1551230042727.groovy:36)
	at groovy.lang.GroovyShell.runScriptOrMainOrTestOrRunnable(GroovyShell.java:263)
	at groovy.lang.GroovyShell.run(GroovyShell.java:518)
	at groovy.lang.GroovyShell.run(GroovyShell.java:507)
	at groovy.ui.GroovyMain.processOnce(GroovyMain.java:653)
	at groovy.ui.GroovyMain.run(GroovyMain.java:384)
	at groovy.ui.GroovyMain.process(GroovyMain.java:370)
	at groovy.ui.GroovyMain.processArgs(GroovyMain.java:129)
	at groovy.ui.GroovyMain.main(GroovyMain.java:109)
	at sun.reflect.NativeMethodAccessorImpl.invoke0(Native Method)
	at sun.reflect.NativeMethodAccessorImpl.invoke(NativeMethodAccessorImpl.java:62)
	at sun.reflect.DelegatingMethodAccessorImpl.invoke(DelegatingMethodAccessorImpl.java:43)
	at java.lang.reflect.Method.invoke(Method.java:498)
	at org.codehaus.groovy.tools.GroovyStarter.rootLoader(GroovyStarter.java:109)
	at org.codehaus.groovy.tools.GroovyStarter.main(GroovyStarter.java:131)
Caused by: java.lang.NoClassDefFoundError: Unable to load class AutomatedUpdateExample due to missing dependency TestLinkAPIException
	at org.codehaus.groovy.vmplugin.v5.Java5.configureClassNode(Java5.java:392)
	at org.codehaus.groovy.ast.ClassNode.lazyClassInit(ClassNode.java:277)
	at org.codehaus.groovy.ast.ClassNode.getUnresolvedSuperClass(ClassNode.java:1006)
	at org.codehaus.groovy.ast.ClassNode.getUnresolvedSuperClass(ClassNode.java:1001)
	at org.codehaus.groovy.ast.ClassNode.getSuperClass(ClassNode.java:995)
	at org.codehaus.groovy.ast.ClassNode.isDerivedFrom(ClassNode.java:938)
	at org.codehaus.groovy.classgen.asm.InvocationWriter.castToNonPrimitiveIfNecessary(InvocationWriter.java:858)
	at org.codehaus.groovy.classgen.asm.OperandStack.doConvertAndCast(OperandStack.java:345)
	at org.codehaus.groovy.classgen.asm.OperandStack.doGroovyCast(OperandStack.java:282)
	at org.codehaus.groovy.classgen.asm.BinaryExpressionHelper.evaluateEqual(BinaryExpressionHelper.java:344)
	at org.codehaus.groovy.classgen.AsmClassGenerator.visitDeclarationExpression(AsmClassGenerator.java:633)
	at org.codehaus.groovy.ast.expr.DeclarationExpression.visit(DeclarationExpression.java:89)
	at org.codehaus.groovy.classgen.asm.StatementWriter.writeExpressionStatement(StatementWriter.java:612)
	at org.codehaus.groovy.classgen.asm.OptimizingStatementWriter.writeExpressionStatement(OptimizingStatementWriter.java:357)
	at org.codehaus.groovy.classgen.AsmClassGenerator.visitExpressionStatement(AsmClassGenerator.java:620)
	at org.codehaus.groovy.ast.stmt.ExpressionStatement.visit(ExpressionStatement.java:42)
	at org.codehaus.groovy.classgen.asm.StatementWriter.writeBlockStatement(StatementWriter.java:84)
	at org.codehaus.groovy.classgen.asm.OptimizingStatementWriter.writeBlockStatement(OptimizingStatementWriter.java:158)
	at org.codehaus.groovy.classgen.AsmClassGenerator.visitBlockStatement(AsmClassGenerator.java:566)
	at org.codehaus.groovy.ast.stmt.BlockStatement.visit(BlockStatement.java:71)
	at org.codehaus.groovy.ast.ClassCodeVisitorSupport.visitClassCodeContainer(ClassCodeVisitorSupport.java:104)
	at org.codehaus.groovy.ast.ClassCodeVisitorSupport.visitConstructorOrMethod(ClassCodeVisitorSupport.java:115)
	at org.codehaus.groovy.classgen.AsmClassGenerator.visitStdMethod(AsmClassGenerator.java:430)
	at org.codehaus.groovy.classgen.AsmClassGenerator.visitConstructorOrMethod(AsmClassGenerator.java:387)
	at org.codehaus.groovy.ast.ClassCodeVisitorSupport.visitMethod(ClassCodeVisitorSupport.java:126)
	at org.codehaus.groovy.classgen.AsmClassGenerator.visitMethod(AsmClassGenerator.java:507)
	at org.codehaus.groovy.ast.ClassNode.visitContents(ClassNode.java:1078)
	at org.codehaus.groovy.ast.ClassCodeVisitorSupport.visitClass(ClassCodeVisitorSupport.java:53)
	at org.codehaus.groovy.classgen.AsmClassGenerator.visitClass(AsmClassGenerator.java:233)
	at org.codehaus.groovy.control.CompilationUnit$16.call(CompilationUnit.java:813)
	at org.codehaus.groovy.control.CompilationUnit.applyToPrimaryClassNodes(CompilationUnit.java:1053)
	... 36 more

1 error

	at com.kms.katalon.core.main.ScriptEngine.getScript(ScriptEngine.java:199)
	at com.kms.katalon.core.main.ScriptEngine.run(ScriptEngine.java:194)
	at com.kms.katalon.core.main.ScriptEngine.runScriptAsRawText(ScriptEngine.java:119)
	at com.kms.katalon.core.main.TestCaseExecutor.runScript(TestCaseExecutor.java:328)
	at com.kms.katalon.core.main.TestCaseExecutor.doExecute(TestCaseExecutor.java:319)
	at com.kms.katalon.core.main.TestCaseExecutor.processExecutionPhase(TestCaseExecutor.java:298)
	at com.kms.katalon.core.main.TestCaseExecutor.accessMainPhase(TestCaseExecutor.java:290)
	at com.kms.katalon.core.main.TestCaseExecutor.execute(TestCaseExecutor.java:224)
	at com.kms.katalon.core.main.TestSuiteExecutor.accessTestCaseMainPhase(TestSuiteExecutor.java:129)
	at com.kms.katalon.core.main.TestSuiteExecutor.accessTestSuiteMainPhase(TestSuiteExecutor.java:112)
	at com.kms.katalon.core.main.TestSuiteExecutor.execute(TestSuiteExecutor.java:81)
	at com.kms.katalon.core.main.TestCaseMain.startTestSuite(TestCaseMain.java:149)
	at com.kms.katalon.core.main.TestCaseMain$startTestSuite$0.call(Unknown Source)
	at TempTestSuite1551230042727.run(TempTestSuite1551230042727.groovy:36)
"/>
         <system-out><![CDATA[2019-02-26 21:14:19 - [TEST_CASE][ERROR] - Test Cases/Editar datos bancarios: Test Cases/Editar datos bancarios FAILED.
Reason:
org.codehaus.groovy.control.MultipleCompilationErrorsException: startup failed:
General error during class generation: java.lang.NoClassDefFoundError: Unable to load class AutomatedUpdateExample due to missing dependency TestLinkAPIException

java.lang.RuntimeException: java.lang.NoClassDefFoundError: Unable to load class AutomatedUpdateExample due to missing dependency TestLinkAPIException
	at org.codehaus.groovy.control.CompilationUnit.convertUncaughtExceptionToCompilationError(CompilationUnit.java:1089)
	at org.codehaus.groovy.control.CompilationUnit.applyToPrimaryClassNodes(CompilationUnit.java:1067)
	at org.codehaus.groovy.control.CompilationUnit.doPhaseOperation(CompilationUnit.java:591)
	at org.codehaus.groovy.control.CompilationUnit.processPhaseOperations(CompilationUnit.java:569)
	at org.codehaus.groovy.control.CompilationUnit.compile(CompilationUnit.java:546)
	at groovy.lang.GroovyClassLoader.doParseClass(GroovyClassLoader.java:298)
	at groovy.lang.GroovyClassLoader.parseClass(GroovyClassLoader.java:268)
	at com.kms.katalon.core.main.ScriptEngine.getScript(ScriptEngine.java:199)
	at com.kms.katalon.core.main.ScriptEngine.run(ScriptEngine.java:194)
	at com.kms.katalon.core.main.ScriptEngine.runScriptAsRawText(ScriptEngine.java:119)
	at com.kms.katalon.core.main.TestCaseExecutor.runScript(TestCaseExecutor.java:328)
	at com.kms.katalon.core.main.TestCaseExecutor.doExecute(TestCaseExecutor.java:319)
	at com.kms.katalon.core.main.TestCaseExecutor.processExecutionPhase(TestCaseExecutor.java:298)
	at com.kms.katalon.core.main.TestCaseExecutor.accessMainPhase(TestCaseExecutor.java:290)
	at com.kms.katalon.core.main.TestCaseExecutor.execute(TestCaseExecutor.java:224)
	at com.kms.katalon.core.main.TestSuiteExecutor.accessTestCaseMainPhase(TestSuiteExecutor.java:129)
	at com.kms.katalon.core.main.TestSuiteExecutor.accessTestSuiteMainPhase(TestSuiteExecutor.java:112)
	at com.kms.katalon.core.main.TestSuiteExecutor.execute(TestSuiteExecutor.java:81)
	at com.kms.katalon.core.main.TestCaseMain.startTestSuite(TestCaseMain.java:149)
	at com.kms.katalon.core.main.TestCaseMain$startTestSuite$0.call(Unknown Source)
	at org.codehaus.groovy.runtime.callsite.CallSiteArray.defaultCall(CallSiteArray.java:48)
	at org.codehaus.groovy.runtime.callsite.AbstractCallSite.call(AbstractCallSite.java:113)
	at org.codehaus.groovy.runtime.callsite.AbstractCallSite.call(AbstractCallSite.java:141)
	at TempTestSuite1551230042727.run(TempTestSuite1551230042727.groovy:36)
	at groovy.lang.GroovyShell.runScriptOrMainOrTestOrRunnable(GroovyShell.java:263)
	at groovy.lang.GroovyShell.run(GroovyShell.java:518)
	at groovy.lang.GroovyShell.run(GroovyShell.java:507)
	at groovy.ui.GroovyMain.processOnce(GroovyMain.java:653)
	at groovy.ui.GroovyMain.run(GroovyMain.java:384)
	at groovy.ui.GroovyMain.process(GroovyMain.java:370)
	at groovy.ui.GroovyMain.processArgs(GroovyMain.java:129)
	at groovy.ui.GroovyMain.main(GroovyMain.java:109)
	at sun.reflect.NativeMethodAccessorImpl.invoke0(Native Method)
	at sun.reflect.NativeMethodAccessorImpl.invoke(NativeMethodAccessorImpl.java:62)
	at sun.reflect.DelegatingMethodAccessorImpl.invoke(DelegatingMethodAccessorImpl.java:43)
	at java.lang.reflect.Method.invoke(Method.java:498)
	at org.codehaus.groovy.tools.GroovyStarter.rootLoader(GroovyStarter.java:109)
	at org.codehaus.groovy.tools.GroovyStarter.main(GroovyStarter.java:131)
Caused by: java.lang.NoClassDefFoundError: Unable to load class AutomatedUpdateExample due to missing dependency TestLinkAPIException
	at org.codehaus.groovy.vmplugin.v5.Java5.configureClassNode(Java5.java:392)
	at org.codehaus.groovy.ast.ClassNode.lazyClassInit(ClassNode.java:277)
	at org.codehaus.groovy.ast.ClassNode.getUnresolvedSuperClass(ClassNode.java:1006)
	at org.codehaus.groovy.ast.ClassNode.getUnresolvedSuperClass(ClassNode.java:1001)
	at org.codehaus.groovy.ast.ClassNode.getSuperClass(ClassNode.java:995)
	at org.codehaus.groovy.ast.ClassNode.isDerivedFrom(ClassNode.java:938)
	at org.codehaus.groovy.classgen.asm.InvocationWriter.castToNonPrimitiveIfNecessary(InvocationWriter.java:858)
	at org.codehaus.groovy.classgen.asm.OperandStack.doConvertAndCast(OperandStack.java:345)
	at org.codehaus.groovy.classgen.asm.OperandStack.doGroovyCast(OperandStack.java:282)
	at org.codehaus.groovy.classgen.asm.BinaryExpressionHelper.evaluateEqual(BinaryExpressionHelper.java:344)
	at org.codehaus.groovy.classgen.AsmClassGenerator.visitDeclarationExpression(AsmClassGenerator.java:633)
	at org.codehaus.groovy.ast.expr.DeclarationExpression.visit(DeclarationExpression.java:89)
	at org.codehaus.groovy.classgen.asm.StatementWriter.writeExpressionStatement(StatementWriter.java:612)
	at org.codehaus.groovy.classgen.asm.OptimizingStatementWriter.writeExpressionStatement(OptimizingStatementWriter.java:357)
	at org.codehaus.groovy.classgen.AsmClassGenerator.visitExpressionStatement(AsmClassGenerator.java:620)
	at org.codehaus.groovy.ast.stmt.ExpressionStatement.visit(ExpressionStatement.java:42)
	at org.codehaus.groovy.classgen.asm.StatementWriter.writeBlockStatement(StatementWriter.java:84)
	at org.codehaus.groovy.classgen.asm.OptimizingStatementWriter.writeBlockStatement(OptimizingStatementWriter.java:158)
	at org.codehaus.groovy.classgen.AsmClassGenerator.visitBlockStatement(AsmClassGenerator.java:566)
	at org.codehaus.groovy.ast.stmt.BlockStatement.visit(BlockStatement.java:71)
	at org.codehaus.groovy.ast.ClassCodeVisitorSupport.visitClassCodeContainer(ClassCodeVisitorSupport.java:104)
	at org.codehaus.groovy.ast.ClassCodeVisitorSupport.visitConstructorOrMethod(ClassCodeVisitorSupport.java:115)
	at org.codehaus.groovy.classgen.AsmClassGenerator.visitStdMethod(AsmClassGenerator.java:430)
	at org.codehaus.groovy.classgen.AsmClassGenerator.visitConstructorOrMethod(AsmClassGenerator.java:387)
	at org.codehaus.groovy.ast.ClassCodeVisitorSupport.visitMethod(ClassCodeVisitorSupport.java:126)
	at org.codehaus.groovy.classgen.AsmClassGenerator.visitMethod(AsmClassGenerator.java:507)
	at org.codehaus.groovy.ast.ClassNode.visitContents(ClassNode.java:1078)
	at org.codehaus.groovy.ast.ClassCodeVisitorSupport.visitClass(ClassCodeVisitorSupport.java:53)
	at org.codehaus.groovy.classgen.AsmClassGenerator.visitClass(AsmClassGenerator.java:233)
	at org.codehaus.groovy.control.CompilationUnit$16.call(CompilationUnit.java:813)
	at org.codehaus.groovy.control.CompilationUnit.applyToPrimaryClassNodes(CompilationUnit.java:1053)
	... 36 more

1 error

	at com.kms.katalon.core.main.ScriptEngine.getScript(ScriptEngine.java:199)
	at com.kms.katalon.core.main.ScriptEngine.run(ScriptEngine.java:194)
	at com.kms.katalon.core.main.ScriptEngine.runScriptAsRawText(ScriptEngine.java:119)
	at com.kms.katalon.core.main.TestCaseExecutor.runScript(TestCaseExecutor.java:328)
	at com.kms.katalon.core.main.TestCaseExecutor.doExecute(TestCaseExecutor.java:319)
	at com.kms.katalon.core.main.TestCaseExecutor.processExecutionPhase(TestCaseExecutor.java:298)
	at com.kms.katalon.core.main.TestCaseExecutor.accessMainPhase(TestCaseExecutor.java:290)
	at com.kms.katalon.core.main.TestCaseExecutor.execute(TestCaseExecutor.java:224)
	at com.kms.katalon.core.main.TestSuiteExecutor.accessTestCaseMainPhase(TestSuiteExecutor.java:129)
	at com.kms.katalon.core.main.TestSuiteExecutor.accessTestSuiteMainPhase(TestSuiteExecutor.java:112)
	at com.kms.katalon.core.main.TestSuiteExecutor.execute(TestSuiteExecutor.java:81)
	at com.kms.katalon.core.main.TestCaseMain.startTestSuite(TestCaseMain.java:149)
	at com.kms.katalon.core.main.TestCaseMain$startTestSuite$0.call(Unknown Source)
	at TempTestSuite1551230042727.run(TempTestSuite1551230042727.groovy:36)]]></system-out>
         <system-err><![CDATA[2019-02-26 21:14:19 - [TEST_CASE][ERROR] - Test Cases/Editar datos bancarios: Test Cases/Editar datos bancarios FAILED.
Reason:
org.codehaus.groovy.control.MultipleCompilationErrorsException: startup failed:
General error during class generation: java.lang.NoClassDefFoundError: Unable to load class AutomatedUpdateExample due to missing dependency TestLinkAPIException

java.lang.RuntimeException: java.lang.NoClassDefFoundError: Unable to load class AutomatedUpdateExample due to missing dependency TestLinkAPIException
	at org.codehaus.groovy.control.CompilationUnit.convertUncaughtExceptionToCompilationError(CompilationUnit.java:1089)
	at org.codehaus.groovy.control.CompilationUnit.applyToPrimaryClassNodes(CompilationUnit.java:1067)
	at org.codehaus.groovy.control.CompilationUnit.doPhaseOperation(CompilationUnit.java:591)
	at org.codehaus.groovy.control.CompilationUnit.processPhaseOperations(CompilationUnit.java:569)
	at org.codehaus.groovy.control.CompilationUnit.compile(CompilationUnit.java:546)
	at groovy.lang.GroovyClassLoader.doParseClass(GroovyClassLoader.java:298)
	at groovy.lang.GroovyClassLoader.parseClass(GroovyClassLoader.java:268)
	at com.kms.katalon.core.main.ScriptEngine.getScript(ScriptEngine.java:199)
	at com.kms.katalon.core.main.ScriptEngine.run(ScriptEngine.java:194)
	at com.kms.katalon.core.main.ScriptEngine.runScriptAsRawText(ScriptEngine.java:119)
	at com.kms.katalon.core.main.TestCaseExecutor.runScript(TestCaseExecutor.java:328)
	at com.kms.katalon.core.main.TestCaseExecutor.doExecute(TestCaseExecutor.java:319)
	at com.kms.katalon.core.main.TestCaseExecutor.processExecutionPhase(TestCaseExecutor.java:298)
	at com.kms.katalon.core.main.TestCaseExecutor.accessMainPhase(TestCaseExecutor.java:290)
	at com.kms.katalon.core.main.TestCaseExecutor.execute(TestCaseExecutor.java:224)
	at com.kms.katalon.core.main.TestSuiteExecutor.accessTestCaseMainPhase(TestSuiteExecutor.java:129)
	at com.kms.katalon.core.main.TestSuiteExecutor.accessTestSuiteMainPhase(TestSuiteExecutor.java:112)
	at com.kms.katalon.core.main.TestSuiteExecutor.execute(TestSuiteExecutor.java:81)
	at com.kms.katalon.core.main.TestCaseMain.startTestSuite(TestCaseMain.java:149)
	at com.kms.katalon.core.main.TestCaseMain$startTestSuite$0.call(Unknown Source)
	at org.codehaus.groovy.runtime.callsite.CallSiteArray.defaultCall(CallSiteArray.java:48)
	at org.codehaus.groovy.runtime.callsite.AbstractCallSite.call(AbstractCallSite.java:113)
	at org.codehaus.groovy.runtime.callsite.AbstractCallSite.call(AbstractCallSite.java:141)
	at TempTestSuite1551230042727.run(TempTestSuite1551230042727.groovy:36)
	at groovy.lang.GroovyShell.runScriptOrMainOrTestOrRunnable(GroovyShell.java:263)
	at groovy.lang.GroovyShell.run(GroovyShell.java:518)
	at groovy.lang.GroovyShell.run(GroovyShell.java:507)
	at groovy.ui.GroovyMain.processOnce(GroovyMain.java:653)
	at groovy.ui.GroovyMain.run(GroovyMain.java:384)
	at groovy.ui.GroovyMain.process(GroovyMain.java:370)
	at groovy.ui.GroovyMain.processArgs(GroovyMain.java:129)
	at groovy.ui.GroovyMain.main(GroovyMain.java:109)
	at sun.reflect.NativeMethodAccessorImpl.invoke0(Native Method)
	at sun.reflect.NativeMethodAccessorImpl.invoke(NativeMethodAccessorImpl.java:62)
	at sun.reflect.DelegatingMethodAccessorImpl.invoke(DelegatingMethodAccessorImpl.java:43)
	at java.lang.reflect.Method.invoke(Method.java:498)
	at org.codehaus.groovy.tools.GroovyStarter.rootLoader(GroovyStarter.java:109)
	at org.codehaus.groovy.tools.GroovyStarter.main(GroovyStarter.java:131)
Caused by: java.lang.NoClassDefFoundError: Unable to load class AutomatedUpdateExample due to missing dependency TestLinkAPIException
	at org.codehaus.groovy.vmplugin.v5.Java5.configureClassNode(Java5.java:392)
	at org.codehaus.groovy.ast.ClassNode.lazyClassInit(ClassNode.java:277)
	at org.codehaus.groovy.ast.ClassNode.getUnresolvedSuperClass(ClassNode.java:1006)
	at org.codehaus.groovy.ast.ClassNode.getUnresolvedSuperClass(ClassNode.java:1001)
	at org.codehaus.groovy.ast.ClassNode.getSuperClass(ClassNode.java:995)
	at org.codehaus.groovy.ast.ClassNode.isDerivedFrom(ClassNode.java:938)
	at org.codehaus.groovy.classgen.asm.InvocationWriter.castToNonPrimitiveIfNecessary(InvocationWriter.java:858)
	at org.codehaus.groovy.classgen.asm.OperandStack.doConvertAndCast(OperandStack.java:345)
	at org.codehaus.groovy.classgen.asm.OperandStack.doGroovyCast(OperandStack.java:282)
	at org.codehaus.groovy.classgen.asm.BinaryExpressionHelper.evaluateEqual(BinaryExpressionHelper.java:344)
	at org.codehaus.groovy.classgen.AsmClassGenerator.visitDeclarationExpression(AsmClassGenerator.java:633)
	at org.codehaus.groovy.ast.expr.DeclarationExpression.visit(DeclarationExpression.java:89)
	at org.codehaus.groovy.classgen.asm.StatementWriter.writeExpressionStatement(StatementWriter.java:612)
	at org.codehaus.groovy.classgen.asm.OptimizingStatementWriter.writeExpressionStatement(OptimizingStatementWriter.java:357)
	at org.codehaus.groovy.classgen.AsmClassGenerator.visitExpressionStatement(AsmClassGenerator.java:620)
	at org.codehaus.groovy.ast.stmt.ExpressionStatement.visit(ExpressionStatement.java:42)
	at org.codehaus.groovy.classgen.asm.StatementWriter.writeBlockStatement(StatementWriter.java:84)
	at org.codehaus.groovy.classgen.asm.OptimizingStatementWriter.writeBlockStatement(OptimizingStatementWriter.java:158)
	at org.codehaus.groovy.classgen.AsmClassGenerator.visitBlockStatement(AsmClassGenerator.java:566)
	at org.codehaus.groovy.ast.stmt.BlockStatement.visit(BlockStatement.java:71)
	at org.codehaus.groovy.ast.ClassCodeVisitorSupport.visitClassCodeContainer(ClassCodeVisitorSupport.java:104)
	at org.codehaus.groovy.ast.ClassCodeVisitorSupport.visitConstructorOrMethod(ClassCodeVisitorSupport.java:115)
	at org.codehaus.groovy.classgen.AsmClassGenerator.visitStdMethod(AsmClassGenerator.java:430)
	at org.codehaus.groovy.classgen.AsmClassGenerator.visitConstructorOrMethod(AsmClassGenerator.java:387)
	at org.codehaus.groovy.ast.ClassCodeVisitorSupport.visitMethod(ClassCodeVisitorSupport.java:126)
	at org.codehaus.groovy.classgen.AsmClassGenerator.visitMethod(AsmClassGenerator.java:507)
	at org.codehaus.groovy.ast.ClassNode.visitContents(ClassNode.java:1078)
	at org.codehaus.groovy.ast.ClassCodeVisitorSupport.visitClass(ClassCodeVisitorSupport.java:53)
	at org.codehaus.groovy.classgen.AsmClassGenerator.visitClass(AsmClassGenerator.java:233)
	at org.codehaus.groovy.control.CompilationUnit$16.call(CompilationUnit.java:813)
	at org.codehaus.groovy.control.CompilationUnit.applyToPrimaryClassNodes(CompilationUnit.java:1053)
	... 36 more

1 error

	at com.kms.katalon.core.main.ScriptEngine.getScript(ScriptEngine.java:199)
	at com.kms.katalon.core.main.ScriptEngine.run(ScriptEngine.java:194)
	at com.kms.katalon.core.main.ScriptEngine.runScriptAsRawText(ScriptEngine.java:119)
	at com.kms.katalon.core.main.TestCaseExecutor.runScript(TestCaseExecutor.java:328)
	at com.kms.katalon.core.main.TestCaseExecutor.doExecute(TestCaseExecutor.java:319)
	at com.kms.katalon.core.main.TestCaseExecutor.processExecutionPhase(TestCaseExecutor.java:298)
	at com.kms.katalon.core.main.TestCaseExecutor.accessMainPhase(TestCaseExecutor.java:290)
	at com.kms.katalon.core.main.TestCaseExecutor.execute(TestCaseExecutor.java:224)
	at com.kms.katalon.core.main.TestSuiteExecutor.accessTestCaseMainPhase(TestSuiteExecutor.java:129)
	at com.kms.katalon.core.main.TestSuiteExecutor.accessTestSuiteMainPhase(TestSuiteExecutor.java:112)
	at com.kms.katalon.core.main.TestSuiteExecutor.execute(TestSuiteExecutor.java:81)
	at com.kms.katalon.core.main.TestCaseMain.startTestSuite(TestCaseMain.java:149)
	at com.kms.katalon.core.main.TestCaseMain$startTestSuite$0.call(Unknown Source)
	at TempTestSuite1551230042727.run(TempTestSuite1551230042727.groovy:36)]]></system-err>
      </testcase>
      <testcase name="Test Cases/Editar datos bancarios" classname="Test Cases/Editar datos bancarios" status="ERROR">
         <error type="ERROR" message="Test Cases/Editar datos bancarios FAILED.
Reason:
org.codehaus.groovy.control.MultipleCompilationErrorsException: startup failed:
General error during class generation: java.lang.NoClassDefFoundError: Unable to load class AutomatedUpdateExample due to missing dependency TestLinkAPIException

java.lang.RuntimeException: java.lang.NoClassDefFoundError: Unable to load class AutomatedUpdateExample due to missing dependency TestLinkAPIException
	at org.codehaus.groovy.control.CompilationUnit.convertUncaughtExceptionToCompilationError(CompilationUnit.java:1089)
	at org.codehaus.groovy.control.CompilationUnit.applyToPrimaryClassNodes(CompilationUnit.java:1067)
	at org.codehaus.groovy.control.CompilationUnit.doPhaseOperation(CompilationUnit.java:591)
	at org.codehaus.groovy.control.CompilationUnit.processPhaseOperations(CompilationUnit.java:569)
	at org.codehaus.groovy.control.CompilationUnit.compile(CompilationUnit.java:546)
	at groovy.lang.GroovyClassLoader.doParseClass(GroovyClassLoader.java:298)
	at groovy.lang.GroovyClassLoader.parseClass(GroovyClassLoader.java:268)
	at com.kms.katalon.core.main.ScriptEngine.getScript(ScriptEngine.java:199)
	at com.kms.katalon.core.main.ScriptEngine.run(ScriptEngine.java:194)
	at com.kms.katalon.core.main.ScriptEngine.runScriptAsRawText(ScriptEngine.java:119)
	at com.kms.katalon.core.main.TestCaseExecutor.runScript(TestCaseExecutor.java:328)
	at com.kms.katalon.core.main.TestCaseExecutor.doExecute(TestCaseExecutor.java:319)
	at com.kms.katalon.core.main.TestCaseExecutor.processExecutionPhase(TestCaseExecutor.java:298)
	at com.kms.katalon.core.main.TestCaseExecutor.accessMainPhase(TestCaseExecutor.java:290)
	at com.kms.katalon.core.main.TestCaseExecutor.execute(TestCaseExecutor.java:224)
	at com.kms.katalon.core.main.TestSuiteExecutor.accessTestCaseMainPhase(TestSuiteExecutor.java:129)
	at com.kms.katalon.core.main.TestSuiteExecutor.accessTestSuiteMainPhase(TestSuiteExecutor.java:112)
	at com.kms.katalon.core.main.TestSuiteExecutor.execute(TestSuiteExecutor.java:81)
	at com.kms.katalon.core.main.TestCaseMain.startTestSuite(TestCaseMain.java:149)
	at com.kms.katalon.core.main.TestCaseMain$startTestSuite$0.call(Unknown Source)
	at org.codehaus.groovy.runtime.callsite.CallSiteArray.defaultCall(CallSiteArray.java:48)
	at org.codehaus.groovy.runtime.callsite.AbstractCallSite.call(AbstractCallSite.java:113)
	at org.codehaus.groovy.runtime.callsite.AbstractCallSite.call(AbstractCallSite.java:141)
	at TempTestSuite1551230042727.run(TempTestSuite1551230042727.groovy:36)
	at groovy.lang.GroovyShell.runScriptOrMainOrTestOrRunnable(GroovyShell.java:263)
	at groovy.lang.GroovyShell.run(GroovyShell.java:518)
	at groovy.lang.GroovyShell.run(GroovyShell.java:507)
	at groovy.ui.GroovyMain.processOnce(GroovyMain.java:653)
	at groovy.ui.GroovyMain.run(GroovyMain.java:384)
	at groovy.ui.GroovyMain.process(GroovyMain.java:370)
	at groovy.ui.GroovyMain.processArgs(GroovyMain.java:129)
	at groovy.ui.GroovyMain.main(GroovyMain.java:109)
	at sun.reflect.NativeMethodAccessorImpl.invoke0(Native Method)
	at sun.reflect.NativeMethodAccessorImpl.invoke(NativeMethodAccessorImpl.java:62)
	at sun.reflect.DelegatingMethodAccessorImpl.invoke(DelegatingMethodAccessorImpl.java:43)
	at java.lang.reflect.Method.invoke(Method.java:498)
	at org.codehaus.groovy.tools.GroovyStarter.rootLoader(GroovyStarter.java:109)
	at org.codehaus.groovy.tools.GroovyStarter.main(GroovyStarter.java:131)
Caused by: java.lang.NoClassDefFoundError: Unable to load class AutomatedUpdateExample due to missing dependency TestLinkAPIException
	at org.codehaus.groovy.vmplugin.v5.Java5.configureClassNode(Java5.java:392)
	at org.codehaus.groovy.ast.ClassNode.lazyClassInit(ClassNode.java:277)
	at org.codehaus.groovy.ast.ClassNode.getUnresolvedSuperClass(ClassNode.java:1006)
	at org.codehaus.groovy.ast.ClassNode.getUnresolvedSuperClass(ClassNode.java:1001)
	at org.codehaus.groovy.ast.ClassNode.getSuperClass(ClassNode.java:995)
	at org.codehaus.groovy.ast.ClassNode.isDerivedFrom(ClassNode.java:938)
	at org.codehaus.groovy.classgen.asm.InvocationWriter.castToNonPrimitiveIfNecessary(InvocationWriter.java:858)
	at org.codehaus.groovy.classgen.asm.OperandStack.doConvertAndCast(OperandStack.java:345)
	at org.codehaus.groovy.classgen.asm.OperandStack.doGroovyCast(OperandStack.java:282)
	at org.codehaus.groovy.classgen.asm.BinaryExpressionHelper.evaluateEqual(BinaryExpressionHelper.java:344)
	at org.codehaus.groovy.classgen.AsmClassGenerator.visitDeclarationExpression(AsmClassGenerator.java:633)
	at org.codehaus.groovy.ast.expr.DeclarationExpression.visit(DeclarationExpression.java:89)
	at org.codehaus.groovy.classgen.asm.StatementWriter.writeExpressionStatement(StatementWriter.java:612)
	at org.codehaus.groovy.classgen.asm.OptimizingStatementWriter.writeExpressionStatement(OptimizingStatementWriter.java:357)
	at org.codehaus.groovy.classgen.AsmClassGenerator.visitExpressionStatement(AsmClassGenerator.java:620)
	at org.codehaus.groovy.ast.stmt.ExpressionStatement.visit(ExpressionStatement.java:42)
	at org.codehaus.groovy.classgen.asm.StatementWriter.writeBlockStatement(StatementWriter.java:84)
	at org.codehaus.groovy.classgen.asm.OptimizingStatementWriter.writeBlockStatement(OptimizingStatementWriter.java:158)
	at org.codehaus.groovy.classgen.AsmClassGenerator.visitBlockStatement(AsmClassGenerator.java:566)
	at org.codehaus.groovy.ast.stmt.BlockStatement.visit(BlockStatement.java:71)
	at org.codehaus.groovy.ast.ClassCodeVisitorSupport.visitClassCodeContainer(ClassCodeVisitorSupport.java:104)
	at org.codehaus.groovy.ast.ClassCodeVisitorSupport.visitConstructorOrMethod(ClassCodeVisitorSupport.java:115)
	at org.codehaus.groovy.classgen.AsmClassGenerator.visitStdMethod(AsmClassGenerator.java:430)
	at org.codehaus.groovy.classgen.AsmClassGenerator.visitConstructorOrMethod(AsmClassGenerator.java:387)
	at org.codehaus.groovy.ast.ClassCodeVisitorSupport.visitMethod(ClassCodeVisitorSupport.java:126)
	at org.codehaus.groovy.classgen.AsmClassGenerator.visitMethod(AsmClassGenerator.java:507)
	at org.codehaus.groovy.ast.ClassNode.visitContents(ClassNode.java:1078)
	at org.codehaus.groovy.ast.ClassCodeVisitorSupport.visitClass(ClassCodeVisitorSupport.java:53)
	at org.codehaus.groovy.classgen.AsmClassGenerator.visitClass(AsmClassGenerator.java:233)
	at org.codehaus.groovy.control.CompilationUnit$16.call(CompilationUnit.java:813)
	at org.codehaus.groovy.control.CompilationUnit.applyToPrimaryClassNodes(CompilationUnit.java:1053)
	... 36 more

1 error

	at com.kms.katalon.core.main.ScriptEngine.getScript(ScriptEngine.java:199)
	at com.kms.katalon.core.main.ScriptEngine.run(ScriptEngine.java:194)
	at com.kms.katalon.core.main.ScriptEngine.runScriptAsRawText(ScriptEngine.java:119)
	at com.kms.katalon.core.main.TestCaseExecutor.runScript(TestCaseExecutor.java:328)
	at com.kms.katalon.core.main.TestCaseExecutor.doExecute(TestCaseExecutor.java:319)
	at com.kms.katalon.core.main.TestCaseExecutor.processExecutionPhase(TestCaseExecutor.java:298)
	at com.kms.katalon.core.main.TestCaseExecutor.accessMainPhase(TestCaseExecutor.java:290)
	at com.kms.katalon.core.main.TestCaseExecutor.execute(TestCaseExecutor.java:224)
	at com.kms.katalon.core.main.TestSuiteExecutor.accessTestCaseMainPhase(TestSuiteExecutor.java:129)
	at com.kms.katalon.core.main.TestSuiteExecutor.accessTestSuiteMainPhase(TestSuiteExecutor.java:112)
	at com.kms.katalon.core.main.TestSuiteExecutor.execute(TestSuiteExecutor.java:81)
	at com.kms.katalon.core.main.TestCaseMain.startTestSuite(TestCaseMain.java:149)
	at com.kms.katalon.core.main.TestCaseMain$startTestSuite$0.call(Unknown Source)
	at TempTestSuite1551230042727.run(TempTestSuite1551230042727.groovy:36)
"/>
         <system-out><![CDATA[2019-02-26 21:14:20 - [TEST_CASE][ERROR] - Test Cases/Editar datos bancarios: Test Cases/Editar datos bancarios FAILED.
Reason:
org.codehaus.groovy.control.MultipleCompilationErrorsException: startup failed:
General error during class generation: java.lang.NoClassDefFoundError: Unable to load class AutomatedUpdateExample due to missing dependency TestLinkAPIException

java.lang.RuntimeException: java.lang.NoClassDefFoundError: Unable to load class AutomatedUpdateExample due to missing dependency TestLinkAPIException
	at org.codehaus.groovy.control.CompilationUnit.convertUncaughtExceptionToCompilationError(CompilationUnit.java:1089)
	at org.codehaus.groovy.control.CompilationUnit.applyToPrimaryClassNodes(CompilationUnit.java:1067)
	at org.codehaus.groovy.control.CompilationUnit.doPhaseOperation(CompilationUnit.java:591)
	at org.codehaus.groovy.control.CompilationUnit.processPhaseOperations(CompilationUnit.java:569)
	at org.codehaus.groovy.control.CompilationUnit.compile(CompilationUnit.java:546)
	at groovy.lang.GroovyClassLoader.doParseClass(GroovyClassLoader.java:298)
	at groovy.lang.GroovyClassLoader.parseClass(GroovyClassLoader.java:268)
	at com.kms.katalon.core.main.ScriptEngine.getScript(ScriptEngine.java:199)
	at com.kms.katalon.core.main.ScriptEngine.run(ScriptEngine.java:194)
	at com.kms.katalon.core.main.ScriptEngine.runScriptAsRawText(ScriptEngine.java:119)
	at com.kms.katalon.core.main.TestCaseExecutor.runScript(TestCaseExecutor.java:328)
	at com.kms.katalon.core.main.TestCaseExecutor.doExecute(TestCaseExecutor.java:319)
	at com.kms.katalon.core.main.TestCaseExecutor.processExecutionPhase(TestCaseExecutor.java:298)
	at com.kms.katalon.core.main.TestCaseExecutor.accessMainPhase(TestCaseExecutor.java:290)
	at com.kms.katalon.core.main.TestCaseExecutor.execute(TestCaseExecutor.java:224)
	at com.kms.katalon.core.main.TestSuiteExecutor.accessTestCaseMainPhase(TestSuiteExecutor.java:129)
	at com.kms.katalon.core.main.TestSuiteExecutor.accessTestSuiteMainPhase(TestSuiteExecutor.java:112)
	at com.kms.katalon.core.main.TestSuiteExecutor.execute(TestSuiteExecutor.java:81)
	at com.kms.katalon.core.main.TestCaseMain.startTestSuite(TestCaseMain.java:149)
	at com.kms.katalon.core.main.TestCaseMain$startTestSuite$0.call(Unknown Source)
	at org.codehaus.groovy.runtime.callsite.CallSiteArray.defaultCall(CallSiteArray.java:48)
	at org.codehaus.groovy.runtime.callsite.AbstractCallSite.call(AbstractCallSite.java:113)
	at org.codehaus.groovy.runtime.callsite.AbstractCallSite.call(AbstractCallSite.java:141)
	at TempTestSuite1551230042727.run(TempTestSuite1551230042727.groovy:36)
	at groovy.lang.GroovyShell.runScriptOrMainOrTestOrRunnable(GroovyShell.java:263)
	at groovy.lang.GroovyShell.run(GroovyShell.java:518)
	at groovy.lang.GroovyShell.run(GroovyShell.java:507)
	at groovy.ui.GroovyMain.processOnce(GroovyMain.java:653)
	at groovy.ui.GroovyMain.run(GroovyMain.java:384)
	at groovy.ui.GroovyMain.process(GroovyMain.java:370)
	at groovy.ui.GroovyMain.processArgs(GroovyMain.java:129)
	at groovy.ui.GroovyMain.main(GroovyMain.java:109)
	at sun.reflect.NativeMethodAccessorImpl.invoke0(Native Method)
	at sun.reflect.NativeMethodAccessorImpl.invoke(NativeMethodAccessorImpl.java:62)
	at sun.reflect.DelegatingMethodAccessorImpl.invoke(DelegatingMethodAccessorImpl.java:43)
	at java.lang.reflect.Method.invoke(Method.java:498)
	at org.codehaus.groovy.tools.GroovyStarter.rootLoader(GroovyStarter.java:109)
	at org.codehaus.groovy.tools.GroovyStarter.main(GroovyStarter.java:131)
Caused by: java.lang.NoClassDefFoundError: Unable to load class AutomatedUpdateExample due to missing dependency TestLinkAPIException
	at org.codehaus.groovy.vmplugin.v5.Java5.configureClassNode(Java5.java:392)
	at org.codehaus.groovy.ast.ClassNode.lazyClassInit(ClassNode.java:277)
	at org.codehaus.groovy.ast.ClassNode.getUnresolvedSuperClass(ClassNode.java:1006)
	at org.codehaus.groovy.ast.ClassNode.getUnresolvedSuperClass(ClassNode.java:1001)
	at org.codehaus.groovy.ast.ClassNode.getSuperClass(ClassNode.java:995)
	at org.codehaus.groovy.ast.ClassNode.isDerivedFrom(ClassNode.java:938)
	at org.codehaus.groovy.classgen.asm.InvocationWriter.castToNonPrimitiveIfNecessary(InvocationWriter.java:858)
	at org.codehaus.groovy.classgen.asm.OperandStack.doConvertAndCast(OperandStack.java:345)
	at org.codehaus.groovy.classgen.asm.OperandStack.doGroovyCast(OperandStack.java:282)
	at org.codehaus.groovy.classgen.asm.BinaryExpressionHelper.evaluateEqual(BinaryExpressionHelper.java:344)
	at org.codehaus.groovy.classgen.AsmClassGenerator.visitDeclarationExpression(AsmClassGenerator.java:633)
	at org.codehaus.groovy.ast.expr.DeclarationExpression.visit(DeclarationExpression.java:89)
	at org.codehaus.groovy.classgen.asm.StatementWriter.writeExpressionStatement(StatementWriter.java:612)
	at org.codehaus.groovy.classgen.asm.OptimizingStatementWriter.writeExpressionStatement(OptimizingStatementWriter.java:357)
	at org.codehaus.groovy.classgen.AsmClassGenerator.visitExpressionStatement(AsmClassGenerator.java:620)
	at org.codehaus.groovy.ast.stmt.ExpressionStatement.visit(ExpressionStatement.java:42)
	at org.codehaus.groovy.classgen.asm.StatementWriter.writeBlockStatement(StatementWriter.java:84)
	at org.codehaus.groovy.classgen.asm.OptimizingStatementWriter.writeBlockStatement(OptimizingStatementWriter.java:158)
	at org.codehaus.groovy.classgen.AsmClassGenerator.visitBlockStatement(AsmClassGenerator.java:566)
	at org.codehaus.groovy.ast.stmt.BlockStatement.visit(BlockStatement.java:71)
	at org.codehaus.groovy.ast.ClassCodeVisitorSupport.visitClassCodeContainer(ClassCodeVisitorSupport.java:104)
	at org.codehaus.groovy.ast.ClassCodeVisitorSupport.visitConstructorOrMethod(ClassCodeVisitorSupport.java:115)
	at org.codehaus.groovy.classgen.AsmClassGenerator.visitStdMethod(AsmClassGenerator.java:430)
	at org.codehaus.groovy.classgen.AsmClassGenerator.visitConstructorOrMethod(AsmClassGenerator.java:387)
	at org.codehaus.groovy.ast.ClassCodeVisitorSupport.visitMethod(ClassCodeVisitorSupport.java:126)
	at org.codehaus.groovy.classgen.AsmClassGenerator.visitMethod(AsmClassGenerator.java:507)
	at org.codehaus.groovy.ast.ClassNode.visitContents(ClassNode.java:1078)
	at org.codehaus.groovy.ast.ClassCodeVisitorSupport.visitClass(ClassCodeVisitorSupport.java:53)
	at org.codehaus.groovy.classgen.AsmClassGenerator.visitClass(AsmClassGenerator.java:233)
	at org.codehaus.groovy.control.CompilationUnit$16.call(CompilationUnit.java:813)
	at org.codehaus.groovy.control.CompilationUnit.applyToPrimaryClassNodes(CompilationUnit.java:1053)
	... 36 more

1 error

	at com.kms.katalon.core.main.ScriptEngine.getScript(ScriptEngine.java:199)
	at com.kms.katalon.core.main.ScriptEngine.run(ScriptEngine.java:194)
	at com.kms.katalon.core.main.ScriptEngine.runScriptAsRawText(ScriptEngine.java:119)
	at com.kms.katalon.core.main.TestCaseExecutor.runScript(TestCaseExecutor.java:328)
	at com.kms.katalon.core.main.TestCaseExecutor.doExecute(TestCaseExecutor.java:319)
	at com.kms.katalon.core.main.TestCaseExecutor.processExecutionPhase(TestCaseExecutor.java:298)
	at com.kms.katalon.core.main.TestCaseExecutor.accessMainPhase(TestCaseExecutor.java:290)
	at com.kms.katalon.core.main.TestCaseExecutor.execute(TestCaseExecutor.java:224)
	at com.kms.katalon.core.main.TestSuiteExecutor.accessTestCaseMainPhase(TestSuiteExecutor.java:129)
	at com.kms.katalon.core.main.TestSuiteExecutor.accessTestSuiteMainPhase(TestSuiteExecutor.java:112)
	at com.kms.katalon.core.main.TestSuiteExecutor.execute(TestSuiteExecutor.java:81)
	at com.kms.katalon.core.main.TestCaseMain.startTestSuite(TestCaseMain.java:149)
	at com.kms.katalon.core.main.TestCaseMain$startTestSuite$0.call(Unknown Source)
	at TempTestSuite1551230042727.run(TempTestSuite1551230042727.groovy:36)]]></system-out>
         <system-err><![CDATA[2019-02-26 21:14:20 - [TEST_CASE][ERROR] - Test Cases/Editar datos bancarios: Test Cases/Editar datos bancarios FAILED.
Reason:
org.codehaus.groovy.control.MultipleCompilationErrorsException: startup failed:
General error during class generation: java.lang.NoClassDefFoundError: Unable to load class AutomatedUpdateExample due to missing dependency TestLinkAPIException

java.lang.RuntimeException: java.lang.NoClassDefFoundError: Unable to load class AutomatedUpdateExample due to missing dependency TestLinkAPIException
	at org.codehaus.groovy.control.CompilationUnit.convertUncaughtExceptionToCompilationError(CompilationUnit.java:1089)
	at org.codehaus.groovy.control.CompilationUnit.applyToPrimaryClassNodes(CompilationUnit.java:1067)
	at org.codehaus.groovy.control.CompilationUnit.doPhaseOperation(CompilationUnit.java:591)
	at org.codehaus.groovy.control.CompilationUnit.processPhaseOperations(CompilationUnit.java:569)
	at org.codehaus.groovy.control.CompilationUnit.compile(CompilationUnit.java:546)
	at groovy.lang.GroovyClassLoader.doParseClass(GroovyClassLoader.java:298)
	at groovy.lang.GroovyClassLoader.parseClass(GroovyClassLoader.java:268)
	at com.kms.katalon.core.main.ScriptEngine.getScript(ScriptEngine.java:199)
	at com.kms.katalon.core.main.ScriptEngine.run(ScriptEngine.java:194)
	at com.kms.katalon.core.main.ScriptEngine.runScriptAsRawText(ScriptEngine.java:119)
	at com.kms.katalon.core.main.TestCaseExecutor.runScript(TestCaseExecutor.java:328)
	at com.kms.katalon.core.main.TestCaseExecutor.doExecute(TestCaseExecutor.java:319)
	at com.kms.katalon.core.main.TestCaseExecutor.processExecutionPhase(TestCaseExecutor.java:298)
	at com.kms.katalon.core.main.TestCaseExecutor.accessMainPhase(TestCaseExecutor.java:290)
	at com.kms.katalon.core.main.TestCaseExecutor.execute(TestCaseExecutor.java:224)
	at com.kms.katalon.core.main.TestSuiteExecutor.accessTestCaseMainPhase(TestSuiteExecutor.java:129)
	at com.kms.katalon.core.main.TestSuiteExecutor.accessTestSuiteMainPhase(TestSuiteExecutor.java:112)
	at com.kms.katalon.core.main.TestSuiteExecutor.execute(TestSuiteExecutor.java:81)
	at com.kms.katalon.core.main.TestCaseMain.startTestSuite(TestCaseMain.java:149)
	at com.kms.katalon.core.main.TestCaseMain$startTestSuite$0.call(Unknown Source)
	at org.codehaus.groovy.runtime.callsite.CallSiteArray.defaultCall(CallSiteArray.java:48)
	at org.codehaus.groovy.runtime.callsite.AbstractCallSite.call(AbstractCallSite.java:113)
	at org.codehaus.groovy.runtime.callsite.AbstractCallSite.call(AbstractCallSite.java:141)
	at TempTestSuite1551230042727.run(TempTestSuite1551230042727.groovy:36)
	at groovy.lang.GroovyShell.runScriptOrMainOrTestOrRunnable(GroovyShell.java:263)
	at groovy.lang.GroovyShell.run(GroovyShell.java:518)
	at groovy.lang.GroovyShell.run(GroovyShell.java:507)
	at groovy.ui.GroovyMain.processOnce(GroovyMain.java:653)
	at groovy.ui.GroovyMain.run(GroovyMain.java:384)
	at groovy.ui.GroovyMain.process(GroovyMain.java:370)
	at groovy.ui.GroovyMain.processArgs(GroovyMain.java:129)
	at groovy.ui.GroovyMain.main(GroovyMain.java:109)
	at sun.reflect.NativeMethodAccessorImpl.invoke0(Native Method)
	at sun.reflect.NativeMethodAccessorImpl.invoke(NativeMethodAccessorImpl.java:62)
	at sun.reflect.DelegatingMethodAccessorImpl.invoke(DelegatingMethodAccessorImpl.java:43)
	at java.lang.reflect.Method.invoke(Method.java:498)
	at org.codehaus.groovy.tools.GroovyStarter.rootLoader(GroovyStarter.java:109)
	at org.codehaus.groovy.tools.GroovyStarter.main(GroovyStarter.java:131)
Caused by: java.lang.NoClassDefFoundError: Unable to load class AutomatedUpdateExample due to missing dependency TestLinkAPIException
	at org.codehaus.groovy.vmplugin.v5.Java5.configureClassNode(Java5.java:392)
	at org.codehaus.groovy.ast.ClassNode.lazyClassInit(ClassNode.java:277)
	at org.codehaus.groovy.ast.ClassNode.getUnresolvedSuperClass(ClassNode.java:1006)
	at org.codehaus.groovy.ast.ClassNode.getUnresolvedSuperClass(ClassNode.java:1001)
	at org.codehaus.groovy.ast.ClassNode.getSuperClass(ClassNode.java:995)
	at org.codehaus.groovy.ast.ClassNode.isDerivedFrom(ClassNode.java:938)
	at org.codehaus.groovy.classgen.asm.InvocationWriter.castToNonPrimitiveIfNecessary(InvocationWriter.java:858)
	at org.codehaus.groovy.classgen.asm.OperandStack.doConvertAndCast(OperandStack.java:345)
	at org.codehaus.groovy.classgen.asm.OperandStack.doGroovyCast(OperandStack.java:282)
	at org.codehaus.groovy.classgen.asm.BinaryExpressionHelper.evaluateEqual(BinaryExpressionHelper.java:344)
	at org.codehaus.groovy.classgen.AsmClassGenerator.visitDeclarationExpression(AsmClassGenerator.java:633)
	at org.codehaus.groovy.ast.expr.DeclarationExpression.visit(DeclarationExpression.java:89)
	at org.codehaus.groovy.classgen.asm.StatementWriter.writeExpressionStatement(StatementWriter.java:612)
	at org.codehaus.groovy.classgen.asm.OptimizingStatementWriter.writeExpressionStatement(OptimizingStatementWriter.java:357)
	at org.codehaus.groovy.classgen.AsmClassGenerator.visitExpressionStatement(AsmClassGenerator.java:620)
	at org.codehaus.groovy.ast.stmt.ExpressionStatement.visit(ExpressionStatement.java:42)
	at org.codehaus.groovy.classgen.asm.StatementWriter.writeBlockStatement(StatementWriter.java:84)
	at org.codehaus.groovy.classgen.asm.OptimizingStatementWriter.writeBlockStatement(OptimizingStatementWriter.java:158)
	at org.codehaus.groovy.classgen.AsmClassGenerator.visitBlockStatement(AsmClassGenerator.java:566)
	at org.codehaus.groovy.ast.stmt.BlockStatement.visit(BlockStatement.java:71)
	at org.codehaus.groovy.ast.ClassCodeVisitorSupport.visitClassCodeContainer(ClassCodeVisitorSupport.java:104)
	at org.codehaus.groovy.ast.ClassCodeVisitorSupport.visitConstructorOrMethod(ClassCodeVisitorSupport.java:115)
	at org.codehaus.groovy.classgen.AsmClassGenerator.visitStdMethod(AsmClassGenerator.java:430)
	at org.codehaus.groovy.classgen.AsmClassGenerator.visitConstructorOrMethod(AsmClassGenerator.java:387)
	at org.codehaus.groovy.ast.ClassCodeVisitorSupport.visitMethod(ClassCodeVisitorSupport.java:126)
	at org.codehaus.groovy.classgen.AsmClassGenerator.visitMethod(AsmClassGenerator.java:507)
	at org.codehaus.groovy.ast.ClassNode.visitContents(ClassNode.java:1078)
	at org.codehaus.groovy.ast.ClassCodeVisitorSupport.visitClass(ClassCodeVisitorSupport.java:53)
	at org.codehaus.groovy.classgen.AsmClassGenerator.visitClass(AsmClassGenerator.java:233)
	at org.codehaus.groovy.control.CompilationUnit$16.call(CompilationUnit.java:813)
	at org.codehaus.groovy.control.CompilationUnit.applyToPrimaryClassNodes(CompilationUnit.java:1053)
	... 36 more

1 error

	at com.kms.katalon.core.main.ScriptEngine.getScript(ScriptEngine.java:199)
	at com.kms.katalon.core.main.ScriptEngine.run(ScriptEngine.java:194)
	at com.kms.katalon.core.main.ScriptEngine.runScriptAsRawText(ScriptEngine.java:119)
	at com.kms.katalon.core.main.TestCaseExecutor.runScript(TestCaseExecutor.java:328)
	at com.kms.katalon.core.main.TestCaseExecutor.doExecute(TestCaseExecutor.java:319)
	at com.kms.katalon.core.main.TestCaseExecutor.processExecutionPhase(TestCaseExecutor.java:298)
	at com.kms.katalon.core.main.TestCaseExecutor.accessMainPhase(TestCaseExecutor.java:290)
	at com.kms.katalon.core.main.TestCaseExecutor.execute(TestCaseExecutor.java:224)
	at com.kms.katalon.core.main.TestSuiteExecutor.accessTestCaseMainPhase(TestSuiteExecutor.java:129)
	at com.kms.katalon.core.main.TestSuiteExecutor.accessTestSuiteMainPhase(TestSuiteExecutor.java:112)
	at com.kms.katalon.core.main.TestSuiteExecutor.execute(TestSuiteExecutor.java:81)
	at com.kms.katalon.core.main.TestCaseMain.startTestSuite(TestCaseMain.java:149)
	at com.kms.katalon.core.main.TestCaseMain$startTestSuite$0.call(Unknown Source)
	at TempTestSuite1551230042727.run(TempTestSuite1551230042727.groovy:36)]]></system-err>
      </testcase>
      <testcase name="Test Cases/Editar datos bancarios" classname="Test Cases/Editar datos bancarios" status="ERROR">
         <error type="ERROR" message="Test Cases/Editar datos bancarios FAILED.
Reason:
org.codehaus.groovy.control.MultipleCompilationErrorsException: startup failed:
General error during class generation: java.lang.NoClassDefFoundError: Unable to load class AutomatedUpdateExample due to missing dependency TestLinkAPIException

java.lang.RuntimeException: java.lang.NoClassDefFoundError: Unable to load class AutomatedUpdateExample due to missing dependency TestLinkAPIException
	at org.codehaus.groovy.control.CompilationUnit.convertUncaughtExceptionToCompilationError(CompilationUnit.java:1089)
	at org.codehaus.groovy.control.CompilationUnit.applyToPrimaryClassNodes(CompilationUnit.java:1067)
	at org.codehaus.groovy.control.CompilationUnit.doPhaseOperation(CompilationUnit.java:591)
	at org.codehaus.groovy.control.CompilationUnit.processPhaseOperations(CompilationUnit.java:569)
	at org.codehaus.groovy.control.CompilationUnit.compile(CompilationUnit.java:546)
	at groovy.lang.GroovyClassLoader.doParseClass(GroovyClassLoader.java:298)
	at groovy.lang.GroovyClassLoader.parseClass(GroovyClassLoader.java:268)
	at com.kms.katalon.core.main.ScriptEngine.getScript(ScriptEngine.java:199)
	at com.kms.katalon.core.main.ScriptEngine.run(ScriptEngine.java:194)
	at com.kms.katalon.core.main.ScriptEngine.runScriptAsRawText(ScriptEngine.java:119)
	at com.kms.katalon.core.main.TestCaseExecutor.runScript(TestCaseExecutor.java:328)
	at com.kms.katalon.core.main.TestCaseExecutor.doExecute(TestCaseExecutor.java:319)
	at com.kms.katalon.core.main.TestCaseExecutor.processExecutionPhase(TestCaseExecutor.java:298)
	at com.kms.katalon.core.main.TestCaseExecutor.accessMainPhase(TestCaseExecutor.java:290)
	at com.kms.katalon.core.main.TestCaseExecutor.execute(TestCaseExecutor.java:224)
	at com.kms.katalon.core.main.TestSuiteExecutor.accessTestCaseMainPhase(TestSuiteExecutor.java:129)
	at com.kms.katalon.core.main.TestSuiteExecutor.accessTestSuiteMainPhase(TestSuiteExecutor.java:112)
	at com.kms.katalon.core.main.TestSuiteExecutor.execute(TestSuiteExecutor.java:81)
	at com.kms.katalon.core.main.TestCaseMain.startTestSuite(TestCaseMain.java:149)
	at com.kms.katalon.core.main.TestCaseMain$startTestSuite$0.call(Unknown Source)
	at org.codehaus.groovy.runtime.callsite.CallSiteArray.defaultCall(CallSiteArray.java:48)
	at org.codehaus.groovy.runtime.callsite.AbstractCallSite.call(AbstractCallSite.java:113)
	at org.codehaus.groovy.runtime.callsite.AbstractCallSite.call(AbstractCallSite.java:141)
	at TempTestSuite1551230042727.run(TempTestSuite1551230042727.groovy:36)
	at groovy.lang.GroovyShell.runScriptOrMainOrTestOrRunnable(GroovyShell.java:263)
	at groovy.lang.GroovyShell.run(GroovyShell.java:518)
	at groovy.lang.GroovyShell.run(GroovyShell.java:507)
	at groovy.ui.GroovyMain.processOnce(GroovyMain.java:653)
	at groovy.ui.GroovyMain.run(GroovyMain.java:384)
	at groovy.ui.GroovyMain.process(GroovyMain.java:370)
	at groovy.ui.GroovyMain.processArgs(GroovyMain.java:129)
	at groovy.ui.GroovyMain.main(GroovyMain.java:109)
	at sun.reflect.NativeMethodAccessorImpl.invoke0(Native Method)
	at sun.reflect.NativeMethodAccessorImpl.invoke(NativeMethodAccessorImpl.java:62)
	at sun.reflect.DelegatingMethodAccessorImpl.invoke(DelegatingMethodAccessorImpl.java:43)
	at java.lang.reflect.Method.invoke(Method.java:498)
	at org.codehaus.groovy.tools.GroovyStarter.rootLoader(GroovyStarter.java:109)
	at org.codehaus.groovy.tools.GroovyStarter.main(GroovyStarter.java:131)
Caused by: java.lang.NoClassDefFoundError: Unable to load class AutomatedUpdateExample due to missing dependency TestLinkAPIException
	at org.codehaus.groovy.vmplugin.v5.Java5.configureClassNode(Java5.java:392)
	at org.codehaus.groovy.ast.ClassNode.lazyClassInit(ClassNode.java:277)
	at org.codehaus.groovy.ast.ClassNode.getUnresolvedSuperClass(ClassNode.java:1006)
	at org.codehaus.groovy.ast.ClassNode.getUnresolvedSuperClass(ClassNode.java:1001)
	at org.codehaus.groovy.ast.ClassNode.getSuperClass(ClassNode.java:995)
	at org.codehaus.groovy.ast.ClassNode.isDerivedFrom(ClassNode.java:938)
	at org.codehaus.groovy.classgen.asm.InvocationWriter.castToNonPrimitiveIfNecessary(InvocationWriter.java:858)
	at org.codehaus.groovy.classgen.asm.OperandStack.doConvertAndCast(OperandStack.java:345)
	at org.codehaus.groovy.classgen.asm.OperandStack.doGroovyCast(OperandStack.java:282)
	at org.codehaus.groovy.classgen.asm.BinaryExpressionHelper.evaluateEqual(BinaryExpressionHelper.java:344)
	at org.codehaus.groovy.classgen.AsmClassGenerator.visitDeclarationExpression(AsmClassGenerator.java:633)
	at org.codehaus.groovy.ast.expr.DeclarationExpression.visit(DeclarationExpression.java:89)
	at org.codehaus.groovy.classgen.asm.StatementWriter.writeExpressionStatement(StatementWriter.java:612)
	at org.codehaus.groovy.classgen.asm.OptimizingStatementWriter.writeExpressionStatement(OptimizingStatementWriter.java:357)
	at org.codehaus.groovy.classgen.AsmClassGenerator.visitExpressionStatement(AsmClassGenerator.java:620)
	at org.codehaus.groovy.ast.stmt.ExpressionStatement.visit(ExpressionStatement.java:42)
	at org.codehaus.groovy.classgen.asm.StatementWriter.writeBlockStatement(StatementWriter.java:84)
	at org.codehaus.groovy.classgen.asm.OptimizingStatementWriter.writeBlockStatement(OptimizingStatementWriter.java:158)
	at org.codehaus.groovy.classgen.AsmClassGenerator.visitBlockStatement(AsmClassGenerator.java:566)
	at org.codehaus.groovy.ast.stmt.BlockStatement.visit(BlockStatement.java:71)
	at org.codehaus.groovy.ast.ClassCodeVisitorSupport.visitClassCodeContainer(ClassCodeVisitorSupport.java:104)
	at org.codehaus.groovy.ast.ClassCodeVisitorSupport.visitConstructorOrMethod(ClassCodeVisitorSupport.java:115)
	at org.codehaus.groovy.classgen.AsmClassGenerator.visitStdMethod(AsmClassGenerator.java:430)
	at org.codehaus.groovy.classgen.AsmClassGenerator.visitConstructorOrMethod(AsmClassGenerator.java:387)
	at org.codehaus.groovy.ast.ClassCodeVisitorSupport.visitMethod(ClassCodeVisitorSupport.java:126)
	at org.codehaus.groovy.classgen.AsmClassGenerator.visitMethod(AsmClassGenerator.java:507)
	at org.codehaus.groovy.ast.ClassNode.visitContents(ClassNode.java:1078)
	at org.codehaus.groovy.ast.ClassCodeVisitorSupport.visitClass(ClassCodeVisitorSupport.java:53)
	at org.codehaus.groovy.classgen.AsmClassGenerator.visitClass(AsmClassGenerator.java:233)
	at org.codehaus.groovy.control.CompilationUnit$16.call(CompilationUnit.java:813)
	at org.codehaus.groovy.control.CompilationUnit.applyToPrimaryClassNodes(CompilationUnit.java:1053)
	... 36 more

1 error

	at com.kms.katalon.core.main.ScriptEngine.getScript(ScriptEngine.java:199)
	at com.kms.katalon.core.main.ScriptEngine.run(ScriptEngine.java:194)
	at com.kms.katalon.core.main.ScriptEngine.runScriptAsRawText(ScriptEngine.java:119)
	at com.kms.katalon.core.main.TestCaseExecutor.runScript(TestCaseExecutor.java:328)
	at com.kms.katalon.core.main.TestCaseExecutor.doExecute(TestCaseExecutor.java:319)
	at com.kms.katalon.core.main.TestCaseExecutor.processExecutionPhase(TestCaseExecutor.java:298)
	at com.kms.katalon.core.main.TestCaseExecutor.accessMainPhase(TestCaseExecutor.java:290)
	at com.kms.katalon.core.main.TestCaseExecutor.execute(TestCaseExecutor.java:224)
	at com.kms.katalon.core.main.TestSuiteExecutor.accessTestCaseMainPhase(TestSuiteExecutor.java:129)
	at com.kms.katalon.core.main.TestSuiteExecutor.accessTestSuiteMainPhase(TestSuiteExecutor.java:112)
	at com.kms.katalon.core.main.TestSuiteExecutor.execute(TestSuiteExecutor.java:81)
	at com.kms.katalon.core.main.TestCaseMain.startTestSuite(TestCaseMain.java:149)
	at com.kms.katalon.core.main.TestCaseMain$startTestSuite$0.call(Unknown Source)
	at TempTestSuite1551230042727.run(TempTestSuite1551230042727.groovy:36)
"/>
         <system-out><![CDATA[2019-02-26 21:14:21 - [TEST_CASE][ERROR] - Test Cases/Editar datos bancarios: Test Cases/Editar datos bancarios FAILED.
Reason:
org.codehaus.groovy.control.MultipleCompilationErrorsException: startup failed:
General error during class generation: java.lang.NoClassDefFoundError: Unable to load class AutomatedUpdateExample due to missing dependency TestLinkAPIException

java.lang.RuntimeException: java.lang.NoClassDefFoundError: Unable to load class AutomatedUpdateExample due to missing dependency TestLinkAPIException
	at org.codehaus.groovy.control.CompilationUnit.convertUncaughtExceptionToCompilationError(CompilationUnit.java:1089)
	at org.codehaus.groovy.control.CompilationUnit.applyToPrimaryClassNodes(CompilationUnit.java:1067)
	at org.codehaus.groovy.control.CompilationUnit.doPhaseOperation(CompilationUnit.java:591)
	at org.codehaus.groovy.control.CompilationUnit.processPhaseOperations(CompilationUnit.java:569)
	at org.codehaus.groovy.control.CompilationUnit.compile(CompilationUnit.java:546)
	at groovy.lang.GroovyClassLoader.doParseClass(GroovyClassLoader.java:298)
	at groovy.lang.GroovyClassLoader.parseClass(GroovyClassLoader.java:268)
	at com.kms.katalon.core.main.ScriptEngine.getScript(ScriptEngine.java:199)
	at com.kms.katalon.core.main.ScriptEngine.run(ScriptEngine.java:194)
	at com.kms.katalon.core.main.ScriptEngine.runScriptAsRawText(ScriptEngine.java:119)
	at com.kms.katalon.core.main.TestCaseExecutor.runScript(TestCaseExecutor.java:328)
	at com.kms.katalon.core.main.TestCaseExecutor.doExecute(TestCaseExecutor.java:319)
	at com.kms.katalon.core.main.TestCaseExecutor.processExecutionPhase(TestCaseExecutor.java:298)
	at com.kms.katalon.core.main.TestCaseExecutor.accessMainPhase(TestCaseExecutor.java:290)
	at com.kms.katalon.core.main.TestCaseExecutor.execute(TestCaseExecutor.java:224)
	at com.kms.katalon.core.main.TestSuiteExecutor.accessTestCaseMainPhase(TestSuiteExecutor.java:129)
	at com.kms.katalon.core.main.TestSuiteExecutor.accessTestSuiteMainPhase(TestSuiteExecutor.java:112)
	at com.kms.katalon.core.main.TestSuiteExecutor.execute(TestSuiteExecutor.java:81)
	at com.kms.katalon.core.main.TestCaseMain.startTestSuite(TestCaseMain.java:149)
	at com.kms.katalon.core.main.TestCaseMain$startTestSuite$0.call(Unknown Source)
	at org.codehaus.groovy.runtime.callsite.CallSiteArray.defaultCall(CallSiteArray.java:48)
	at org.codehaus.groovy.runtime.callsite.AbstractCallSite.call(AbstractCallSite.java:113)
	at org.codehaus.groovy.runtime.callsite.AbstractCallSite.call(AbstractCallSite.java:141)
	at TempTestSuite1551230042727.run(TempTestSuite1551230042727.groovy:36)
	at groovy.lang.GroovyShell.runScriptOrMainOrTestOrRunnable(GroovyShell.java:263)
	at groovy.lang.GroovyShell.run(GroovyShell.java:518)
	at groovy.lang.GroovyShell.run(GroovyShell.java:507)
	at groovy.ui.GroovyMain.processOnce(GroovyMain.java:653)
	at groovy.ui.GroovyMain.run(GroovyMain.java:384)
	at groovy.ui.GroovyMain.process(GroovyMain.java:370)
	at groovy.ui.GroovyMain.processArgs(GroovyMain.java:129)
	at groovy.ui.GroovyMain.main(GroovyMain.java:109)
	at sun.reflect.NativeMethodAccessorImpl.invoke0(Native Method)
	at sun.reflect.NativeMethodAccessorImpl.invoke(NativeMethodAccessorImpl.java:62)
	at sun.reflect.DelegatingMethodAccessorImpl.invoke(DelegatingMethodAccessorImpl.java:43)
	at java.lang.reflect.Method.invoke(Method.java:498)
	at org.codehaus.groovy.tools.GroovyStarter.rootLoader(GroovyStarter.java:109)
	at org.codehaus.groovy.tools.GroovyStarter.main(GroovyStarter.java:131)
Caused by: java.lang.NoClassDefFoundError: Unable to load class AutomatedUpdateExample due to missing dependency TestLinkAPIException
	at org.codehaus.groovy.vmplugin.v5.Java5.configureClassNode(Java5.java:392)
	at org.codehaus.groovy.ast.ClassNode.lazyClassInit(ClassNode.java:277)
	at org.codehaus.groovy.ast.ClassNode.getUnresolvedSuperClass(ClassNode.java:1006)
	at org.codehaus.groovy.ast.ClassNode.getUnresolvedSuperClass(ClassNode.java:1001)
	at org.codehaus.groovy.ast.ClassNode.getSuperClass(ClassNode.java:995)
	at org.codehaus.groovy.ast.ClassNode.isDerivedFrom(ClassNode.java:938)
	at org.codehaus.groovy.classgen.asm.InvocationWriter.castToNonPrimitiveIfNecessary(InvocationWriter.java:858)
	at org.codehaus.groovy.classgen.asm.OperandStack.doConvertAndCast(OperandStack.java:345)
	at org.codehaus.groovy.classgen.asm.OperandStack.doGroovyCast(OperandStack.java:282)
	at org.codehaus.groovy.classgen.asm.BinaryExpressionHelper.evaluateEqual(BinaryExpressionHelper.java:344)
	at org.codehaus.groovy.classgen.AsmClassGenerator.visitDeclarationExpression(AsmClassGenerator.java:633)
	at org.codehaus.groovy.ast.expr.DeclarationExpression.visit(DeclarationExpression.java:89)
	at org.codehaus.groovy.classgen.asm.StatementWriter.writeExpressionStatement(StatementWriter.java:612)
	at org.codehaus.groovy.classgen.asm.OptimizingStatementWriter.writeExpressionStatement(OptimizingStatementWriter.java:357)
	at org.codehaus.groovy.classgen.AsmClassGenerator.visitExpressionStatement(AsmClassGenerator.java:620)
	at org.codehaus.groovy.ast.stmt.ExpressionStatement.visit(ExpressionStatement.java:42)
	at org.codehaus.groovy.classgen.asm.StatementWriter.writeBlockStatement(StatementWriter.java:84)
	at org.codehaus.groovy.classgen.asm.OptimizingStatementWriter.writeBlockStatement(OptimizingStatementWriter.java:158)
	at org.codehaus.groovy.classgen.AsmClassGenerator.visitBlockStatement(AsmClassGenerator.java:566)
	at org.codehaus.groovy.ast.stmt.BlockStatement.visit(BlockStatement.java:71)
	at org.codehaus.groovy.ast.ClassCodeVisitorSupport.visitClassCodeContainer(ClassCodeVisitorSupport.java:104)
	at org.codehaus.groovy.ast.ClassCodeVisitorSupport.visitConstructorOrMethod(ClassCodeVisitorSupport.java:115)
	at org.codehaus.groovy.classgen.AsmClassGenerator.visitStdMethod(AsmClassGenerator.java:430)
	at org.codehaus.groovy.classgen.AsmClassGenerator.visitConstructorOrMethod(AsmClassGenerator.java:387)
	at org.codehaus.groovy.ast.ClassCodeVisitorSupport.visitMethod(ClassCodeVisitorSupport.java:126)
	at org.codehaus.groovy.classgen.AsmClassGenerator.visitMethod(AsmClassGenerator.java:507)
	at org.codehaus.groovy.ast.ClassNode.visitContents(ClassNode.java:1078)
	at org.codehaus.groovy.ast.ClassCodeVisitorSupport.visitClass(ClassCodeVisitorSupport.java:53)
	at org.codehaus.groovy.classgen.AsmClassGenerator.visitClass(AsmClassGenerator.java:233)
	at org.codehaus.groovy.control.CompilationUnit$16.call(CompilationUnit.java:813)
	at org.codehaus.groovy.control.CompilationUnit.applyToPrimaryClassNodes(CompilationUnit.java:1053)
	... 36 more

1 error

	at com.kms.katalon.core.main.ScriptEngine.getScript(ScriptEngine.java:199)
	at com.kms.katalon.core.main.ScriptEngine.run(ScriptEngine.java:194)
	at com.kms.katalon.core.main.ScriptEngine.runScriptAsRawText(ScriptEngine.java:119)
	at com.kms.katalon.core.main.TestCaseExecutor.runScript(TestCaseExecutor.java:328)
	at com.kms.katalon.core.main.TestCaseExecutor.doExecute(TestCaseExecutor.java:319)
	at com.kms.katalon.core.main.TestCaseExecutor.processExecutionPhase(TestCaseExecutor.java:298)
	at com.kms.katalon.core.main.TestCaseExecutor.accessMainPhase(TestCaseExecutor.java:290)
	at com.kms.katalon.core.main.TestCaseExecutor.execute(TestCaseExecutor.java:224)
	at com.kms.katalon.core.main.TestSuiteExecutor.accessTestCaseMainPhase(TestSuiteExecutor.java:129)
	at com.kms.katalon.core.main.TestSuiteExecutor.accessTestSuiteMainPhase(TestSuiteExecutor.java:112)
	at com.kms.katalon.core.main.TestSuiteExecutor.execute(TestSuiteExecutor.java:81)
	at com.kms.katalon.core.main.TestCaseMain.startTestSuite(TestCaseMain.java:149)
	at com.kms.katalon.core.main.TestCaseMain$startTestSuite$0.call(Unknown Source)
	at TempTestSuite1551230042727.run(TempTestSuite1551230042727.groovy:36)]]></system-out>
         <system-err><![CDATA[2019-02-26 21:14:21 - [TEST_CASE][ERROR] - Test Cases/Editar datos bancarios: Test Cases/Editar datos bancarios FAILED.
Reason:
org.codehaus.groovy.control.MultipleCompilationErrorsException: startup failed:
General error during class generation: java.lang.NoClassDefFoundError: Unable to load class AutomatedUpdateExample due to missing dependency TestLinkAPIException

java.lang.RuntimeException: java.lang.NoClassDefFoundError: Unable to load class AutomatedUpdateExample due to missing dependency TestLinkAPIException
	at org.codehaus.groovy.control.CompilationUnit.convertUncaughtExceptionToCompilationError(CompilationUnit.java:1089)
	at org.codehaus.groovy.control.CompilationUnit.applyToPrimaryClassNodes(CompilationUnit.java:1067)
	at org.codehaus.groovy.control.CompilationUnit.doPhaseOperation(CompilationUnit.java:591)
	at org.codehaus.groovy.control.CompilationUnit.processPhaseOperations(CompilationUnit.java:569)
	at org.codehaus.groovy.control.CompilationUnit.compile(CompilationUnit.java:546)
	at groovy.lang.GroovyClassLoader.doParseClass(GroovyClassLoader.java:298)
	at groovy.lang.GroovyClassLoader.parseClass(GroovyClassLoader.java:268)
	at com.kms.katalon.core.main.ScriptEngine.getScript(ScriptEngine.java:199)
	at com.kms.katalon.core.main.ScriptEngine.run(ScriptEngine.java:194)
	at com.kms.katalon.core.main.ScriptEngine.runScriptAsRawText(ScriptEngine.java:119)
	at com.kms.katalon.core.main.TestCaseExecutor.runScript(TestCaseExecutor.java:328)
	at com.kms.katalon.core.main.TestCaseExecutor.doExecute(TestCaseExecutor.java:319)
	at com.kms.katalon.core.main.TestCaseExecutor.processExecutionPhase(TestCaseExecutor.java:298)
	at com.kms.katalon.core.main.TestCaseExecutor.accessMainPhase(TestCaseExecutor.java:290)
	at com.kms.katalon.core.main.TestCaseExecutor.execute(TestCaseExecutor.java:224)
	at com.kms.katalon.core.main.TestSuiteExecutor.accessTestCaseMainPhase(TestSuiteExecutor.java:129)
	at com.kms.katalon.core.main.TestSuiteExecutor.accessTestSuiteMainPhase(TestSuiteExecutor.java:112)
	at com.kms.katalon.core.main.TestSuiteExecutor.execute(TestSuiteExecutor.java:81)
	at com.kms.katalon.core.main.TestCaseMain.startTestSuite(TestCaseMain.java:149)
	at com.kms.katalon.core.main.TestCaseMain$startTestSuite$0.call(Unknown Source)
	at org.codehaus.groovy.runtime.callsite.CallSiteArray.defaultCall(CallSiteArray.java:48)
	at org.codehaus.groovy.runtime.callsite.AbstractCallSite.call(AbstractCallSite.java:113)
	at org.codehaus.groovy.runtime.callsite.AbstractCallSite.call(AbstractCallSite.java:141)
	at TempTestSuite1551230042727.run(TempTestSuite1551230042727.groovy:36)
	at groovy.lang.GroovyShell.runScriptOrMainOrTestOrRunnable(GroovyShell.java:263)
	at groovy.lang.GroovyShell.run(GroovyShell.java:518)
	at groovy.lang.GroovyShell.run(GroovyShell.java:507)
	at groovy.ui.GroovyMain.processOnce(GroovyMain.java:653)
	at groovy.ui.GroovyMain.run(GroovyMain.java:384)
	at groovy.ui.GroovyMain.process(GroovyMain.java:370)
	at groovy.ui.GroovyMain.processArgs(GroovyMain.java:129)
	at groovy.ui.GroovyMain.main(GroovyMain.java:109)
	at sun.reflect.NativeMethodAccessorImpl.invoke0(Native Method)
	at sun.reflect.NativeMethodAccessorImpl.invoke(NativeMethodAccessorImpl.java:62)
	at sun.reflect.DelegatingMethodAccessorImpl.invoke(DelegatingMethodAccessorImpl.java:43)
	at java.lang.reflect.Method.invoke(Method.java:498)
	at org.codehaus.groovy.tools.GroovyStarter.rootLoader(GroovyStarter.java:109)
	at org.codehaus.groovy.tools.GroovyStarter.main(GroovyStarter.java:131)
Caused by: java.lang.NoClassDefFoundError: Unable to load class AutomatedUpdateExample due to missing dependency TestLinkAPIException
	at org.codehaus.groovy.vmplugin.v5.Java5.configureClassNode(Java5.java:392)
	at org.codehaus.groovy.ast.ClassNode.lazyClassInit(ClassNode.java:277)
	at org.codehaus.groovy.ast.ClassNode.getUnresolvedSuperClass(ClassNode.java:1006)
	at org.codehaus.groovy.ast.ClassNode.getUnresolvedSuperClass(ClassNode.java:1001)
	at org.codehaus.groovy.ast.ClassNode.getSuperClass(ClassNode.java:995)
	at org.codehaus.groovy.ast.ClassNode.isDerivedFrom(ClassNode.java:938)
	at org.codehaus.groovy.classgen.asm.InvocationWriter.castToNonPrimitiveIfNecessary(InvocationWriter.java:858)
	at org.codehaus.groovy.classgen.asm.OperandStack.doConvertAndCast(OperandStack.java:345)
	at org.codehaus.groovy.classgen.asm.OperandStack.doGroovyCast(OperandStack.java:282)
	at org.codehaus.groovy.classgen.asm.BinaryExpressionHelper.evaluateEqual(BinaryExpressionHelper.java:344)
	at org.codehaus.groovy.classgen.AsmClassGenerator.visitDeclarationExpression(AsmClassGenerator.java:633)
	at org.codehaus.groovy.ast.expr.DeclarationExpression.visit(DeclarationExpression.java:89)
	at org.codehaus.groovy.classgen.asm.StatementWriter.writeExpressionStatement(StatementWriter.java:612)
	at org.codehaus.groovy.classgen.asm.OptimizingStatementWriter.writeExpressionStatement(OptimizingStatementWriter.java:357)
	at org.codehaus.groovy.classgen.AsmClassGenerator.visitExpressionStatement(AsmClassGenerator.java:620)
	at org.codehaus.groovy.ast.stmt.ExpressionStatement.visit(ExpressionStatement.java:42)
	at org.codehaus.groovy.classgen.asm.StatementWriter.writeBlockStatement(StatementWriter.java:84)
	at org.codehaus.groovy.classgen.asm.OptimizingStatementWriter.writeBlockStatement(OptimizingStatementWriter.java:158)
	at org.codehaus.groovy.classgen.AsmClassGenerator.visitBlockStatement(AsmClassGenerator.java:566)
	at org.codehaus.groovy.ast.stmt.BlockStatement.visit(BlockStatement.java:71)
	at org.codehaus.groovy.ast.ClassCodeVisitorSupport.visitClassCodeContainer(ClassCodeVisitorSupport.java:104)
	at org.codehaus.groovy.ast.ClassCodeVisitorSupport.visitConstructorOrMethod(ClassCodeVisitorSupport.java:115)
	at org.codehaus.groovy.classgen.AsmClassGenerator.visitStdMethod(AsmClassGenerator.java:430)
	at org.codehaus.groovy.classgen.AsmClassGenerator.visitConstructorOrMethod(AsmClassGenerator.java:387)
	at org.codehaus.groovy.ast.ClassCodeVisitorSupport.visitMethod(ClassCodeVisitorSupport.java:126)
	at org.codehaus.groovy.classgen.AsmClassGenerator.visitMethod(AsmClassGenerator.java:507)
	at org.codehaus.groovy.ast.ClassNode.visitContents(ClassNode.java:1078)
	at org.codehaus.groovy.ast.ClassCodeVisitorSupport.visitClass(ClassCodeVisitorSupport.java:53)
	at org.codehaus.groovy.classgen.AsmClassGenerator.visitClass(AsmClassGenerator.java:233)
	at org.codehaus.groovy.control.CompilationUnit$16.call(CompilationUnit.java:813)
	at org.codehaus.groovy.control.CompilationUnit.applyToPrimaryClassNodes(CompilationUnit.java:1053)
	... 36 more

1 error

	at com.kms.katalon.core.main.ScriptEngine.getScript(ScriptEngine.java:199)
	at com.kms.katalon.core.main.ScriptEngine.run(ScriptEngine.java:194)
	at com.kms.katalon.core.main.ScriptEngine.runScriptAsRawText(ScriptEngine.java:119)
	at com.kms.katalon.core.main.TestCaseExecutor.runScript(TestCaseExecutor.java:328)
	at com.kms.katalon.core.main.TestCaseExecutor.doExecute(TestCaseExecutor.java:319)
	at com.kms.katalon.core.main.TestCaseExecutor.processExecutionPhase(TestCaseExecutor.java:298)
	at com.kms.katalon.core.main.TestCaseExecutor.accessMainPhase(TestCaseExecutor.java:290)
	at com.kms.katalon.core.main.TestCaseExecutor.execute(TestCaseExecutor.java:224)
	at com.kms.katalon.core.main.TestSuiteExecutor.accessTestCaseMainPhase(TestSuiteExecutor.java:129)
	at com.kms.katalon.core.main.TestSuiteExecutor.accessTestSuiteMainPhase(TestSuiteExecutor.java:112)
	at com.kms.katalon.core.main.TestSuiteExecutor.execute(TestSuiteExecutor.java:81)
	at com.kms.katalon.core.main.TestCaseMain.startTestSuite(TestCaseMain.java:149)
	at com.kms.katalon.core.main.TestCaseMain$startTestSuite$0.call(Unknown Source)
	at TempTestSuite1551230042727.run(TempTestSuite1551230042727.groovy:36)]]></system-err>
      </testcase>
      <testcase name="Test Cases/Editar datos bancarios" classname="Test Cases/Editar datos bancarios" status="ERROR">
         <error type="ERROR" message="Test Cases/Editar datos bancarios FAILED.
Reason:
org.codehaus.groovy.control.MultipleCompilationErrorsException: startup failed:
General error during class generation: java.lang.NoClassDefFoundError: Unable to load class AutomatedUpdateExample due to missing dependency TestLinkAPIException

java.lang.RuntimeException: java.lang.NoClassDefFoundError: Unable to load class AutomatedUpdateExample due to missing dependency TestLinkAPIException
	at org.codehaus.groovy.control.CompilationUnit.convertUncaughtExceptionToCompilationError(CompilationUnit.java:1089)
	at org.codehaus.groovy.control.CompilationUnit.applyToPrimaryClassNodes(CompilationUnit.java:1067)
	at org.codehaus.groovy.control.CompilationUnit.doPhaseOperation(CompilationUnit.java:591)
	at org.codehaus.groovy.control.CompilationUnit.processPhaseOperations(CompilationUnit.java:569)
	at org.codehaus.groovy.control.CompilationUnit.compile(CompilationUnit.java:546)
	at groovy.lang.GroovyClassLoader.doParseClass(GroovyClassLoader.java:298)
	at groovy.lang.GroovyClassLoader.parseClass(GroovyClassLoader.java:268)
	at com.kms.katalon.core.main.ScriptEngine.getScript(ScriptEngine.java:199)
	at com.kms.katalon.core.main.ScriptEngine.run(ScriptEngine.java:194)
	at com.kms.katalon.core.main.ScriptEngine.runScriptAsRawText(ScriptEngine.java:119)
	at com.kms.katalon.core.main.TestCaseExecutor.runScript(TestCaseExecutor.java:328)
	at com.kms.katalon.core.main.TestCaseExecutor.doExecute(TestCaseExecutor.java:319)
	at com.kms.katalon.core.main.TestCaseExecutor.processExecutionPhase(TestCaseExecutor.java:298)
	at com.kms.katalon.core.main.TestCaseExecutor.accessMainPhase(TestCaseExecutor.java:290)
	at com.kms.katalon.core.main.TestCaseExecutor.execute(TestCaseExecutor.java:224)
	at com.kms.katalon.core.main.TestSuiteExecutor.accessTestCaseMainPhase(TestSuiteExecutor.java:129)
	at com.kms.katalon.core.main.TestSuiteExecutor.accessTestSuiteMainPhase(TestSuiteExecutor.java:112)
	at com.kms.katalon.core.main.TestSuiteExecutor.execute(TestSuiteExecutor.java:81)
	at com.kms.katalon.core.main.TestCaseMain.startTestSuite(TestCaseMain.java:149)
	at com.kms.katalon.core.main.TestCaseMain$startTestSuite$0.call(Unknown Source)
	at org.codehaus.groovy.runtime.callsite.CallSiteArray.defaultCall(CallSiteArray.java:48)
	at org.codehaus.groovy.runtime.callsite.AbstractCallSite.call(AbstractCallSite.java:113)
	at org.codehaus.groovy.runtime.callsite.AbstractCallSite.call(AbstractCallSite.java:141)
	at TempTestSuite1551230042727.run(TempTestSuite1551230042727.groovy:36)
	at groovy.lang.GroovyShell.runScriptOrMainOrTestOrRunnable(GroovyShell.java:263)
	at groovy.lang.GroovyShell.run(GroovyShell.java:518)
	at groovy.lang.GroovyShell.run(GroovyShell.java:507)
	at groovy.ui.GroovyMain.processOnce(GroovyMain.java:653)
	at groovy.ui.GroovyMain.run(GroovyMain.java:384)
	at groovy.ui.GroovyMain.process(GroovyMain.java:370)
	at groovy.ui.GroovyMain.processArgs(GroovyMain.java:129)
	at groovy.ui.GroovyMain.main(GroovyMain.java:109)
	at sun.reflect.NativeMethodAccessorImpl.invoke0(Native Method)
	at sun.reflect.NativeMethodAccessorImpl.invoke(NativeMethodAccessorImpl.java:62)
	at sun.reflect.DelegatingMethodAccessorImpl.invoke(DelegatingMethodAccessorImpl.java:43)
	at java.lang.reflect.Method.invoke(Method.java:498)
	at org.codehaus.groovy.tools.GroovyStarter.rootLoader(GroovyStarter.java:109)
	at org.codehaus.groovy.tools.GroovyStarter.main(GroovyStarter.java:131)
Caused by: java.lang.NoClassDefFoundError: Unable to load class AutomatedUpdateExample due to missing dependency TestLinkAPIException
	at org.codehaus.groovy.vmplugin.v5.Java5.configureClassNode(Java5.java:392)
	at org.codehaus.groovy.ast.ClassNode.lazyClassInit(ClassNode.java:277)
	at org.codehaus.groovy.ast.ClassNode.getUnresolvedSuperClass(ClassNode.java:1006)
	at org.codehaus.groovy.ast.ClassNode.getUnresolvedSuperClass(ClassNode.java:1001)
	at org.codehaus.groovy.ast.ClassNode.getSuperClass(ClassNode.java:995)
	at org.codehaus.groovy.ast.ClassNode.isDerivedFrom(ClassNode.java:938)
	at org.codehaus.groovy.classgen.asm.InvocationWriter.castToNonPrimitiveIfNecessary(InvocationWriter.java:858)
	at org.codehaus.groovy.classgen.asm.OperandStack.doConvertAndCast(OperandStack.java:345)
	at org.codehaus.groovy.classgen.asm.OperandStack.doGroovyCast(OperandStack.java:282)
	at org.codehaus.groovy.classgen.asm.BinaryExpressionHelper.evaluateEqual(BinaryExpressionHelper.java:344)
	at org.codehaus.groovy.classgen.AsmClassGenerator.visitDeclarationExpression(AsmClassGenerator.java:633)
	at org.codehaus.groovy.ast.expr.DeclarationExpression.visit(DeclarationExpression.java:89)
	at org.codehaus.groovy.classgen.asm.StatementWriter.writeExpressionStatement(StatementWriter.java:612)
	at org.codehaus.groovy.classgen.asm.OptimizingStatementWriter.writeExpressionStatement(OptimizingStatementWriter.java:357)
	at org.codehaus.groovy.classgen.AsmClassGenerator.visitExpressionStatement(AsmClassGenerator.java:620)
	at org.codehaus.groovy.ast.stmt.ExpressionStatement.visit(ExpressionStatement.java:42)
	at org.codehaus.groovy.classgen.asm.StatementWriter.writeBlockStatement(StatementWriter.java:84)
	at org.codehaus.groovy.classgen.asm.OptimizingStatementWriter.writeBlockStatement(OptimizingStatementWriter.java:158)
	at org.codehaus.groovy.classgen.AsmClassGenerator.visitBlockStatement(AsmClassGenerator.java:566)
	at org.codehaus.groovy.ast.stmt.BlockStatement.visit(BlockStatement.java:71)
	at org.codehaus.groovy.ast.ClassCodeVisitorSupport.visitClassCodeContainer(ClassCodeVisitorSupport.java:104)
	at org.codehaus.groovy.ast.ClassCodeVisitorSupport.visitConstructorOrMethod(ClassCodeVisitorSupport.java:115)
	at org.codehaus.groovy.classgen.AsmClassGenerator.visitStdMethod(AsmClassGenerator.java:430)
	at org.codehaus.groovy.classgen.AsmClassGenerator.visitConstructorOrMethod(AsmClassGenerator.java:387)
	at org.codehaus.groovy.ast.ClassCodeVisitorSupport.visitMethod(ClassCodeVisitorSupport.java:126)
	at org.codehaus.groovy.classgen.AsmClassGenerator.visitMethod(AsmClassGenerator.java:507)
	at org.codehaus.groovy.ast.ClassNode.visitContents(ClassNode.java:1078)
	at org.codehaus.groovy.ast.ClassCodeVisitorSupport.visitClass(ClassCodeVisitorSupport.java:53)
	at org.codehaus.groovy.classgen.AsmClassGenerator.visitClass(AsmClassGenerator.java:233)
	at org.codehaus.groovy.control.CompilationUnit$16.call(CompilationUnit.java:813)
	at org.codehaus.groovy.control.CompilationUnit.applyToPrimaryClassNodes(CompilationUnit.java:1053)
	... 36 more

1 error

	at com.kms.katalon.core.main.ScriptEngine.getScript(ScriptEngine.java:199)
	at com.kms.katalon.core.main.ScriptEngine.run(ScriptEngine.java:194)
	at com.kms.katalon.core.main.ScriptEngine.runScriptAsRawText(ScriptEngine.java:119)
	at com.kms.katalon.core.main.TestCaseExecutor.runScript(TestCaseExecutor.java:328)
	at com.kms.katalon.core.main.TestCaseExecutor.doExecute(TestCaseExecutor.java:319)
	at com.kms.katalon.core.main.TestCaseExecutor.processExecutionPhase(TestCaseExecutor.java:298)
	at com.kms.katalon.core.main.TestCaseExecutor.accessMainPhase(TestCaseExecutor.java:290)
	at com.kms.katalon.core.main.TestCaseExecutor.execute(TestCaseExecutor.java:224)
	at com.kms.katalon.core.main.TestSuiteExecutor.accessTestCaseMainPhase(TestSuiteExecutor.java:129)
	at com.kms.katalon.core.main.TestSuiteExecutor.accessTestSuiteMainPhase(TestSuiteExecutor.java:112)
	at com.kms.katalon.core.main.TestSuiteExecutor.execute(TestSuiteExecutor.java:81)
	at com.kms.katalon.core.main.TestCaseMain.startTestSuite(TestCaseMain.java:149)
	at com.kms.katalon.core.main.TestCaseMain$startTestSuite$0.call(Unknown Source)
	at TempTestSuite1551230042727.run(TempTestSuite1551230042727.groovy:36)
"/>
         <system-out><![CDATA[2019-02-26 21:14:22 - [TEST_CASE][ERROR] - Test Cases/Editar datos bancarios: Test Cases/Editar datos bancarios FAILED.
Reason:
org.codehaus.groovy.control.MultipleCompilationErrorsException: startup failed:
General error during class generation: java.lang.NoClassDefFoundError: Unable to load class AutomatedUpdateExample due to missing dependency TestLinkAPIException

java.lang.RuntimeException: java.lang.NoClassDefFoundError: Unable to load class AutomatedUpdateExample due to missing dependency TestLinkAPIException
	at org.codehaus.groovy.control.CompilationUnit.convertUncaughtExceptionToCompilationError(CompilationUnit.java:1089)
	at org.codehaus.groovy.control.CompilationUnit.applyToPrimaryClassNodes(CompilationUnit.java:1067)
	at org.codehaus.groovy.control.CompilationUnit.doPhaseOperation(CompilationUnit.java:591)
	at org.codehaus.groovy.control.CompilationUnit.processPhaseOperations(CompilationUnit.java:569)
	at org.codehaus.groovy.control.CompilationUnit.compile(CompilationUnit.java:546)
	at groovy.lang.GroovyClassLoader.doParseClass(GroovyClassLoader.java:298)
	at groovy.lang.GroovyClassLoader.parseClass(GroovyClassLoader.java:268)
	at com.kms.katalon.core.main.ScriptEngine.getScript(ScriptEngine.java:199)
	at com.kms.katalon.core.main.ScriptEngine.run(ScriptEngine.java:194)
	at com.kms.katalon.core.main.ScriptEngine.runScriptAsRawText(ScriptEngine.java:119)
	at com.kms.katalon.core.main.TestCaseExecutor.runScript(TestCaseExecutor.java:328)
	at com.kms.katalon.core.main.TestCaseExecutor.doExecute(TestCaseExecutor.java:319)
	at com.kms.katalon.core.main.TestCaseExecutor.processExecutionPhase(TestCaseExecutor.java:298)
	at com.kms.katalon.core.main.TestCaseExecutor.accessMainPhase(TestCaseExecutor.java:290)
	at com.kms.katalon.core.main.TestCaseExecutor.execute(TestCaseExecutor.java:224)
	at com.kms.katalon.core.main.TestSuiteExecutor.accessTestCaseMainPhase(TestSuiteExecutor.java:129)
	at com.kms.katalon.core.main.TestSuiteExecutor.accessTestSuiteMainPhase(TestSuiteExecutor.java:112)
	at com.kms.katalon.core.main.TestSuiteExecutor.execute(TestSuiteExecutor.java:81)
	at com.kms.katalon.core.main.TestCaseMain.startTestSuite(TestCaseMain.java:149)
	at com.kms.katalon.core.main.TestCaseMain$startTestSuite$0.call(Unknown Source)
	at org.codehaus.groovy.runtime.callsite.CallSiteArray.defaultCall(CallSiteArray.java:48)
	at org.codehaus.groovy.runtime.callsite.AbstractCallSite.call(AbstractCallSite.java:113)
	at org.codehaus.groovy.runtime.callsite.AbstractCallSite.call(AbstractCallSite.java:141)
	at TempTestSuite1551230042727.run(TempTestSuite1551230042727.groovy:36)
	at groovy.lang.GroovyShell.runScriptOrMainOrTestOrRunnable(GroovyShell.java:263)
	at groovy.lang.GroovyShell.run(GroovyShell.java:518)
	at groovy.lang.GroovyShell.run(GroovyShell.java:507)
	at groovy.ui.GroovyMain.processOnce(GroovyMain.java:653)
	at groovy.ui.GroovyMain.run(GroovyMain.java:384)
	at groovy.ui.GroovyMain.process(GroovyMain.java:370)
	at groovy.ui.GroovyMain.processArgs(GroovyMain.java:129)
	at groovy.ui.GroovyMain.main(GroovyMain.java:109)
	at sun.reflect.NativeMethodAccessorImpl.invoke0(Native Method)
	at sun.reflect.NativeMethodAccessorImpl.invoke(NativeMethodAccessorImpl.java:62)
	at sun.reflect.DelegatingMethodAccessorImpl.invoke(DelegatingMethodAccessorImpl.java:43)
	at java.lang.reflect.Method.invoke(Method.java:498)
	at org.codehaus.groovy.tools.GroovyStarter.rootLoader(GroovyStarter.java:109)
	at org.codehaus.groovy.tools.GroovyStarter.main(GroovyStarter.java:131)
Caused by: java.lang.NoClassDefFoundError: Unable to load class AutomatedUpdateExample due to missing dependency TestLinkAPIException
	at org.codehaus.groovy.vmplugin.v5.Java5.configureClassNode(Java5.java:392)
	at org.codehaus.groovy.ast.ClassNode.lazyClassInit(ClassNode.java:277)
	at org.codehaus.groovy.ast.ClassNode.getUnresolvedSuperClass(ClassNode.java:1006)
	at org.codehaus.groovy.ast.ClassNode.getUnresolvedSuperClass(ClassNode.java:1001)
	at org.codehaus.groovy.ast.ClassNode.getSuperClass(ClassNode.java:995)
	at org.codehaus.groovy.ast.ClassNode.isDerivedFrom(ClassNode.java:938)
	at org.codehaus.groovy.classgen.asm.InvocationWriter.castToNonPrimitiveIfNecessary(InvocationWriter.java:858)
	at org.codehaus.groovy.classgen.asm.OperandStack.doConvertAndCast(OperandStack.java:345)
	at org.codehaus.groovy.classgen.asm.OperandStack.doGroovyCast(OperandStack.java:282)
	at org.codehaus.groovy.classgen.asm.BinaryExpressionHelper.evaluateEqual(BinaryExpressionHelper.java:344)
	at org.codehaus.groovy.classgen.AsmClassGenerator.visitDeclarationExpression(AsmClassGenerator.java:633)
	at org.codehaus.groovy.ast.expr.DeclarationExpression.visit(DeclarationExpression.java:89)
	at org.codehaus.groovy.classgen.asm.StatementWriter.writeExpressionStatement(StatementWriter.java:612)
	at org.codehaus.groovy.classgen.asm.OptimizingStatementWriter.writeExpressionStatement(OptimizingStatementWriter.java:357)
	at org.codehaus.groovy.classgen.AsmClassGenerator.visitExpressionStatement(AsmClassGenerator.java:620)
	at org.codehaus.groovy.ast.stmt.ExpressionStatement.visit(ExpressionStatement.java:42)
	at org.codehaus.groovy.classgen.asm.StatementWriter.writeBlockStatement(StatementWriter.java:84)
	at org.codehaus.groovy.classgen.asm.OptimizingStatementWriter.writeBlockStatement(OptimizingStatementWriter.java:158)
	at org.codehaus.groovy.classgen.AsmClassGenerator.visitBlockStatement(AsmClassGenerator.java:566)
	at org.codehaus.groovy.ast.stmt.BlockStatement.visit(BlockStatement.java:71)
	at org.codehaus.groovy.ast.ClassCodeVisitorSupport.visitClassCodeContainer(ClassCodeVisitorSupport.java:104)
	at org.codehaus.groovy.ast.ClassCodeVisitorSupport.visitConstructorOrMethod(ClassCodeVisitorSupport.java:115)
	at org.codehaus.groovy.classgen.AsmClassGenerator.visitStdMethod(AsmClassGenerator.java:430)
	at org.codehaus.groovy.classgen.AsmClassGenerator.visitConstructorOrMethod(AsmClassGenerator.java:387)
	at org.codehaus.groovy.ast.ClassCodeVisitorSupport.visitMethod(ClassCodeVisitorSupport.java:126)
	at org.codehaus.groovy.classgen.AsmClassGenerator.visitMethod(AsmClassGenerator.java:507)
	at org.codehaus.groovy.ast.ClassNode.visitContents(ClassNode.java:1078)
	at org.codehaus.groovy.ast.ClassCodeVisitorSupport.visitClass(ClassCodeVisitorSupport.java:53)
	at org.codehaus.groovy.classgen.AsmClassGenerator.visitClass(AsmClassGenerator.java:233)
	at org.codehaus.groovy.control.CompilationUnit$16.call(CompilationUnit.java:813)
	at org.codehaus.groovy.control.CompilationUnit.applyToPrimaryClassNodes(CompilationUnit.java:1053)
	... 36 more

1 error

	at com.kms.katalon.core.main.ScriptEngine.getScript(ScriptEngine.java:199)
	at com.kms.katalon.core.main.ScriptEngine.run(ScriptEngine.java:194)
	at com.kms.katalon.core.main.ScriptEngine.runScriptAsRawText(ScriptEngine.java:119)
	at com.kms.katalon.core.main.TestCaseExecutor.runScript(TestCaseExecutor.java:328)
	at com.kms.katalon.core.main.TestCaseExecutor.doExecute(TestCaseExecutor.java:319)
	at com.kms.katalon.core.main.TestCaseExecutor.processExecutionPhase(TestCaseExecutor.java:298)
	at com.kms.katalon.core.main.TestCaseExecutor.accessMainPhase(TestCaseExecutor.java:290)
	at com.kms.katalon.core.main.TestCaseExecutor.execute(TestCaseExecutor.java:224)
	at com.kms.katalon.core.main.TestSuiteExecutor.accessTestCaseMainPhase(TestSuiteExecutor.java:129)
	at com.kms.katalon.core.main.TestSuiteExecutor.accessTestSuiteMainPhase(TestSuiteExecutor.java:112)
	at com.kms.katalon.core.main.TestSuiteExecutor.execute(TestSuiteExecutor.java:81)
	at com.kms.katalon.core.main.TestCaseMain.startTestSuite(TestCaseMain.java:149)
	at com.kms.katalon.core.main.TestCaseMain$startTestSuite$0.call(Unknown Source)
	at TempTestSuite1551230042727.run(TempTestSuite1551230042727.groovy:36)]]></system-out>
         <system-err><![CDATA[2019-02-26 21:14:22 - [TEST_CASE][ERROR] - Test Cases/Editar datos bancarios: Test Cases/Editar datos bancarios FAILED.
Reason:
org.codehaus.groovy.control.MultipleCompilationErrorsException: startup failed:
General error during class generation: java.lang.NoClassDefFoundError: Unable to load class AutomatedUpdateExample due to missing dependency TestLinkAPIException

java.lang.RuntimeException: java.lang.NoClassDefFoundError: Unable to load class AutomatedUpdateExample due to missing dependency TestLinkAPIException
	at org.codehaus.groovy.control.CompilationUnit.convertUncaughtExceptionToCompilationError(CompilationUnit.java:1089)
	at org.codehaus.groovy.control.CompilationUnit.applyToPrimaryClassNodes(CompilationUnit.java:1067)
	at org.codehaus.groovy.control.CompilationUnit.doPhaseOperation(CompilationUnit.java:591)
	at org.codehaus.groovy.control.CompilationUnit.processPhaseOperations(CompilationUnit.java:569)
	at org.codehaus.groovy.control.CompilationUnit.compile(CompilationUnit.java:546)
	at groovy.lang.GroovyClassLoader.doParseClass(GroovyClassLoader.java:298)
	at groovy.lang.GroovyClassLoader.parseClass(GroovyClassLoader.java:268)
	at com.kms.katalon.core.main.ScriptEngine.getScript(ScriptEngine.java:199)
	at com.kms.katalon.core.main.ScriptEngine.run(ScriptEngine.java:194)
	at com.kms.katalon.core.main.ScriptEngine.runScriptAsRawText(ScriptEngine.java:119)
	at com.kms.katalon.core.main.TestCaseExecutor.runScript(TestCaseExecutor.java:328)
	at com.kms.katalon.core.main.TestCaseExecutor.doExecute(TestCaseExecutor.java:319)
	at com.kms.katalon.core.main.TestCaseExecutor.processExecutionPhase(TestCaseExecutor.java:298)
	at com.kms.katalon.core.main.TestCaseExecutor.accessMainPhase(TestCaseExecutor.java:290)
	at com.kms.katalon.core.main.TestCaseExecutor.execute(TestCaseExecutor.java:224)
	at com.kms.katalon.core.main.TestSuiteExecutor.accessTestCaseMainPhase(TestSuiteExecutor.java:129)
	at com.kms.katalon.core.main.TestSuiteExecutor.accessTestSuiteMainPhase(TestSuiteExecutor.java:112)
	at com.kms.katalon.core.main.TestSuiteExecutor.execute(TestSuiteExecutor.java:81)
	at com.kms.katalon.core.main.TestCaseMain.startTestSuite(TestCaseMain.java:149)
	at com.kms.katalon.core.main.TestCaseMain$startTestSuite$0.call(Unknown Source)
	at org.codehaus.groovy.runtime.callsite.CallSiteArray.defaultCall(CallSiteArray.java:48)
	at org.codehaus.groovy.runtime.callsite.AbstractCallSite.call(AbstractCallSite.java:113)
	at org.codehaus.groovy.runtime.callsite.AbstractCallSite.call(AbstractCallSite.java:141)
	at TempTestSuite1551230042727.run(TempTestSuite1551230042727.groovy:36)
	at groovy.lang.GroovyShell.runScriptOrMainOrTestOrRunnable(GroovyShell.java:263)
	at groovy.lang.GroovyShell.run(GroovyShell.java:518)
	at groovy.lang.GroovyShell.run(GroovyShell.java:507)
	at groovy.ui.GroovyMain.processOnce(GroovyMain.java:653)
	at groovy.ui.GroovyMain.run(GroovyMain.java:384)
	at groovy.ui.GroovyMain.process(GroovyMain.java:370)
	at groovy.ui.GroovyMain.processArgs(GroovyMain.java:129)
	at groovy.ui.GroovyMain.main(GroovyMain.java:109)
	at sun.reflect.NativeMethodAccessorImpl.invoke0(Native Method)
	at sun.reflect.NativeMethodAccessorImpl.invoke(NativeMethodAccessorImpl.java:62)
	at sun.reflect.DelegatingMethodAccessorImpl.invoke(DelegatingMethodAccessorImpl.java:43)
	at java.lang.reflect.Method.invoke(Method.java:498)
	at org.codehaus.groovy.tools.GroovyStarter.rootLoader(GroovyStarter.java:109)
	at org.codehaus.groovy.tools.GroovyStarter.main(GroovyStarter.java:131)
Caused by: java.lang.NoClassDefFoundError: Unable to load class AutomatedUpdateExample due to missing dependency TestLinkAPIException
	at org.codehaus.groovy.vmplugin.v5.Java5.configureClassNode(Java5.java:392)
	at org.codehaus.groovy.ast.ClassNode.lazyClassInit(ClassNode.java:277)
	at org.codehaus.groovy.ast.ClassNode.getUnresolvedSuperClass(ClassNode.java:1006)
	at org.codehaus.groovy.ast.ClassNode.getUnresolvedSuperClass(ClassNode.java:1001)
	at org.codehaus.groovy.ast.ClassNode.getSuperClass(ClassNode.java:995)
	at org.codehaus.groovy.ast.ClassNode.isDerivedFrom(ClassNode.java:938)
	at org.codehaus.groovy.classgen.asm.InvocationWriter.castToNonPrimitiveIfNecessary(InvocationWriter.java:858)
	at org.codehaus.groovy.classgen.asm.OperandStack.doConvertAndCast(OperandStack.java:345)
	at org.codehaus.groovy.classgen.asm.OperandStack.doGroovyCast(OperandStack.java:282)
	at org.codehaus.groovy.classgen.asm.BinaryExpressionHelper.evaluateEqual(BinaryExpressionHelper.java:344)
	at org.codehaus.groovy.classgen.AsmClassGenerator.visitDeclarationExpression(AsmClassGenerator.java:633)
	at org.codehaus.groovy.ast.expr.DeclarationExpression.visit(DeclarationExpression.java:89)
	at org.codehaus.groovy.classgen.asm.StatementWriter.writeExpressionStatement(StatementWriter.java:612)
	at org.codehaus.groovy.classgen.asm.OptimizingStatementWriter.writeExpressionStatement(OptimizingStatementWriter.java:357)
	at org.codehaus.groovy.classgen.AsmClassGenerator.visitExpressionStatement(AsmClassGenerator.java:620)
	at org.codehaus.groovy.ast.stmt.ExpressionStatement.visit(ExpressionStatement.java:42)
	at org.codehaus.groovy.classgen.asm.StatementWriter.writeBlockStatement(StatementWriter.java:84)
	at org.codehaus.groovy.classgen.asm.OptimizingStatementWriter.writeBlockStatement(OptimizingStatementWriter.java:158)
	at org.codehaus.groovy.classgen.AsmClassGenerator.visitBlockStatement(AsmClassGenerator.java:566)
	at org.codehaus.groovy.ast.stmt.BlockStatement.visit(BlockStatement.java:71)
	at org.codehaus.groovy.ast.ClassCodeVisitorSupport.visitClassCodeContainer(ClassCodeVisitorSupport.java:104)
	at org.codehaus.groovy.ast.ClassCodeVisitorSupport.visitConstructorOrMethod(ClassCodeVisitorSupport.java:115)
	at org.codehaus.groovy.classgen.AsmClassGenerator.visitStdMethod(AsmClassGenerator.java:430)
	at org.codehaus.groovy.classgen.AsmClassGenerator.visitConstructorOrMethod(AsmClassGenerator.java:387)
	at org.codehaus.groovy.ast.ClassCodeVisitorSupport.visitMethod(ClassCodeVisitorSupport.java:126)
	at org.codehaus.groovy.classgen.AsmClassGenerator.visitMethod(AsmClassGenerator.java:507)
	at org.codehaus.groovy.ast.ClassNode.visitContents(ClassNode.java:1078)
	at org.codehaus.groovy.ast.ClassCodeVisitorSupport.visitClass(ClassCodeVisitorSupport.java:53)
	at org.codehaus.groovy.classgen.AsmClassGenerator.visitClass(AsmClassGenerator.java:233)
	at org.codehaus.groovy.control.CompilationUnit$16.call(CompilationUnit.java:813)
	at org.codehaus.groovy.control.CompilationUnit.applyToPrimaryClassNodes(CompilationUnit.java:1053)
	... 36 more

1 error

	at com.kms.katalon.core.main.ScriptEngine.getScript(ScriptEngine.java:199)
	at com.kms.katalon.core.main.ScriptEngine.run(ScriptEngine.java:194)
	at com.kms.katalon.core.main.ScriptEngine.runScriptAsRawText(ScriptEngine.java:119)
	at com.kms.katalon.core.main.TestCaseExecutor.runScript(TestCaseExecutor.java:328)
	at com.kms.katalon.core.main.TestCaseExecutor.doExecute(TestCaseExecutor.java:319)
	at com.kms.katalon.core.main.TestCaseExecutor.processExecutionPhase(TestCaseExecutor.java:298)
	at com.kms.katalon.core.main.TestCaseExecutor.accessMainPhase(TestCaseExecutor.java:290)
	at com.kms.katalon.core.main.TestCaseExecutor.execute(TestCaseExecutor.java:224)
	at com.kms.katalon.core.main.TestSuiteExecutor.accessTestCaseMainPhase(TestSuiteExecutor.java:129)
	at com.kms.katalon.core.main.TestSuiteExecutor.accessTestSuiteMainPhase(TestSuiteExecutor.java:112)
	at com.kms.katalon.core.main.TestSuiteExecutor.execute(TestSuiteExecutor.java:81)
	at com.kms.katalon.core.main.TestCaseMain.startTestSuite(TestCaseMain.java:149)
	at com.kms.katalon.core.main.TestCaseMain$startTestSuite$0.call(Unknown Source)
	at TempTestSuite1551230042727.run(TempTestSuite1551230042727.groovy:36)]]></system-err>
      </testcase>
      <testcase name="Test Cases/Editar datos bancarios" classname="Test Cases/Editar datos bancarios" status="ERROR">
         <error type="ERROR" message="Test Cases/Editar datos bancarios FAILED.
Reason:
org.codehaus.groovy.control.MultipleCompilationErrorsException: startup failed:
General error during class generation: java.lang.NoClassDefFoundError: Unable to load class AutomatedUpdateExample due to missing dependency TestLinkAPIException

java.lang.RuntimeException: java.lang.NoClassDefFoundError: Unable to load class AutomatedUpdateExample due to missing dependency TestLinkAPIException
	at org.codehaus.groovy.control.CompilationUnit.convertUncaughtExceptionToCompilationError(CompilationUnit.java:1089)
	at org.codehaus.groovy.control.CompilationUnit.applyToPrimaryClassNodes(CompilationUnit.java:1067)
	at org.codehaus.groovy.control.CompilationUnit.doPhaseOperation(CompilationUnit.java:591)
	at org.codehaus.groovy.control.CompilationUnit.processPhaseOperations(CompilationUnit.java:569)
	at org.codehaus.groovy.control.CompilationUnit.compile(CompilationUnit.java:546)
	at groovy.lang.GroovyClassLoader.doParseClass(GroovyClassLoader.java:298)
	at groovy.lang.GroovyClassLoader.parseClass(GroovyClassLoader.java:268)
	at com.kms.katalon.core.main.ScriptEngine.getScript(ScriptEngine.java:199)
	at com.kms.katalon.core.main.ScriptEngine.run(ScriptEngine.java:194)
	at com.kms.katalon.core.main.ScriptEngine.runScriptAsRawText(ScriptEngine.java:119)
	at com.kms.katalon.core.main.TestCaseExecutor.runScript(TestCaseExecutor.java:328)
	at com.kms.katalon.core.main.TestCaseExecutor.doExecute(TestCaseExecutor.java:319)
	at com.kms.katalon.core.main.TestCaseExecutor.processExecutionPhase(TestCaseExecutor.java:298)
	at com.kms.katalon.core.main.TestCaseExecutor.accessMainPhase(TestCaseExecutor.java:290)
	at com.kms.katalon.core.main.TestCaseExecutor.execute(TestCaseExecutor.java:224)
	at com.kms.katalon.core.main.TestSuiteExecutor.accessTestCaseMainPhase(TestSuiteExecutor.java:129)
	at com.kms.katalon.core.main.TestSuiteExecutor.accessTestSuiteMainPhase(TestSuiteExecutor.java:112)
	at com.kms.katalon.core.main.TestSuiteExecutor.execute(TestSuiteExecutor.java:81)
	at com.kms.katalon.core.main.TestCaseMain.startTestSuite(TestCaseMain.java:149)
	at com.kms.katalon.core.main.TestCaseMain$startTestSuite$0.call(Unknown Source)
	at org.codehaus.groovy.runtime.callsite.CallSiteArray.defaultCall(CallSiteArray.java:48)
	at org.codehaus.groovy.runtime.callsite.AbstractCallSite.call(AbstractCallSite.java:113)
	at org.codehaus.groovy.runtime.callsite.AbstractCallSite.call(AbstractCallSite.java:141)
	at TempTestSuite1551230042727.run(TempTestSuite1551230042727.groovy:36)
	at groovy.lang.GroovyShell.runScriptOrMainOrTestOrRunnable(GroovyShell.java:263)
	at groovy.lang.GroovyShell.run(GroovyShell.java:518)
	at groovy.lang.GroovyShell.run(GroovyShell.java:507)
	at groovy.ui.GroovyMain.processOnce(GroovyMain.java:653)
	at groovy.ui.GroovyMain.run(GroovyMain.java:384)
	at groovy.ui.GroovyMain.process(GroovyMain.java:370)
	at groovy.ui.GroovyMain.processArgs(GroovyMain.java:129)
	at groovy.ui.GroovyMain.main(GroovyMain.java:109)
	at sun.reflect.NativeMethodAccessorImpl.invoke0(Native Method)
	at sun.reflect.NativeMethodAccessorImpl.invoke(NativeMethodAccessorImpl.java:62)
	at sun.reflect.DelegatingMethodAccessorImpl.invoke(DelegatingMethodAccessorImpl.java:43)
	at java.lang.reflect.Method.invoke(Method.java:498)
	at org.codehaus.groovy.tools.GroovyStarter.rootLoader(GroovyStarter.java:109)
	at org.codehaus.groovy.tools.GroovyStarter.main(GroovyStarter.java:131)
Caused by: java.lang.NoClassDefFoundError: Unable to load class AutomatedUpdateExample due to missing dependency TestLinkAPIException
	at org.codehaus.groovy.vmplugin.v5.Java5.configureClassNode(Java5.java:392)
	at org.codehaus.groovy.ast.ClassNode.lazyClassInit(ClassNode.java:277)
	at org.codehaus.groovy.ast.ClassNode.getUnresolvedSuperClass(ClassNode.java:1006)
	at org.codehaus.groovy.ast.ClassNode.getUnresolvedSuperClass(ClassNode.java:1001)
	at org.codehaus.groovy.ast.ClassNode.getSuperClass(ClassNode.java:995)
	at org.codehaus.groovy.ast.ClassNode.isDerivedFrom(ClassNode.java:938)
	at org.codehaus.groovy.classgen.asm.InvocationWriter.castToNonPrimitiveIfNecessary(InvocationWriter.java:858)
	at org.codehaus.groovy.classgen.asm.OperandStack.doConvertAndCast(OperandStack.java:345)
	at org.codehaus.groovy.classgen.asm.OperandStack.doGroovyCast(OperandStack.java:282)
	at org.codehaus.groovy.classgen.asm.BinaryExpressionHelper.evaluateEqual(BinaryExpressionHelper.java:344)
	at org.codehaus.groovy.classgen.AsmClassGenerator.visitDeclarationExpression(AsmClassGenerator.java:633)
	at org.codehaus.groovy.ast.expr.DeclarationExpression.visit(DeclarationExpression.java:89)
	at org.codehaus.groovy.classgen.asm.StatementWriter.writeExpressionStatement(StatementWriter.java:612)
	at org.codehaus.groovy.classgen.asm.OptimizingStatementWriter.writeExpressionStatement(OptimizingStatementWriter.java:357)
	at org.codehaus.groovy.classgen.AsmClassGenerator.visitExpressionStatement(AsmClassGenerator.java:620)
	at org.codehaus.groovy.ast.stmt.ExpressionStatement.visit(ExpressionStatement.java:42)
	at org.codehaus.groovy.classgen.asm.StatementWriter.writeBlockStatement(StatementWriter.java:84)
	at org.codehaus.groovy.classgen.asm.OptimizingStatementWriter.writeBlockStatement(OptimizingStatementWriter.java:158)
	at org.codehaus.groovy.classgen.AsmClassGenerator.visitBlockStatement(AsmClassGenerator.java:566)
	at org.codehaus.groovy.ast.stmt.BlockStatement.visit(BlockStatement.java:71)
	at org.codehaus.groovy.ast.ClassCodeVisitorSupport.visitClassCodeContainer(ClassCodeVisitorSupport.java:104)
	at org.codehaus.groovy.ast.ClassCodeVisitorSupport.visitConstructorOrMethod(ClassCodeVisitorSupport.java:115)
	at org.codehaus.groovy.classgen.AsmClassGenerator.visitStdMethod(AsmClassGenerator.java:430)
	at org.codehaus.groovy.classgen.AsmClassGenerator.visitConstructorOrMethod(AsmClassGenerator.java:387)
	at org.codehaus.groovy.ast.ClassCodeVisitorSupport.visitMethod(ClassCodeVisitorSupport.java:126)
	at org.codehaus.groovy.classgen.AsmClassGenerator.visitMethod(AsmClassGenerator.java:507)
	at org.codehaus.groovy.ast.ClassNode.visitContents(ClassNode.java:1078)
	at org.codehaus.groovy.ast.ClassCodeVisitorSupport.visitClass(ClassCodeVisitorSupport.java:53)
	at org.codehaus.groovy.classgen.AsmClassGenerator.visitClass(AsmClassGenerator.java:233)
	at org.codehaus.groovy.control.CompilationUnit$16.call(CompilationUnit.java:813)
	at org.codehaus.groovy.control.CompilationUnit.applyToPrimaryClassNodes(CompilationUnit.java:1053)
	... 36 more

1 error

	at com.kms.katalon.core.main.ScriptEngine.getScript(ScriptEngine.java:199)
	at com.kms.katalon.core.main.ScriptEngine.run(ScriptEngine.java:194)
	at com.kms.katalon.core.main.ScriptEngine.runScriptAsRawText(ScriptEngine.java:119)
	at com.kms.katalon.core.main.TestCaseExecutor.runScript(TestCaseExecutor.java:328)
	at com.kms.katalon.core.main.TestCaseExecutor.doExecute(TestCaseExecutor.java:319)
	at com.kms.katalon.core.main.TestCaseExecutor.processExecutionPhase(TestCaseExecutor.java:298)
	at com.kms.katalon.core.main.TestCaseExecutor.accessMainPhase(TestCaseExecutor.java:290)
	at com.kms.katalon.core.main.TestCaseExecutor.execute(TestCaseExecutor.java:224)
	at com.kms.katalon.core.main.TestSuiteExecutor.accessTestCaseMainPhase(TestSuiteExecutor.java:129)
	at com.kms.katalon.core.main.TestSuiteExecutor.accessTestSuiteMainPhase(TestSuiteExecutor.java:112)
	at com.kms.katalon.core.main.TestSuiteExecutor.execute(TestSuiteExecutor.java:81)
	at com.kms.katalon.core.main.TestCaseMain.startTestSuite(TestCaseMain.java:149)
	at com.kms.katalon.core.main.TestCaseMain$startTestSuite$0.call(Unknown Source)
	at TempTestSuite1551230042727.run(TempTestSuite1551230042727.groovy:36)
"/>
         <system-out><![CDATA[2019-02-26 21:14:23 - [TEST_CASE][ERROR] - Test Cases/Editar datos bancarios: Test Cases/Editar datos bancarios FAILED.
Reason:
org.codehaus.groovy.control.MultipleCompilationErrorsException: startup failed:
General error during class generation: java.lang.NoClassDefFoundError: Unable to load class AutomatedUpdateExample due to missing dependency TestLinkAPIException

java.lang.RuntimeException: java.lang.NoClassDefFoundError: Unable to load class AutomatedUpdateExample due to missing dependency TestLinkAPIException
	at org.codehaus.groovy.control.CompilationUnit.convertUncaughtExceptionToCompilationError(CompilationUnit.java:1089)
	at org.codehaus.groovy.control.CompilationUnit.applyToPrimaryClassNodes(CompilationUnit.java:1067)
	at org.codehaus.groovy.control.CompilationUnit.doPhaseOperation(CompilationUnit.java:591)
	at org.codehaus.groovy.control.CompilationUnit.processPhaseOperations(CompilationUnit.java:569)
	at org.codehaus.groovy.control.CompilationUnit.compile(CompilationUnit.java:546)
	at groovy.lang.GroovyClassLoader.doParseClass(GroovyClassLoader.java:298)
	at groovy.lang.GroovyClassLoader.parseClass(GroovyClassLoader.java:268)
	at com.kms.katalon.core.main.ScriptEngine.getScript(ScriptEngine.java:199)
	at com.kms.katalon.core.main.ScriptEngine.run(ScriptEngine.java:194)
	at com.kms.katalon.core.main.ScriptEngine.runScriptAsRawText(ScriptEngine.java:119)
	at com.kms.katalon.core.main.TestCaseExecutor.runScript(TestCaseExecutor.java:328)
	at com.kms.katalon.core.main.TestCaseExecutor.doExecute(TestCaseExecutor.java:319)
	at com.kms.katalon.core.main.TestCaseExecutor.processExecutionPhase(TestCaseExecutor.java:298)
	at com.kms.katalon.core.main.TestCaseExecutor.accessMainPhase(TestCaseExecutor.java:290)
	at com.kms.katalon.core.main.TestCaseExecutor.execute(TestCaseExecutor.java:224)
	at com.kms.katalon.core.main.TestSuiteExecutor.accessTestCaseMainPhase(TestSuiteExecutor.java:129)
	at com.kms.katalon.core.main.TestSuiteExecutor.accessTestSuiteMainPhase(TestSuiteExecutor.java:112)
	at com.kms.katalon.core.main.TestSuiteExecutor.execute(TestSuiteExecutor.java:81)
	at com.kms.katalon.core.main.TestCaseMain.startTestSuite(TestCaseMain.java:149)
	at com.kms.katalon.core.main.TestCaseMain$startTestSuite$0.call(Unknown Source)
	at org.codehaus.groovy.runtime.callsite.CallSiteArray.defaultCall(CallSiteArray.java:48)
	at org.codehaus.groovy.runtime.callsite.AbstractCallSite.call(AbstractCallSite.java:113)
	at org.codehaus.groovy.runtime.callsite.AbstractCallSite.call(AbstractCallSite.java:141)
	at TempTestSuite1551230042727.run(TempTestSuite1551230042727.groovy:36)
	at groovy.lang.GroovyShell.runScriptOrMainOrTestOrRunnable(GroovyShell.java:263)
	at groovy.lang.GroovyShell.run(GroovyShell.java:518)
	at groovy.lang.GroovyShell.run(GroovyShell.java:507)
	at groovy.ui.GroovyMain.processOnce(GroovyMain.java:653)
	at groovy.ui.GroovyMain.run(GroovyMain.java:384)
	at groovy.ui.GroovyMain.process(GroovyMain.java:370)
	at groovy.ui.GroovyMain.processArgs(GroovyMain.java:129)
	at groovy.ui.GroovyMain.main(GroovyMain.java:109)
	at sun.reflect.NativeMethodAccessorImpl.invoke0(Native Method)
	at sun.reflect.NativeMethodAccessorImpl.invoke(NativeMethodAccessorImpl.java:62)
	at sun.reflect.DelegatingMethodAccessorImpl.invoke(DelegatingMethodAccessorImpl.java:43)
	at java.lang.reflect.Method.invoke(Method.java:498)
	at org.codehaus.groovy.tools.GroovyStarter.rootLoader(GroovyStarter.java:109)
	at org.codehaus.groovy.tools.GroovyStarter.main(GroovyStarter.java:131)
Caused by: java.lang.NoClassDefFoundError: Unable to load class AutomatedUpdateExample due to missing dependency TestLinkAPIException
	at org.codehaus.groovy.vmplugin.v5.Java5.configureClassNode(Java5.java:392)
	at org.codehaus.groovy.ast.ClassNode.lazyClassInit(ClassNode.java:277)
	at org.codehaus.groovy.ast.ClassNode.getUnresolvedSuperClass(ClassNode.java:1006)
	at org.codehaus.groovy.ast.ClassNode.getUnresolvedSuperClass(ClassNode.java:1001)
	at org.codehaus.groovy.ast.ClassNode.getSuperClass(ClassNode.java:995)
	at org.codehaus.groovy.ast.ClassNode.isDerivedFrom(ClassNode.java:938)
	at org.codehaus.groovy.classgen.asm.InvocationWriter.castToNonPrimitiveIfNecessary(InvocationWriter.java:858)
	at org.codehaus.groovy.classgen.asm.OperandStack.doConvertAndCast(OperandStack.java:345)
	at org.codehaus.groovy.classgen.asm.OperandStack.doGroovyCast(OperandStack.java:282)
	at org.codehaus.groovy.classgen.asm.BinaryExpressionHelper.evaluateEqual(BinaryExpressionHelper.java:344)
	at org.codehaus.groovy.classgen.AsmClassGenerator.visitDeclarationExpression(AsmClassGenerator.java:633)
	at org.codehaus.groovy.ast.expr.DeclarationExpression.visit(DeclarationExpression.java:89)
	at org.codehaus.groovy.classgen.asm.StatementWriter.writeExpressionStatement(StatementWriter.java:612)
	at org.codehaus.groovy.classgen.asm.OptimizingStatementWriter.writeExpressionStatement(OptimizingStatementWriter.java:357)
	at org.codehaus.groovy.classgen.AsmClassGenerator.visitExpressionStatement(AsmClassGenerator.java:620)
	at org.codehaus.groovy.ast.stmt.ExpressionStatement.visit(ExpressionStatement.java:42)
	at org.codehaus.groovy.classgen.asm.StatementWriter.writeBlockStatement(StatementWriter.java:84)
	at org.codehaus.groovy.classgen.asm.OptimizingStatementWriter.writeBlockStatement(OptimizingStatementWriter.java:158)
	at org.codehaus.groovy.classgen.AsmClassGenerator.visitBlockStatement(AsmClassGenerator.java:566)
	at org.codehaus.groovy.ast.stmt.BlockStatement.visit(BlockStatement.java:71)
	at org.codehaus.groovy.ast.ClassCodeVisitorSupport.visitClassCodeContainer(ClassCodeVisitorSupport.java:104)
	at org.codehaus.groovy.ast.ClassCodeVisitorSupport.visitConstructorOrMethod(ClassCodeVisitorSupport.java:115)
	at org.codehaus.groovy.classgen.AsmClassGenerator.visitStdMethod(AsmClassGenerator.java:430)
	at org.codehaus.groovy.classgen.AsmClassGenerator.visitConstructorOrMethod(AsmClassGenerator.java:387)
	at org.codehaus.groovy.ast.ClassCodeVisitorSupport.visitMethod(ClassCodeVisitorSupport.java:126)
	at org.codehaus.groovy.classgen.AsmClassGenerator.visitMethod(AsmClassGenerator.java:507)
	at org.codehaus.groovy.ast.ClassNode.visitContents(ClassNode.java:1078)
	at org.codehaus.groovy.ast.ClassCodeVisitorSupport.visitClass(ClassCodeVisitorSupport.java:53)
	at org.codehaus.groovy.classgen.AsmClassGenerator.visitClass(AsmClassGenerator.java:233)
	at org.codehaus.groovy.control.CompilationUnit$16.call(CompilationUnit.java:813)
	at org.codehaus.groovy.control.CompilationUnit.applyToPrimaryClassNodes(CompilationUnit.java:1053)
	... 36 more

1 error

	at com.kms.katalon.core.main.ScriptEngine.getScript(ScriptEngine.java:199)
	at com.kms.katalon.core.main.ScriptEngine.run(ScriptEngine.java:194)
	at com.kms.katalon.core.main.ScriptEngine.runScriptAsRawText(ScriptEngine.java:119)
	at com.kms.katalon.core.main.TestCaseExecutor.runScript(TestCaseExecutor.java:328)
	at com.kms.katalon.core.main.TestCaseExecutor.doExecute(TestCaseExecutor.java:319)
	at com.kms.katalon.core.main.TestCaseExecutor.processExecutionPhase(TestCaseExecutor.java:298)
	at com.kms.katalon.core.main.TestCaseExecutor.accessMainPhase(TestCaseExecutor.java:290)
	at com.kms.katalon.core.main.TestCaseExecutor.execute(TestCaseExecutor.java:224)
	at com.kms.katalon.core.main.TestSuiteExecutor.accessTestCaseMainPhase(TestSuiteExecutor.java:129)
	at com.kms.katalon.core.main.TestSuiteExecutor.accessTestSuiteMainPhase(TestSuiteExecutor.java:112)
	at com.kms.katalon.core.main.TestSuiteExecutor.execute(TestSuiteExecutor.java:81)
	at com.kms.katalon.core.main.TestCaseMain.startTestSuite(TestCaseMain.java:149)
	at com.kms.katalon.core.main.TestCaseMain$startTestSuite$0.call(Unknown Source)
	at TempTestSuite1551230042727.run(TempTestSuite1551230042727.groovy:36)]]></system-out>
         <system-err><![CDATA[2019-02-26 21:14:23 - [TEST_CASE][ERROR] - Test Cases/Editar datos bancarios: Test Cases/Editar datos bancarios FAILED.
Reason:
org.codehaus.groovy.control.MultipleCompilationErrorsException: startup failed:
General error during class generation: java.lang.NoClassDefFoundError: Unable to load class AutomatedUpdateExample due to missing dependency TestLinkAPIException

java.lang.RuntimeException: java.lang.NoClassDefFoundError: Unable to load class AutomatedUpdateExample due to missing dependency TestLinkAPIException
	at org.codehaus.groovy.control.CompilationUnit.convertUncaughtExceptionToCompilationError(CompilationUnit.java:1089)
	at org.codehaus.groovy.control.CompilationUnit.applyToPrimaryClassNodes(CompilationUnit.java:1067)
	at org.codehaus.groovy.control.CompilationUnit.doPhaseOperation(CompilationUnit.java:591)
	at org.codehaus.groovy.control.CompilationUnit.processPhaseOperations(CompilationUnit.java:569)
	at org.codehaus.groovy.control.CompilationUnit.compile(CompilationUnit.java:546)
	at groovy.lang.GroovyClassLoader.doParseClass(GroovyClassLoader.java:298)
	at groovy.lang.GroovyClassLoader.parseClass(GroovyClassLoader.java:268)
	at com.kms.katalon.core.main.ScriptEngine.getScript(ScriptEngine.java:199)
	at com.kms.katalon.core.main.ScriptEngine.run(ScriptEngine.java:194)
	at com.kms.katalon.core.main.ScriptEngine.runScriptAsRawText(ScriptEngine.java:119)
	at com.kms.katalon.core.main.TestCaseExecutor.runScript(TestCaseExecutor.java:328)
	at com.kms.katalon.core.main.TestCaseExecutor.doExecute(TestCaseExecutor.java:319)
	at com.kms.katalon.core.main.TestCaseExecutor.processExecutionPhase(TestCaseExecutor.java:298)
	at com.kms.katalon.core.main.TestCaseExecutor.accessMainPhase(TestCaseExecutor.java:290)
	at com.kms.katalon.core.main.TestCaseExecutor.execute(TestCaseExecutor.java:224)
	at com.kms.katalon.core.main.TestSuiteExecutor.accessTestCaseMainPhase(TestSuiteExecutor.java:129)
	at com.kms.katalon.core.main.TestSuiteExecutor.accessTestSuiteMainPhase(TestSuiteExecutor.java:112)
	at com.kms.katalon.core.main.TestSuiteExecutor.execute(TestSuiteExecutor.java:81)
	at com.kms.katalon.core.main.TestCaseMain.startTestSuite(TestCaseMain.java:149)
	at com.kms.katalon.core.main.TestCaseMain$startTestSuite$0.call(Unknown Source)
	at org.codehaus.groovy.runtime.callsite.CallSiteArray.defaultCall(CallSiteArray.java:48)
	at org.codehaus.groovy.runtime.callsite.AbstractCallSite.call(AbstractCallSite.java:113)
	at org.codehaus.groovy.runtime.callsite.AbstractCallSite.call(AbstractCallSite.java:141)
	at TempTestSuite1551230042727.run(TempTestSuite1551230042727.groovy:36)
	at groovy.lang.GroovyShell.runScriptOrMainOrTestOrRunnable(GroovyShell.java:263)
	at groovy.lang.GroovyShell.run(GroovyShell.java:518)
	at groovy.lang.GroovyShell.run(GroovyShell.java:507)
	at groovy.ui.GroovyMain.processOnce(GroovyMain.java:653)
	at groovy.ui.GroovyMain.run(GroovyMain.java:384)
	at groovy.ui.GroovyMain.process(GroovyMain.java:370)
	at groovy.ui.GroovyMain.processArgs(GroovyMain.java:129)
	at groovy.ui.GroovyMain.main(GroovyMain.java:109)
	at sun.reflect.NativeMethodAccessorImpl.invoke0(Native Method)
	at sun.reflect.NativeMethodAccessorImpl.invoke(NativeMethodAccessorImpl.java:62)
	at sun.reflect.DelegatingMethodAccessorImpl.invoke(DelegatingMethodAccessorImpl.java:43)
	at java.lang.reflect.Method.invoke(Method.java:498)
	at org.codehaus.groovy.tools.GroovyStarter.rootLoader(GroovyStarter.java:109)
	at org.codehaus.groovy.tools.GroovyStarter.main(GroovyStarter.java:131)
Caused by: java.lang.NoClassDefFoundError: Unable to load class AutomatedUpdateExample due to missing dependency TestLinkAPIException
	at org.codehaus.groovy.vmplugin.v5.Java5.configureClassNode(Java5.java:392)
	at org.codehaus.groovy.ast.ClassNode.lazyClassInit(ClassNode.java:277)
	at org.codehaus.groovy.ast.ClassNode.getUnresolvedSuperClass(ClassNode.java:1006)
	at org.codehaus.groovy.ast.ClassNode.getUnresolvedSuperClass(ClassNode.java:1001)
	at org.codehaus.groovy.ast.ClassNode.getSuperClass(ClassNode.java:995)
	at org.codehaus.groovy.ast.ClassNode.isDerivedFrom(ClassNode.java:938)
	at org.codehaus.groovy.classgen.asm.InvocationWriter.castToNonPrimitiveIfNecessary(InvocationWriter.java:858)
	at org.codehaus.groovy.classgen.asm.OperandStack.doConvertAndCast(OperandStack.java:345)
	at org.codehaus.groovy.classgen.asm.OperandStack.doGroovyCast(OperandStack.java:282)
	at org.codehaus.groovy.classgen.asm.BinaryExpressionHelper.evaluateEqual(BinaryExpressionHelper.java:344)
	at org.codehaus.groovy.classgen.AsmClassGenerator.visitDeclarationExpression(AsmClassGenerator.java:633)
	at org.codehaus.groovy.ast.expr.DeclarationExpression.visit(DeclarationExpression.java:89)
	at org.codehaus.groovy.classgen.asm.StatementWriter.writeExpressionStatement(StatementWriter.java:612)
	at org.codehaus.groovy.classgen.asm.OptimizingStatementWriter.writeExpressionStatement(OptimizingStatementWriter.java:357)
	at org.codehaus.groovy.classgen.AsmClassGenerator.visitExpressionStatement(AsmClassGenerator.java:620)
	at org.codehaus.groovy.ast.stmt.ExpressionStatement.visit(ExpressionStatement.java:42)
	at org.codehaus.groovy.classgen.asm.StatementWriter.writeBlockStatement(StatementWriter.java:84)
	at org.codehaus.groovy.classgen.asm.OptimizingStatementWriter.writeBlockStatement(OptimizingStatementWriter.java:158)
	at org.codehaus.groovy.classgen.AsmClassGenerator.visitBlockStatement(AsmClassGenerator.java:566)
	at org.codehaus.groovy.ast.stmt.BlockStatement.visit(BlockStatement.java:71)
	at org.codehaus.groovy.ast.ClassCodeVisitorSupport.visitClassCodeContainer(ClassCodeVisitorSupport.java:104)
	at org.codehaus.groovy.ast.ClassCodeVisitorSupport.visitConstructorOrMethod(ClassCodeVisitorSupport.java:115)
	at org.codehaus.groovy.classgen.AsmClassGenerator.visitStdMethod(AsmClassGenerator.java:430)
	at org.codehaus.groovy.classgen.AsmClassGenerator.visitConstructorOrMethod(AsmClassGenerator.java:387)
	at org.codehaus.groovy.ast.ClassCodeVisitorSupport.visitMethod(ClassCodeVisitorSupport.java:126)
	at org.codehaus.groovy.classgen.AsmClassGenerator.visitMethod(AsmClassGenerator.java:507)
	at org.codehaus.groovy.ast.ClassNode.visitContents(ClassNode.java:1078)
	at org.codehaus.groovy.ast.ClassCodeVisitorSupport.visitClass(ClassCodeVisitorSupport.java:53)
	at org.codehaus.groovy.classgen.AsmClassGenerator.visitClass(AsmClassGenerator.java:233)
	at org.codehaus.groovy.control.CompilationUnit$16.call(CompilationUnit.java:813)
	at org.codehaus.groovy.control.CompilationUnit.applyToPrimaryClassNodes(CompilationUnit.java:1053)
	... 36 more

1 error

	at com.kms.katalon.core.main.ScriptEngine.getScript(ScriptEngine.java:199)
	at com.kms.katalon.core.main.ScriptEngine.run(ScriptEngine.java:194)
	at com.kms.katalon.core.main.ScriptEngine.runScriptAsRawText(ScriptEngine.java:119)
	at com.kms.katalon.core.main.TestCaseExecutor.runScript(TestCaseExecutor.java:328)
	at com.kms.katalon.core.main.TestCaseExecutor.doExecute(TestCaseExecutor.java:319)
	at com.kms.katalon.core.main.TestCaseExecutor.processExecutionPhase(TestCaseExecutor.java:298)
	at com.kms.katalon.core.main.TestCaseExecutor.accessMainPhase(TestCaseExecutor.java:290)
	at com.kms.katalon.core.main.TestCaseExecutor.execute(TestCaseExecutor.java:224)
	at com.kms.katalon.core.main.TestSuiteExecutor.accessTestCaseMainPhase(TestSuiteExecutor.java:129)
	at com.kms.katalon.core.main.TestSuiteExecutor.accessTestSuiteMainPhase(TestSuiteExecutor.java:112)
	at com.kms.katalon.core.main.TestSuiteExecutor.execute(TestSuiteExecutor.java:81)
	at com.kms.katalon.core.main.TestCaseMain.startTestSuite(TestCaseMain.java:149)
	at com.kms.katalon.core.main.TestCaseMain$startTestSuite$0.call(Unknown Source)
	at TempTestSuite1551230042727.run(TempTestSuite1551230042727.groovy:36)]]></system-err>
      </testcase>
      <testcase name="Test Cases/Editar datos bancarios" classname="Test Cases/Editar datos bancarios" status="ERROR">
         <error type="ERROR" message="Test Cases/Editar datos bancarios FAILED.
Reason:
org.codehaus.groovy.control.MultipleCompilationErrorsException: startup failed:
General error during class generation: java.lang.NoClassDefFoundError: Unable to load class AutomatedUpdateExample due to missing dependency TestLinkAPIException

java.lang.RuntimeException: java.lang.NoClassDefFoundError: Unable to load class AutomatedUpdateExample due to missing dependency TestLinkAPIException
	at org.codehaus.groovy.control.CompilationUnit.convertUncaughtExceptionToCompilationError(CompilationUnit.java:1089)
	at org.codehaus.groovy.control.CompilationUnit.applyToPrimaryClassNodes(CompilationUnit.java:1067)
	at org.codehaus.groovy.control.CompilationUnit.doPhaseOperation(CompilationUnit.java:591)
	at org.codehaus.groovy.control.CompilationUnit.processPhaseOperations(CompilationUnit.java:569)
	at org.codehaus.groovy.control.CompilationUnit.compile(CompilationUnit.java:546)
	at groovy.lang.GroovyClassLoader.doParseClass(GroovyClassLoader.java:298)
	at groovy.lang.GroovyClassLoader.parseClass(GroovyClassLoader.java:268)
	at com.kms.katalon.core.main.ScriptEngine.getScript(ScriptEngine.java:199)
	at com.kms.katalon.core.main.ScriptEngine.run(ScriptEngine.java:194)
	at com.kms.katalon.core.main.ScriptEngine.runScriptAsRawText(ScriptEngine.java:119)
	at com.kms.katalon.core.main.TestCaseExecutor.runScript(TestCaseExecutor.java:328)
	at com.kms.katalon.core.main.TestCaseExecutor.doExecute(TestCaseExecutor.java:319)
	at com.kms.katalon.core.main.TestCaseExecutor.processExecutionPhase(TestCaseExecutor.java:298)
	at com.kms.katalon.core.main.TestCaseExecutor.accessMainPhase(TestCaseExecutor.java:290)
	at com.kms.katalon.core.main.TestCaseExecutor.execute(TestCaseExecutor.java:224)
	at com.kms.katalon.core.main.TestSuiteExecutor.accessTestCaseMainPhase(TestSuiteExecutor.java:129)
	at com.kms.katalon.core.main.TestSuiteExecutor.accessTestSuiteMainPhase(TestSuiteExecutor.java:112)
	at com.kms.katalon.core.main.TestSuiteExecutor.execute(TestSuiteExecutor.java:81)
	at com.kms.katalon.core.main.TestCaseMain.startTestSuite(TestCaseMain.java:149)
	at com.kms.katalon.core.main.TestCaseMain$startTestSuite$0.call(Unknown Source)
	at org.codehaus.groovy.runtime.callsite.CallSiteArray.defaultCall(CallSiteArray.java:48)
	at org.codehaus.groovy.runtime.callsite.AbstractCallSite.call(AbstractCallSite.java:113)
	at org.codehaus.groovy.runtime.callsite.AbstractCallSite.call(AbstractCallSite.java:141)
	at TempTestSuite1551230042727.run(TempTestSuite1551230042727.groovy:36)
	at groovy.lang.GroovyShell.runScriptOrMainOrTestOrRunnable(GroovyShell.java:263)
	at groovy.lang.GroovyShell.run(GroovyShell.java:518)
	at groovy.lang.GroovyShell.run(GroovyShell.java:507)
	at groovy.ui.GroovyMain.processOnce(GroovyMain.java:653)
	at groovy.ui.GroovyMain.run(GroovyMain.java:384)
	at groovy.ui.GroovyMain.process(GroovyMain.java:370)
	at groovy.ui.GroovyMain.processArgs(GroovyMain.java:129)
	at groovy.ui.GroovyMain.main(GroovyMain.java:109)
	at sun.reflect.NativeMethodAccessorImpl.invoke0(Native Method)
	at sun.reflect.NativeMethodAccessorImpl.invoke(NativeMethodAccessorImpl.java:62)
	at sun.reflect.DelegatingMethodAccessorImpl.invoke(DelegatingMethodAccessorImpl.java:43)
	at java.lang.reflect.Method.invoke(Method.java:498)
	at org.codehaus.groovy.tools.GroovyStarter.rootLoader(GroovyStarter.java:109)
	at org.codehaus.groovy.tools.GroovyStarter.main(GroovyStarter.java:131)
Caused by: java.lang.NoClassDefFoundError: Unable to load class AutomatedUpdateExample due to missing dependency TestLinkAPIException
	at org.codehaus.groovy.vmplugin.v5.Java5.configureClassNode(Java5.java:392)
	at org.codehaus.groovy.ast.ClassNode.lazyClassInit(ClassNode.java:277)
	at org.codehaus.groovy.ast.ClassNode.getUnresolvedSuperClass(ClassNode.java:1006)
	at org.codehaus.groovy.ast.ClassNode.getUnresolvedSuperClass(ClassNode.java:1001)
	at org.codehaus.groovy.ast.ClassNode.getSuperClass(ClassNode.java:995)
	at org.codehaus.groovy.ast.ClassNode.isDerivedFrom(ClassNode.java:938)
	at org.codehaus.groovy.classgen.asm.InvocationWriter.castToNonPrimitiveIfNecessary(InvocationWriter.java:858)
	at org.codehaus.groovy.classgen.asm.OperandStack.doConvertAndCast(OperandStack.java:345)
	at org.codehaus.groovy.classgen.asm.OperandStack.doGroovyCast(OperandStack.java:282)
	at org.codehaus.groovy.classgen.asm.BinaryExpressionHelper.evaluateEqual(BinaryExpressionHelper.java:344)
	at org.codehaus.groovy.classgen.AsmClassGenerator.visitDeclarationExpression(AsmClassGenerator.java:633)
	at org.codehaus.groovy.ast.expr.DeclarationExpression.visit(DeclarationExpression.java:89)
	at org.codehaus.groovy.classgen.asm.StatementWriter.writeExpressionStatement(StatementWriter.java:612)
	at org.codehaus.groovy.classgen.asm.OptimizingStatementWriter.writeExpressionStatement(OptimizingStatementWriter.java:357)
	at org.codehaus.groovy.classgen.AsmClassGenerator.visitExpressionStatement(AsmClassGenerator.java:620)
	at org.codehaus.groovy.ast.stmt.ExpressionStatement.visit(ExpressionStatement.java:42)
	at org.codehaus.groovy.classgen.asm.StatementWriter.writeBlockStatement(StatementWriter.java:84)
	at org.codehaus.groovy.classgen.asm.OptimizingStatementWriter.writeBlockStatement(OptimizingStatementWriter.java:158)
	at org.codehaus.groovy.classgen.AsmClassGenerator.visitBlockStatement(AsmClassGenerator.java:566)
	at org.codehaus.groovy.ast.stmt.BlockStatement.visit(BlockStatement.java:71)
	at org.codehaus.groovy.ast.ClassCodeVisitorSupport.visitClassCodeContainer(ClassCodeVisitorSupport.java:104)
	at org.codehaus.groovy.ast.ClassCodeVisitorSupport.visitConstructorOrMethod(ClassCodeVisitorSupport.java:115)
	at org.codehaus.groovy.classgen.AsmClassGenerator.visitStdMethod(AsmClassGenerator.java:430)
	at org.codehaus.groovy.classgen.AsmClassGenerator.visitConstructorOrMethod(AsmClassGenerator.java:387)
	at org.codehaus.groovy.ast.ClassCodeVisitorSupport.visitMethod(ClassCodeVisitorSupport.java:126)
	at org.codehaus.groovy.classgen.AsmClassGenerator.visitMethod(AsmClassGenerator.java:507)
	at org.codehaus.groovy.ast.ClassNode.visitContents(ClassNode.java:1078)
	at org.codehaus.groovy.ast.ClassCodeVisitorSupport.visitClass(ClassCodeVisitorSupport.java:53)
	at org.codehaus.groovy.classgen.AsmClassGenerator.visitClass(AsmClassGenerator.java:233)
	at org.codehaus.groovy.control.CompilationUnit$16.call(CompilationUnit.java:813)
	at org.codehaus.groovy.control.CompilationUnit.applyToPrimaryClassNodes(CompilationUnit.java:1053)
	... 36 more

1 error

	at com.kms.katalon.core.main.ScriptEngine.getScript(ScriptEngine.java:199)
	at com.kms.katalon.core.main.ScriptEngine.run(ScriptEngine.java:194)
	at com.kms.katalon.core.main.ScriptEngine.runScriptAsRawText(ScriptEngine.java:119)
	at com.kms.katalon.core.main.TestCaseExecutor.runScript(TestCaseExecutor.java:328)
	at com.kms.katalon.core.main.TestCaseExecutor.doExecute(TestCaseExecutor.java:319)
	at com.kms.katalon.core.main.TestCaseExecutor.processExecutionPhase(TestCaseExecutor.java:298)
	at com.kms.katalon.core.main.TestCaseExecutor.accessMainPhase(TestCaseExecutor.java:290)
	at com.kms.katalon.core.main.TestCaseExecutor.execute(TestCaseExecutor.java:224)
	at com.kms.katalon.core.main.TestSuiteExecutor.accessTestCaseMainPhase(TestSuiteExecutor.java:129)
	at com.kms.katalon.core.main.TestSuiteExecutor.accessTestSuiteMainPhase(TestSuiteExecutor.java:112)
	at com.kms.katalon.core.main.TestSuiteExecutor.execute(TestSuiteExecutor.java:81)
	at com.kms.katalon.core.main.TestCaseMain.startTestSuite(TestCaseMain.java:149)
	at com.kms.katalon.core.main.TestCaseMain$startTestSuite$0.call(Unknown Source)
	at TempTestSuite1551230042727.run(TempTestSuite1551230042727.groovy:36)
"/>
         <system-out><![CDATA[2019-02-26 21:14:25 - [TEST_CASE][ERROR] - Test Cases/Editar datos bancarios: Test Cases/Editar datos bancarios FAILED.
Reason:
org.codehaus.groovy.control.MultipleCompilationErrorsException: startup failed:
General error during class generation: java.lang.NoClassDefFoundError: Unable to load class AutomatedUpdateExample due to missing dependency TestLinkAPIException

java.lang.RuntimeException: java.lang.NoClassDefFoundError: Unable to load class AutomatedUpdateExample due to missing dependency TestLinkAPIException
	at org.codehaus.groovy.control.CompilationUnit.convertUncaughtExceptionToCompilationError(CompilationUnit.java:1089)
	at org.codehaus.groovy.control.CompilationUnit.applyToPrimaryClassNodes(CompilationUnit.java:1067)
	at org.codehaus.groovy.control.CompilationUnit.doPhaseOperation(CompilationUnit.java:591)
	at org.codehaus.groovy.control.CompilationUnit.processPhaseOperations(CompilationUnit.java:569)
	at org.codehaus.groovy.control.CompilationUnit.compile(CompilationUnit.java:546)
	at groovy.lang.GroovyClassLoader.doParseClass(GroovyClassLoader.java:298)
	at groovy.lang.GroovyClassLoader.parseClass(GroovyClassLoader.java:268)
	at com.kms.katalon.core.main.ScriptEngine.getScript(ScriptEngine.java:199)
	at com.kms.katalon.core.main.ScriptEngine.run(ScriptEngine.java:194)
	at com.kms.katalon.core.main.ScriptEngine.runScriptAsRawText(ScriptEngine.java:119)
	at com.kms.katalon.core.main.TestCaseExecutor.runScript(TestCaseExecutor.java:328)
	at com.kms.katalon.core.main.TestCaseExecutor.doExecute(TestCaseExecutor.java:319)
	at com.kms.katalon.core.main.TestCaseExecutor.processExecutionPhase(TestCaseExecutor.java:298)
	at com.kms.katalon.core.main.TestCaseExecutor.accessMainPhase(TestCaseExecutor.java:290)
	at com.kms.katalon.core.main.TestCaseExecutor.execute(TestCaseExecutor.java:224)
	at com.kms.katalon.core.main.TestSuiteExecutor.accessTestCaseMainPhase(TestSuiteExecutor.java:129)
	at com.kms.katalon.core.main.TestSuiteExecutor.accessTestSuiteMainPhase(TestSuiteExecutor.java:112)
	at com.kms.katalon.core.main.TestSuiteExecutor.execute(TestSuiteExecutor.java:81)
	at com.kms.katalon.core.main.TestCaseMain.startTestSuite(TestCaseMain.java:149)
	at com.kms.katalon.core.main.TestCaseMain$startTestSuite$0.call(Unknown Source)
	at org.codehaus.groovy.runtime.callsite.CallSiteArray.defaultCall(CallSiteArray.java:48)
	at org.codehaus.groovy.runtime.callsite.AbstractCallSite.call(AbstractCallSite.java:113)
	at org.codehaus.groovy.runtime.callsite.AbstractCallSite.call(AbstractCallSite.java:141)
	at TempTestSuite1551230042727.run(TempTestSuite1551230042727.groovy:36)
	at groovy.lang.GroovyShell.runScriptOrMainOrTestOrRunnable(GroovyShell.java:263)
	at groovy.lang.GroovyShell.run(GroovyShell.java:518)
	at groovy.lang.GroovyShell.run(GroovyShell.java:507)
	at groovy.ui.GroovyMain.processOnce(GroovyMain.java:653)
	at groovy.ui.GroovyMain.run(GroovyMain.java:384)
	at groovy.ui.GroovyMain.process(GroovyMain.java:370)
	at groovy.ui.GroovyMain.processArgs(GroovyMain.java:129)
	at groovy.ui.GroovyMain.main(GroovyMain.java:109)
	at sun.reflect.NativeMethodAccessorImpl.invoke0(Native Method)
	at sun.reflect.NativeMethodAccessorImpl.invoke(NativeMethodAccessorImpl.java:62)
	at sun.reflect.DelegatingMethodAccessorImpl.invoke(DelegatingMethodAccessorImpl.java:43)
	at java.lang.reflect.Method.invoke(Method.java:498)
	at org.codehaus.groovy.tools.GroovyStarter.rootLoader(GroovyStarter.java:109)
	at org.codehaus.groovy.tools.GroovyStarter.main(GroovyStarter.java:131)
Caused by: java.lang.NoClassDefFoundError: Unable to load class AutomatedUpdateExample due to missing dependency TestLinkAPIException
	at org.codehaus.groovy.vmplugin.v5.Java5.configureClassNode(Java5.java:392)
	at org.codehaus.groovy.ast.ClassNode.lazyClassInit(ClassNode.java:277)
	at org.codehaus.groovy.ast.ClassNode.getUnresolvedSuperClass(ClassNode.java:1006)
	at org.codehaus.groovy.ast.ClassNode.getUnresolvedSuperClass(ClassNode.java:1001)
	at org.codehaus.groovy.ast.ClassNode.getSuperClass(ClassNode.java:995)
	at org.codehaus.groovy.ast.ClassNode.isDerivedFrom(ClassNode.java:938)
	at org.codehaus.groovy.classgen.asm.InvocationWriter.castToNonPrimitiveIfNecessary(InvocationWriter.java:858)
	at org.codehaus.groovy.classgen.asm.OperandStack.doConvertAndCast(OperandStack.java:345)
	at org.codehaus.groovy.classgen.asm.OperandStack.doGroovyCast(OperandStack.java:282)
	at org.codehaus.groovy.classgen.asm.BinaryExpressionHelper.evaluateEqual(BinaryExpressionHelper.java:344)
	at org.codehaus.groovy.classgen.AsmClassGenerator.visitDeclarationExpression(AsmClassGenerator.java:633)
	at org.codehaus.groovy.ast.expr.DeclarationExpression.visit(DeclarationExpression.java:89)
	at org.codehaus.groovy.classgen.asm.StatementWriter.writeExpressionStatement(StatementWriter.java:612)
	at org.codehaus.groovy.classgen.asm.OptimizingStatementWriter.writeExpressionStatement(OptimizingStatementWriter.java:357)
	at org.codehaus.groovy.classgen.AsmClassGenerator.visitExpressionStatement(AsmClassGenerator.java:620)
	at org.codehaus.groovy.ast.stmt.ExpressionStatement.visit(ExpressionStatement.java:42)
	at org.codehaus.groovy.classgen.asm.StatementWriter.writeBlockStatement(StatementWriter.java:84)
	at org.codehaus.groovy.classgen.asm.OptimizingStatementWriter.writeBlockStatement(OptimizingStatementWriter.java:158)
	at org.codehaus.groovy.classgen.AsmClassGenerator.visitBlockStatement(AsmClassGenerator.java:566)
	at org.codehaus.groovy.ast.stmt.BlockStatement.visit(BlockStatement.java:71)
	at org.codehaus.groovy.ast.ClassCodeVisitorSupport.visitClassCodeContainer(ClassCodeVisitorSupport.java:104)
	at org.codehaus.groovy.ast.ClassCodeVisitorSupport.visitConstructorOrMethod(ClassCodeVisitorSupport.java:115)
	at org.codehaus.groovy.classgen.AsmClassGenerator.visitStdMethod(AsmClassGenerator.java:430)
	at org.codehaus.groovy.classgen.AsmClassGenerator.visitConstructorOrMethod(AsmClassGenerator.java:387)
	at org.codehaus.groovy.ast.ClassCodeVisitorSupport.visitMethod(ClassCodeVisitorSupport.java:126)
	at org.codehaus.groovy.classgen.AsmClassGenerator.visitMethod(AsmClassGenerator.java:507)
	at org.codehaus.groovy.ast.ClassNode.visitContents(ClassNode.java:1078)
	at org.codehaus.groovy.ast.ClassCodeVisitorSupport.visitClass(ClassCodeVisitorSupport.java:53)
	at org.codehaus.groovy.classgen.AsmClassGenerator.visitClass(AsmClassGenerator.java:233)
	at org.codehaus.groovy.control.CompilationUnit$16.call(CompilationUnit.java:813)
	at org.codehaus.groovy.control.CompilationUnit.applyToPrimaryClassNodes(CompilationUnit.java:1053)
	... 36 more

1 error

	at com.kms.katalon.core.main.ScriptEngine.getScript(ScriptEngine.java:199)
	at com.kms.katalon.core.main.ScriptEngine.run(ScriptEngine.java:194)
	at com.kms.katalon.core.main.ScriptEngine.runScriptAsRawText(ScriptEngine.java:119)
	at com.kms.katalon.core.main.TestCaseExecutor.runScript(TestCaseExecutor.java:328)
	at com.kms.katalon.core.main.TestCaseExecutor.doExecute(TestCaseExecutor.java:319)
	at com.kms.katalon.core.main.TestCaseExecutor.processExecutionPhase(TestCaseExecutor.java:298)
	at com.kms.katalon.core.main.TestCaseExecutor.accessMainPhase(TestCaseExecutor.java:290)
	at com.kms.katalon.core.main.TestCaseExecutor.execute(TestCaseExecutor.java:224)
	at com.kms.katalon.core.main.TestSuiteExecutor.accessTestCaseMainPhase(TestSuiteExecutor.java:129)
	at com.kms.katalon.core.main.TestSuiteExecutor.accessTestSuiteMainPhase(TestSuiteExecutor.java:112)
	at com.kms.katalon.core.main.TestSuiteExecutor.execute(TestSuiteExecutor.java:81)
	at com.kms.katalon.core.main.TestCaseMain.startTestSuite(TestCaseMain.java:149)
	at com.kms.katalon.core.main.TestCaseMain$startTestSuite$0.call(Unknown Source)
	at TempTestSuite1551230042727.run(TempTestSuite1551230042727.groovy:36)]]></system-out>
         <system-err><![CDATA[2019-02-26 21:14:25 - [TEST_CASE][ERROR] - Test Cases/Editar datos bancarios: Test Cases/Editar datos bancarios FAILED.
Reason:
org.codehaus.groovy.control.MultipleCompilationErrorsException: startup failed:
General error during class generation: java.lang.NoClassDefFoundError: Unable to load class AutomatedUpdateExample due to missing dependency TestLinkAPIException

java.lang.RuntimeException: java.lang.NoClassDefFoundError: Unable to load class AutomatedUpdateExample due to missing dependency TestLinkAPIException
	at org.codehaus.groovy.control.CompilationUnit.convertUncaughtExceptionToCompilationError(CompilationUnit.java:1089)
	at org.codehaus.groovy.control.CompilationUnit.applyToPrimaryClassNodes(CompilationUnit.java:1067)
	at org.codehaus.groovy.control.CompilationUnit.doPhaseOperation(CompilationUnit.java:591)
	at org.codehaus.groovy.control.CompilationUnit.processPhaseOperations(CompilationUnit.java:569)
	at org.codehaus.groovy.control.CompilationUnit.compile(CompilationUnit.java:546)
	at groovy.lang.GroovyClassLoader.doParseClass(GroovyClassLoader.java:298)
	at groovy.lang.GroovyClassLoader.parseClass(GroovyClassLoader.java:268)
	at com.kms.katalon.core.main.ScriptEngine.getScript(ScriptEngine.java:199)
	at com.kms.katalon.core.main.ScriptEngine.run(ScriptEngine.java:194)
	at com.kms.katalon.core.main.ScriptEngine.runScriptAsRawText(ScriptEngine.java:119)
	at com.kms.katalon.core.main.TestCaseExecutor.runScript(TestCaseExecutor.java:328)
	at com.kms.katalon.core.main.TestCaseExecutor.doExecute(TestCaseExecutor.java:319)
	at com.kms.katalon.core.main.TestCaseExecutor.processExecutionPhase(TestCaseExecutor.java:298)
	at com.kms.katalon.core.main.TestCaseExecutor.accessMainPhase(TestCaseExecutor.java:290)
	at com.kms.katalon.core.main.TestCaseExecutor.execute(TestCaseExecutor.java:224)
	at com.kms.katalon.core.main.TestSuiteExecutor.accessTestCaseMainPhase(TestSuiteExecutor.java:129)
	at com.kms.katalon.core.main.TestSuiteExecutor.accessTestSuiteMainPhase(TestSuiteExecutor.java:112)
	at com.kms.katalon.core.main.TestSuiteExecutor.execute(TestSuiteExecutor.java:81)
	at com.kms.katalon.core.main.TestCaseMain.startTestSuite(TestCaseMain.java:149)
	at com.kms.katalon.core.main.TestCaseMain$startTestSuite$0.call(Unknown Source)
	at org.codehaus.groovy.runtime.callsite.CallSiteArray.defaultCall(CallSiteArray.java:48)
	at org.codehaus.groovy.runtime.callsite.AbstractCallSite.call(AbstractCallSite.java:113)
	at org.codehaus.groovy.runtime.callsite.AbstractCallSite.call(AbstractCallSite.java:141)
	at TempTestSuite1551230042727.run(TempTestSuite1551230042727.groovy:36)
	at groovy.lang.GroovyShell.runScriptOrMainOrTestOrRunnable(GroovyShell.java:263)
	at groovy.lang.GroovyShell.run(GroovyShell.java:518)
	at groovy.lang.GroovyShell.run(GroovyShell.java:507)
	at groovy.ui.GroovyMain.processOnce(GroovyMain.java:653)
	at groovy.ui.GroovyMain.run(GroovyMain.java:384)
	at groovy.ui.GroovyMain.process(GroovyMain.java:370)
	at groovy.ui.GroovyMain.processArgs(GroovyMain.java:129)
	at groovy.ui.GroovyMain.main(GroovyMain.java:109)
	at sun.reflect.NativeMethodAccessorImpl.invoke0(Native Method)
	at sun.reflect.NativeMethodAccessorImpl.invoke(NativeMethodAccessorImpl.java:62)
	at sun.reflect.DelegatingMethodAccessorImpl.invoke(DelegatingMethodAccessorImpl.java:43)
	at java.lang.reflect.Method.invoke(Method.java:498)
	at org.codehaus.groovy.tools.GroovyStarter.rootLoader(GroovyStarter.java:109)
	at org.codehaus.groovy.tools.GroovyStarter.main(GroovyStarter.java:131)
Caused by: java.lang.NoClassDefFoundError: Unable to load class AutomatedUpdateExample due to missing dependency TestLinkAPIException
	at org.codehaus.groovy.vmplugin.v5.Java5.configureClassNode(Java5.java:392)
	at org.codehaus.groovy.ast.ClassNode.lazyClassInit(ClassNode.java:277)
	at org.codehaus.groovy.ast.ClassNode.getUnresolvedSuperClass(ClassNode.java:1006)
	at org.codehaus.groovy.ast.ClassNode.getUnresolvedSuperClass(ClassNode.java:1001)
	at org.codehaus.groovy.ast.ClassNode.getSuperClass(ClassNode.java:995)
	at org.codehaus.groovy.ast.ClassNode.isDerivedFrom(ClassNode.java:938)
	at org.codehaus.groovy.classgen.asm.InvocationWriter.castToNonPrimitiveIfNecessary(InvocationWriter.java:858)
	at org.codehaus.groovy.classgen.asm.OperandStack.doConvertAndCast(OperandStack.java:345)
	at org.codehaus.groovy.classgen.asm.OperandStack.doGroovyCast(OperandStack.java:282)
	at org.codehaus.groovy.classgen.asm.BinaryExpressionHelper.evaluateEqual(BinaryExpressionHelper.java:344)
	at org.codehaus.groovy.classgen.AsmClassGenerator.visitDeclarationExpression(AsmClassGenerator.java:633)
	at org.codehaus.groovy.ast.expr.DeclarationExpression.visit(DeclarationExpression.java:89)
	at org.codehaus.groovy.classgen.asm.StatementWriter.writeExpressionStatement(StatementWriter.java:612)
	at org.codehaus.groovy.classgen.asm.OptimizingStatementWriter.writeExpressionStatement(OptimizingStatementWriter.java:357)
	at org.codehaus.groovy.classgen.AsmClassGenerator.visitExpressionStatement(AsmClassGenerator.java:620)
	at org.codehaus.groovy.ast.stmt.ExpressionStatement.visit(ExpressionStatement.java:42)
	at org.codehaus.groovy.classgen.asm.StatementWriter.writeBlockStatement(StatementWriter.java:84)
	at org.codehaus.groovy.classgen.asm.OptimizingStatementWriter.writeBlockStatement(OptimizingStatementWriter.java:158)
	at org.codehaus.groovy.classgen.AsmClassGenerator.visitBlockStatement(AsmClassGenerator.java:566)
	at org.codehaus.groovy.ast.stmt.BlockStatement.visit(BlockStatement.java:71)
	at org.codehaus.groovy.ast.ClassCodeVisitorSupport.visitClassCodeContainer(ClassCodeVisitorSupport.java:104)
	at org.codehaus.groovy.ast.ClassCodeVisitorSupport.visitConstructorOrMethod(ClassCodeVisitorSupport.java:115)
	at org.codehaus.groovy.classgen.AsmClassGenerator.visitStdMethod(AsmClassGenerator.java:430)
	at org.codehaus.groovy.classgen.AsmClassGenerator.visitConstructorOrMethod(AsmClassGenerator.java:387)
	at org.codehaus.groovy.ast.ClassCodeVisitorSupport.visitMethod(ClassCodeVisitorSupport.java:126)
	at org.codehaus.groovy.classgen.AsmClassGenerator.visitMethod(AsmClassGenerator.java:507)
	at org.codehaus.groovy.ast.ClassNode.visitContents(ClassNode.java:1078)
	at org.codehaus.groovy.ast.ClassCodeVisitorSupport.visitClass(ClassCodeVisitorSupport.java:53)
	at org.codehaus.groovy.classgen.AsmClassGenerator.visitClass(AsmClassGenerator.java:233)
	at org.codehaus.groovy.control.CompilationUnit$16.call(CompilationUnit.java:813)
	at org.codehaus.groovy.control.CompilationUnit.applyToPrimaryClassNodes(CompilationUnit.java:1053)
	... 36 more

1 error

	at com.kms.katalon.core.main.ScriptEngine.getScript(ScriptEngine.java:199)
	at com.kms.katalon.core.main.ScriptEngine.run(ScriptEngine.java:194)
	at com.kms.katalon.core.main.ScriptEngine.runScriptAsRawText(ScriptEngine.java:119)
	at com.kms.katalon.core.main.TestCaseExecutor.runScript(TestCaseExecutor.java:328)
	at com.kms.katalon.core.main.TestCaseExecutor.doExecute(TestCaseExecutor.java:319)
	at com.kms.katalon.core.main.TestCaseExecutor.processExecutionPhase(TestCaseExecutor.java:298)
	at com.kms.katalon.core.main.TestCaseExecutor.accessMainPhase(TestCaseExecutor.java:290)
	at com.kms.katalon.core.main.TestCaseExecutor.execute(TestCaseExecutor.java:224)
	at com.kms.katalon.core.main.TestSuiteExecutor.accessTestCaseMainPhase(TestSuiteExecutor.java:129)
	at com.kms.katalon.core.main.TestSuiteExecutor.accessTestSuiteMainPhase(TestSuiteExecutor.java:112)
	at com.kms.katalon.core.main.TestSuiteExecutor.execute(TestSuiteExecutor.java:81)
	at com.kms.katalon.core.main.TestCaseMain.startTestSuite(TestCaseMain.java:149)
	at com.kms.katalon.core.main.TestCaseMain$startTestSuite$0.call(Unknown Source)
	at TempTestSuite1551230042727.run(TempTestSuite1551230042727.groovy:36)]]></system-err>
      </testcase>
      <system-out><![CDATA[2019-02-26 21:14:15 - [TEST_SUITE][ERROR] - Suite de Pruebas: Test Cases/Editar datos bancarios FAILED.
Reason:
org.codehaus.groovy.control.MultipleCompilationErrorsException: startup failed:
General error during class generation: java.lang.NoClassDefFoundError: Unable to load class AutomatedUpdateExample due to missing dependency TestLinkAPIException

java.lang.RuntimeException: java.lang.NoClassDefFoundError: Unable to load class AutomatedUpdateExample due to missing dependency TestLinkAPIException
	at org.codehaus.groovy.control.CompilationUnit.convertUncaughtExceptionToCompilationError(CompilationUnit.java:1089)
	at org.codehaus.groovy.control.CompilationUnit.applyToPrimaryClassNodes(CompilationUnit.java:1067)
	at org.codehaus.groovy.control.CompilationUnit.doPhaseOperation(CompilationUnit.java:591)
	at org.codehaus.groovy.control.CompilationUnit.processPhaseOperations(CompilationUnit.java:569)
	at org.codehaus.groovy.control.CompilationUnit.compile(CompilationUnit.java:546)
	at groovy.lang.GroovyClassLoader.doParseClass(GroovyClassLoader.java:298)
	at groovy.lang.GroovyClassLoader.parseClass(GroovyClassLoader.java:268)
	at com.kms.katalon.core.main.ScriptEngine.getScript(ScriptEngine.java:199)
	at com.kms.katalon.core.main.ScriptEngine.run(ScriptEngine.java:194)
	at com.kms.katalon.core.main.ScriptEngine.runScriptAsRawText(ScriptEngine.java:119)
	at com.kms.katalon.core.main.TestCaseExecutor.runScript(TestCaseExecutor.java:328)
	at com.kms.katalon.core.main.TestCaseExecutor.doExecute(TestCaseExecutor.java:319)
	at com.kms.katalon.core.main.TestCaseExecutor.processExecutionPhase(TestCaseExecutor.java:298)
	at com.kms.katalon.core.main.TestCaseExecutor.accessMainPhase(TestCaseExecutor.java:290)
	at com.kms.katalon.core.main.TestCaseExecutor.execute(TestCaseExecutor.java:224)
	at com.kms.katalon.core.main.TestSuiteExecutor.accessTestCaseMainPhase(TestSuiteExecutor.java:129)
	at com.kms.katalon.core.main.TestSuiteExecutor.accessTestSuiteMainPhase(TestSuiteExecutor.java:112)
	at com.kms.katalon.core.main.TestSuiteExecutor.execute(TestSuiteExecutor.java:81)
	at com.kms.katalon.core.main.TestCaseMain.startTestSuite(TestCaseMain.java:149)
	at com.kms.katalon.core.main.TestCaseMain$startTestSuite$0.call(Unknown Source)
	at org.codehaus.groovy.runtime.callsite.CallSiteArray.defaultCall(CallSiteArray.java:48)
	at org.codehaus.groovy.runtime.callsite.AbstractCallSite.call(AbstractCallSite.java:113)
	at org.codehaus.groovy.runtime.callsite.AbstractCallSite.call(AbstractCallSite.java:141)
	at TempTestSuite1551230042727.run(TempTestSuite1551230042727.groovy:36)
	at groovy.lang.GroovyShell.runScriptOrMainOrTestOrRunnable(GroovyShell.java:263)
	at groovy.lang.GroovyShell.run(GroovyShell.java:518)
	at groovy.lang.GroovyShell.run(GroovyShell.java:507)
	at groovy.ui.GroovyMain.processOnce(GroovyMain.java:653)
	at groovy.ui.GroovyMain.run(GroovyMain.java:384)
	at groovy.ui.GroovyMain.process(GroovyMain.java:370)
	at groovy.ui.GroovyMain.processArgs(GroovyMain.java:129)
	at groovy.ui.GroovyMain.main(GroovyMain.java:109)
	at sun.reflect.NativeMethodAccessorImpl.invoke0(Native Method)
	at sun.reflect.NativeMethodAccessorImpl.invoke(NativeMethodAccessorImpl.java:62)
	at sun.reflect.DelegatingMethodAccessorImpl.invoke(DelegatingMethodAccessorImpl.java:43)
	at java.lang.reflect.Method.invoke(Method.java:498)
	at org.codehaus.groovy.tools.GroovyStarter.rootLoader(GroovyStarter.java:109)
	at org.codehaus.groovy.tools.GroovyStarter.main(GroovyStarter.java:131)
Caused by: java.lang.NoClassDefFoundError: Unable to load class AutomatedUpdateExample due to missing dependency TestLinkAPIException
	at org.codehaus.groovy.vmplugin.v5.Java5.configureClassNode(Java5.java:392)
	at org.codehaus.groovy.ast.ClassNode.lazyClassInit(ClassNode.java:277)
	at org.codehaus.groovy.ast.ClassNode.getUnresolvedSuperClass(ClassNode.java:1006)
	at org.codehaus.groovy.ast.ClassNode.getUnresolvedSuperClass(ClassNode.java:1001)
	at org.codehaus.groovy.ast.ClassNode.getSuperClass(ClassNode.java:995)
	at org.codehaus.groovy.ast.ClassNode.isDerivedFrom(ClassNode.java:938)
	at org.codehaus.groovy.classgen.asm.InvocationWriter.castToNonPrimitiveIfNecessary(InvocationWriter.java:858)
	at org.codehaus.groovy.classgen.asm.OperandStack.doConvertAndCast(OperandStack.java:345)
	at org.codehaus.groovy.classgen.asm.OperandStack.doGroovyCast(OperandStack.java:282)
	at org.codehaus.groovy.classgen.asm.BinaryExpressionHelper.evaluateEqual(BinaryExpressionHelper.java:344)
	at org.codehaus.groovy.classgen.AsmClassGenerator.visitDeclarationExpression(AsmClassGenerator.java:633)
	at org.codehaus.groovy.ast.expr.DeclarationExpression.visit(DeclarationExpression.java:89)
	at org.codehaus.groovy.classgen.asm.StatementWriter.writeExpressionStatement(StatementWriter.java:612)
	at org.codehaus.groovy.classgen.asm.OptimizingStatementWriter.writeExpressionStatement(OptimizingStatementWriter.java:357)
	at org.codehaus.groovy.classgen.AsmClassGenerator.visitExpressionStatement(AsmClassGenerator.java:620)
	at org.codehaus.groovy.ast.stmt.ExpressionStatement.visit(ExpressionStatement.java:42)
	at org.codehaus.groovy.classgen.asm.StatementWriter.writeBlockStatement(StatementWriter.java:84)
	at org.codehaus.groovy.classgen.asm.OptimizingStatementWriter.writeBlockStatement(OptimizingStatementWriter.java:158)
	at org.codehaus.groovy.classgen.AsmClassGenerator.visitBlockStatement(AsmClassGenerator.java:566)
	at org.codehaus.groovy.ast.stmt.BlockStatement.visit(BlockStatement.java:71)
	at org.codehaus.groovy.ast.ClassCodeVisitorSupport.visitClassCodeContainer(ClassCodeVisitorSupport.java:104)
	at org.codehaus.groovy.ast.ClassCodeVisitorSupport.visitConstructorOrMethod(ClassCodeVisitorSupport.java:115)
	at org.codehaus.groovy.classgen.AsmClassGenerator.visitStdMethod(AsmClassGenerator.java:430)
	at org.codehaus.groovy.classgen.AsmClassGenerator.visitConstructorOrMethod(AsmClassGenerator.java:387)
	at org.codehaus.groovy.ast.ClassCodeVisitorSupport.visitMethod(ClassCodeVisitorSupport.java:126)
	at org.codehaus.groovy.classgen.AsmClassGenerator.visitMethod(AsmClassGenerator.java:507)
	at org.codehaus.groovy.ast.ClassNode.visitContents(ClassNode.java:1078)
	at org.codehaus.groovy.ast.ClassCodeVisitorSupport.visitClass(ClassCodeVisitorSupport.java:53)
	at org.codehaus.groovy.classgen.AsmClassGenerator.visitClass(AsmClassGenerator.java:233)
	at org.codehaus.groovy.control.CompilationUnit$16.call(CompilationUnit.java:813)
	at org.codehaus.groovy.control.CompilationUnit.applyToPrimaryClassNodes(CompilationUnit.java:1053)
	... 36 more

1 error

	at com.kms.katalon.core.main.ScriptEngine.getScript(ScriptEngine.java:199)
	at com.kms.katalon.core.main.ScriptEngine.run(ScriptEngine.java:194)
	at com.kms.katalon.core.main.ScriptEngine.runScriptAsRawText(ScriptEngine.java:119)
	at com.kms.katalon.core.main.TestCaseExecutor.runScript(TestCaseExecutor.java:328)
	at com.kms.katalon.core.main.TestCaseExecutor.doExecute(TestCaseExecutor.java:319)
	at com.kms.katalon.core.main.TestCaseExecutor.processExecutionPhase(TestCaseExecutor.java:298)
	at com.kms.katalon.core.main.TestCaseExecutor.accessMainPhase(TestCaseExecutor.java:290)
	at com.kms.katalon.core.main.TestCaseExecutor.execute(TestCaseExecutor.java:224)
	at com.kms.katalon.core.main.TestSuiteExecutor.accessTestCaseMainPhase(TestSuiteExecutor.java:129)
	at com.kms.katalon.core.main.TestSuiteExecutor.accessTestSuiteMainPhase(TestSuiteExecutor.java:112)
	at com.kms.katalon.core.main.TestSuiteExecutor.execute(TestSuiteExecutor.java:81)
	at com.kms.katalon.core.main.TestCaseMain.startTestSuite(TestCaseMain.java:149)
	at com.kms.katalon.core.main.TestCaseMain$startTestSuite$0.call(Unknown Source)
	at TempTestSuite1551230042727.run(TempTestSuite1551230042727.groovy:36)]]></system-out>
      <system-err><![CDATA[2019-02-26 21:14:15 - [TEST_SUITE][ERROR] - Suite de Pruebas: Test Cases/Editar datos bancarios FAILED.
Reason:
org.codehaus.groovy.control.MultipleCompilationErrorsException: startup failed:
General error during class generation: java.lang.NoClassDefFoundError: Unable to load class AutomatedUpdateExample due to missing dependency TestLinkAPIException

java.lang.RuntimeException: java.lang.NoClassDefFoundError: Unable to load class AutomatedUpdateExample due to missing dependency TestLinkAPIException
	at org.codehaus.groovy.control.CompilationUnit.convertUncaughtExceptionToCompilationError(CompilationUnit.java:1089)
	at org.codehaus.groovy.control.CompilationUnit.applyToPrimaryClassNodes(CompilationUnit.java:1067)
	at org.codehaus.groovy.control.CompilationUnit.doPhaseOperation(CompilationUnit.java:591)
	at org.codehaus.groovy.control.CompilationUnit.processPhaseOperations(CompilationUnit.java:569)
	at org.codehaus.groovy.control.CompilationUnit.compile(CompilationUnit.java:546)
	at groovy.lang.GroovyClassLoader.doParseClass(GroovyClassLoader.java:298)
	at groovy.lang.GroovyClassLoader.parseClass(GroovyClassLoader.java:268)
	at com.kms.katalon.core.main.ScriptEngine.getScript(ScriptEngine.java:199)
	at com.kms.katalon.core.main.ScriptEngine.run(ScriptEngine.java:194)
	at com.kms.katalon.core.main.ScriptEngine.runScriptAsRawText(ScriptEngine.java:119)
	at com.kms.katalon.core.main.TestCaseExecutor.runScript(TestCaseExecutor.java:328)
	at com.kms.katalon.core.main.TestCaseExecutor.doExecute(TestCaseExecutor.java:319)
	at com.kms.katalon.core.main.TestCaseExecutor.processExecutionPhase(TestCaseExecutor.java:298)
	at com.kms.katalon.core.main.TestCaseExecutor.accessMainPhase(TestCaseExecutor.java:290)
	at com.kms.katalon.core.main.TestCaseExecutor.execute(TestCaseExecutor.java:224)
	at com.kms.katalon.core.main.TestSuiteExecutor.accessTestCaseMainPhase(TestSuiteExecutor.java:129)
	at com.kms.katalon.core.main.TestSuiteExecutor.accessTestSuiteMainPhase(TestSuiteExecutor.java:112)
	at com.kms.katalon.core.main.TestSuiteExecutor.execute(TestSuiteExecutor.java:81)
	at com.kms.katalon.core.main.TestCaseMain.startTestSuite(TestCaseMain.java:149)
	at com.kms.katalon.core.main.TestCaseMain$startTestSuite$0.call(Unknown Source)
	at org.codehaus.groovy.runtime.callsite.CallSiteArray.defaultCall(CallSiteArray.java:48)
	at org.codehaus.groovy.runtime.callsite.AbstractCallSite.call(AbstractCallSite.java:113)
	at org.codehaus.groovy.runtime.callsite.AbstractCallSite.call(AbstractCallSite.java:141)
	at TempTestSuite1551230042727.run(TempTestSuite1551230042727.groovy:36)
	at groovy.lang.GroovyShell.runScriptOrMainOrTestOrRunnable(GroovyShell.java:263)
	at groovy.lang.GroovyShell.run(GroovyShell.java:518)
	at groovy.lang.GroovyShell.run(GroovyShell.java:507)
	at groovy.ui.GroovyMain.processOnce(GroovyMain.java:653)
	at groovy.ui.GroovyMain.run(GroovyMain.java:384)
	at groovy.ui.GroovyMain.process(GroovyMain.java:370)
	at groovy.ui.GroovyMain.processArgs(GroovyMain.java:129)
	at groovy.ui.GroovyMain.main(GroovyMain.java:109)
	at sun.reflect.NativeMethodAccessorImpl.invoke0(Native Method)
	at sun.reflect.NativeMethodAccessorImpl.invoke(NativeMethodAccessorImpl.java:62)
	at sun.reflect.DelegatingMethodAccessorImpl.invoke(DelegatingMethodAccessorImpl.java:43)
	at java.lang.reflect.Method.invoke(Method.java:498)
	at org.codehaus.groovy.tools.GroovyStarter.rootLoader(GroovyStarter.java:109)
	at org.codehaus.groovy.tools.GroovyStarter.main(GroovyStarter.java:131)
Caused by: java.lang.NoClassDefFoundError: Unable to load class AutomatedUpdateExample due to missing dependency TestLinkAPIException
	at org.codehaus.groovy.vmplugin.v5.Java5.configureClassNode(Java5.java:392)
	at org.codehaus.groovy.ast.ClassNode.lazyClassInit(ClassNode.java:277)
	at org.codehaus.groovy.ast.ClassNode.getUnresolvedSuperClass(ClassNode.java:1006)
	at org.codehaus.groovy.ast.ClassNode.getUnresolvedSuperClass(ClassNode.java:1001)
	at org.codehaus.groovy.ast.ClassNode.getSuperClass(ClassNode.java:995)
	at org.codehaus.groovy.ast.ClassNode.isDerivedFrom(ClassNode.java:938)
	at org.codehaus.groovy.classgen.asm.InvocationWriter.castToNonPrimitiveIfNecessary(InvocationWriter.java:858)
	at org.codehaus.groovy.classgen.asm.OperandStack.doConvertAndCast(OperandStack.java:345)
	at org.codehaus.groovy.classgen.asm.OperandStack.doGroovyCast(OperandStack.java:282)
	at org.codehaus.groovy.classgen.asm.BinaryExpressionHelper.evaluateEqual(BinaryExpressionHelper.java:344)
	at org.codehaus.groovy.classgen.AsmClassGenerator.visitDeclarationExpression(AsmClassGenerator.java:633)
	at org.codehaus.groovy.ast.expr.DeclarationExpression.visit(DeclarationExpression.java:89)
	at org.codehaus.groovy.classgen.asm.StatementWriter.writeExpressionStatement(StatementWriter.java:612)
	at org.codehaus.groovy.classgen.asm.OptimizingStatementWriter.writeExpressionStatement(OptimizingStatementWriter.java:357)
	at org.codehaus.groovy.classgen.AsmClassGenerator.visitExpressionStatement(AsmClassGenerator.java:620)
	at org.codehaus.groovy.ast.stmt.ExpressionStatement.visit(ExpressionStatement.java:42)
	at org.codehaus.groovy.classgen.asm.StatementWriter.writeBlockStatement(StatementWriter.java:84)
	at org.codehaus.groovy.classgen.asm.OptimizingStatementWriter.writeBlockStatement(OptimizingStatementWriter.java:158)
	at org.codehaus.groovy.classgen.AsmClassGenerator.visitBlockStatement(AsmClassGenerator.java:566)
	at org.codehaus.groovy.ast.stmt.BlockStatement.visit(BlockStatement.java:71)
	at org.codehaus.groovy.ast.ClassCodeVisitorSupport.visitClassCodeContainer(ClassCodeVisitorSupport.java:104)
	at org.codehaus.groovy.ast.ClassCodeVisitorSupport.visitConstructorOrMethod(ClassCodeVisitorSupport.java:115)
	at org.codehaus.groovy.classgen.AsmClassGenerator.visitStdMethod(AsmClassGenerator.java:430)
	at org.codehaus.groovy.classgen.AsmClassGenerator.visitConstructorOrMethod(AsmClassGenerator.java:387)
	at org.codehaus.groovy.ast.ClassCodeVisitorSupport.visitMethod(ClassCodeVisitorSupport.java:126)
	at org.codehaus.groovy.classgen.AsmClassGenerator.visitMethod(AsmClassGenerator.java:507)
	at org.codehaus.groovy.ast.ClassNode.visitContents(ClassNode.java:1078)
	at org.codehaus.groovy.ast.ClassCodeVisitorSupport.visitClass(ClassCodeVisitorSupport.java:53)
	at org.codehaus.groovy.classgen.AsmClassGenerator.visitClass(AsmClassGenerator.java:233)
	at org.codehaus.groovy.control.CompilationUnit$16.call(CompilationUnit.java:813)
	at org.codehaus.groovy.control.CompilationUnit.applyToPrimaryClassNodes(CompilationUnit.java:1053)
	... 36 more

1 error

	at com.kms.katalon.core.main.ScriptEngine.getScript(ScriptEngine.java:199)
	at com.kms.katalon.core.main.ScriptEngine.run(ScriptEngine.java:194)
	at com.kms.katalon.core.main.ScriptEngine.runScriptAsRawText(ScriptEngine.java:119)
	at com.kms.katalon.core.main.TestCaseExecutor.runScript(TestCaseExecutor.java:328)
	at com.kms.katalon.core.main.TestCaseExecutor.doExecute(TestCaseExecutor.java:319)
	at com.kms.katalon.core.main.TestCaseExecutor.processExecutionPhase(TestCaseExecutor.java:298)
	at com.kms.katalon.core.main.TestCaseExecutor.accessMainPhase(TestCaseExecutor.java:290)
	at com.kms.katalon.core.main.TestCaseExecutor.execute(TestCaseExecutor.java:224)
	at com.kms.katalon.core.main.TestSuiteExecutor.accessTestCaseMainPhase(TestSuiteExecutor.java:129)
	at com.kms.katalon.core.main.TestSuiteExecutor.accessTestSuiteMainPhase(TestSuiteExecutor.java:112)
	at com.kms.katalon.core.main.TestSuiteExecutor.execute(TestSuiteExecutor.java:81)
	at com.kms.katalon.core.main.TestCaseMain.startTestSuite(TestCaseMain.java:149)
	at com.kms.katalon.core.main.TestCaseMain$startTestSuite$0.call(Unknown Source)
	at TempTestSuite1551230042727.run(TempTestSuite1551230042727.groovy:36)]]></system-err>
   </testsuite>
</testsuites>
